[0.118s] DEBUG:colcon:Command line arguments: ['/usr/bin/colcon', 'build']
[0.118s] DEBUG:colcon:Parsed command line arguments: Namespace(log_base=None, log_level=None, verb_name='build', build_base='build', install_base='install', merge_install=False, symlink_install=False, test_result_base=None, continue_on_error=False, executor='parallel', parallel_workers=4, event_handlers=None, ignore_user_meta=False, metas=['./colcon.meta'], base_paths=['.'], packages_ignore=None, packages_ignore_regex=None, paths=None, packages_up_to=None, packages_up_to_regex=None, packages_above=None, packages_above_and_dependencies=None, packages_above_depth=None, packages_select_by_dep=None, packages_skip_by_dep=None, packages_skip_up_to=None, packages_select_build_failed=False, packages_skip_build_finished=False, packages_select_test_failures=False, packages_skip_test_passed=False, packages_select=None, packages_skip=None, packages_select_regex=None, packages_skip_regex=None, packages_start=None, packages_end=None, allow_overriding=[], cmake_args=None, cmake_target=None, cmake_target_skip_unavailable=False, cmake_clean_cache=False, cmake_clean_first=False, cmake_force_configure=False, ament_cmake_args=None, catkin_cmake_args=None, catkin_skip_building_tests=False, mixin_files=None, mixin=None, verb_parser=<colcon_mixin.mixin.mixin_argument.MixinArgumentDecorator object at 0x7629fb083cb0>, verb_extension=<colcon_core.verb.build.BuildVerb object at 0x7629fb1d45c0>, main=<bound method BuildVerb.main of <colcon_core.verb.build.BuildVerb object at 0x7629fb1d45c0>>, mixin_verb=('build',))
[0.155s] Level 1:colcon.colcon_core.package_discovery:discover_packages(colcon_meta) check parameters
[0.156s] Level 1:colcon.colcon_core.package_discovery:discover_packages(recursive) check parameters
[0.156s] Level 1:colcon.colcon_core.package_discovery:discover_packages(ignore) check parameters
[0.156s] Level 1:colcon.colcon_core.package_discovery:discover_packages(path) check parameters
[0.156s] Level 1:colcon.colcon_core.package_discovery:discover_packages(colcon_meta) discover
[0.156s] Level 1:colcon.colcon_core.package_discovery:discover_packages(recursive) discover
[0.156s] INFO:colcon.colcon_core.package_discovery:Crawling recursively for packages in '/home/ubuntu/ros2_ws/src/MiniProsjekt'
[0.156s] Level 1:colcon.colcon_core.package_identification:_identify(.) by extensions ['ignore', 'ignore_ament_install']
[0.156s] Level 1:colcon.colcon_core.package_identification:_identify(.) by extension 'ignore'
[0.156s] Level 1:colcon.colcon_core.package_identification:_identify(.) by extension 'ignore_ament_install'
[0.156s] Level 1:colcon.colcon_core.package_identification:_identify(.) by extensions ['colcon_pkg']
[0.156s] Level 1:colcon.colcon_core.package_identification:_identify(.) by extension 'colcon_pkg'
[0.156s] Level 1:colcon.colcon_core.package_identification:_identify(.) by extensions ['colcon_meta']
[0.156s] Level 1:colcon.colcon_core.package_identification:_identify(.) by extension 'colcon_meta'
[0.156s] Level 1:colcon.colcon_core.package_identification:_identify(.) by extensions ['ros']
[0.156s] Level 1:colcon.colcon_core.package_identification:_identify(.) by extension 'ros'
[0.182s] Level 1:colcon.colcon_core.package_identification:_identify(.) by extensions ['cmake', 'python']
[0.182s] Level 1:colcon.colcon_core.package_identification:_identify(.) by extension 'cmake'
[0.182s] Level 1:colcon.colcon_core.package_identification:_identify(.) by extension 'python'
[0.182s] Level 1:colcon.colcon_core.package_identification:_identify(.) by extensions ['python_setup_py']
[0.182s] Level 1:colcon.colcon_core.package_identification:_identify(.) by extension 'python_setup_py'
[0.182s] Level 1:colcon.colcon_core.package_identification:_identify(build) by extensions ['ignore', 'ignore_ament_install']
[0.182s] Level 1:colcon.colcon_core.package_identification:_identify(build) by extension 'ignore'
[0.182s] Level 1:colcon.colcon_core.package_identification:_identify(build) ignored
[0.182s] Level 1:colcon.colcon_core.package_identification:_identify(install) by extensions ['ignore', 'ignore_ament_install']
[0.183s] Level 1:colcon.colcon_core.package_identification:_identify(install) by extension 'ignore'
[0.183s] Level 1:colcon.colcon_core.package_identification:_identify(install) ignored
[0.183s] Level 1:colcon.colcon_core.package_identification:_identify(log) by extensions ['ignore', 'ignore_ament_install']
[0.183s] Level 1:colcon.colcon_core.package_identification:_identify(log) by extension 'ignore'
[0.183s] Level 1:colcon.colcon_core.package_identification:_identify(log) ignored
[0.183s] Level 1:colcon.colcon_core.package_identification:_identify(qube_bringup) by extensions ['ignore', 'ignore_ament_install']
[0.183s] Level 1:colcon.colcon_core.package_identification:_identify(qube_bringup) by extension 'ignore'
[0.183s] Level 1:colcon.colcon_core.package_identification:_identify(qube_bringup) by extension 'ignore_ament_install'
[0.183s] Level 1:colcon.colcon_core.package_identification:_identify(qube_bringup) by extensions ['colcon_pkg']
[0.183s] Level 1:colcon.colcon_core.package_identification:_identify(qube_bringup) by extension 'colcon_pkg'
[0.183s] Level 1:colcon.colcon_core.package_identification:_identify(qube_bringup) by extensions ['colcon_meta']
[0.183s] Level 1:colcon.colcon_core.package_identification:_identify(qube_bringup) by extension 'colcon_meta'
[0.183s] Level 1:colcon.colcon_core.package_identification:_identify(qube_bringup) by extensions ['ros']
[0.183s] Level 1:colcon.colcon_core.package_identification:_identify(qube_bringup) by extension 'ros'
[0.185s] DEBUG:colcon.colcon_core.package_identification:Package 'qube_bringup' with type 'ros.ament_python' and name 'qube_bringup'
[0.186s] Level 1:colcon.colcon_core.package_identification:_identify(qube_controller) by extensions ['ignore', 'ignore_ament_install']
[0.186s] Level 1:colcon.colcon_core.package_identification:_identify(qube_controller) by extension 'ignore'
[0.186s] Level 1:colcon.colcon_core.package_identification:_identify(qube_controller) by extension 'ignore_ament_install'
[0.186s] Level 1:colcon.colcon_core.package_identification:_identify(qube_controller) by extensions ['colcon_pkg']
[0.186s] Level 1:colcon.colcon_core.package_identification:_identify(qube_controller) by extension 'colcon_pkg'
[0.186s] Level 1:colcon.colcon_core.package_identification:_identify(qube_controller) by extensions ['colcon_meta']
[0.186s] Level 1:colcon.colcon_core.package_identification:_identify(qube_controller) by extension 'colcon_meta'
[0.186s] Level 1:colcon.colcon_core.package_identification:_identify(qube_controller) by extensions ['ros']
[0.186s] Level 1:colcon.colcon_core.package_identification:_identify(qube_controller) by extension 'ros'
[0.187s] DEBUG:colcon.colcon_core.package_identification:Package 'qube_controller' with type 'ros.ament_python' and name 'qube_controller'
[0.187s] Level 1:colcon.colcon_core.package_identification:_identify(qube_description) by extensions ['ignore', 'ignore_ament_install']
[0.187s] Level 1:colcon.colcon_core.package_identification:_identify(qube_description) by extension 'ignore'
[0.187s] Level 1:colcon.colcon_core.package_identification:_identify(qube_description) by extension 'ignore_ament_install'
[0.187s] Level 1:colcon.colcon_core.package_identification:_identify(qube_description) by extensions ['colcon_pkg']
[0.187s] Level 1:colcon.colcon_core.package_identification:_identify(qube_description) by extension 'colcon_pkg'
[0.187s] Level 1:colcon.colcon_core.package_identification:_identify(qube_description) by extensions ['colcon_meta']
[0.187s] Level 1:colcon.colcon_core.package_identification:_identify(qube_description) by extension 'colcon_meta'
[0.187s] Level 1:colcon.colcon_core.package_identification:_identify(qube_description) by extensions ['ros']
[0.187s] Level 1:colcon.colcon_core.package_identification:_identify(qube_description) by extension 'ros'
[0.187s] DEBUG:colcon.colcon_core.package_identification:Package 'qube_description' with type 'ros.ament_python' and name 'qube_description'
[0.187s] Level 1:colcon.colcon_core.package_identification:_identify(qube_driver) by extensions ['ignore', 'ignore_ament_install']
[0.187s] Level 1:colcon.colcon_core.package_identification:_identify(qube_driver) by extension 'ignore'
[0.188s] Level 1:colcon.colcon_core.package_identification:_identify(qube_driver) by extension 'ignore_ament_install'
[0.188s] Level 1:colcon.colcon_core.package_identification:_identify(qube_driver) by extensions ['colcon_pkg']
[0.188s] Level 1:colcon.colcon_core.package_identification:_identify(qube_driver) by extension 'colcon_pkg'
[0.188s] Level 1:colcon.colcon_core.package_identification:_identify(qube_driver) by extensions ['colcon_meta']
[0.188s] Level 1:colcon.colcon_core.package_identification:_identify(qube_driver) by extension 'colcon_meta'
[0.188s] Level 1:colcon.colcon_core.package_identification:_identify(qube_driver) by extensions ['ros']
[0.188s] Level 1:colcon.colcon_core.package_identification:_identify(qube_driver) by extension 'ros'
[0.188s] DEBUG:colcon.colcon_core.package_identification:Package 'qube_driver' with type 'ros.ament_cmake' and name 'qube_driver'
[0.188s] Level 1:colcon.colcon_core.package_discovery:discover_packages(recursive) using defaults
[0.188s] Level 1:colcon.colcon_core.package_discovery:discover_packages(ignore) discover
[0.188s] Level 1:colcon.colcon_core.package_discovery:discover_packages(ignore) using defaults
[0.188s] Level 1:colcon.colcon_core.package_discovery:discover_packages(path) discover
[0.188s] Level 1:colcon.colcon_core.package_discovery:discover_packages(path) using defaults
[0.206s] Level 1:colcon.colcon_core.package_discovery:discover_packages(prefix_path) check parameters
[0.206s] Level 1:colcon.colcon_core.package_discovery:discover_packages(prefix_path) discover
[0.207s] DEBUG:colcon.colcon_installed_package_information.package_discovery:Found 4 installed packages in /home/ubuntu/ros2_ws/src/MiniProsjekt/install
[0.209s] DEBUG:colcon.colcon_installed_package_information.package_discovery:Found 349 installed packages in /opt/ros/jazzy
[0.210s] Level 1:colcon.colcon_core.package_discovery:discover_packages(prefix_path) using defaults
[0.264s] Level 5:colcon.colcon_core.verb:set package 'qube_bringup' build argument 'cmake_args' from command line to 'None'
[0.264s] Level 5:colcon.colcon_core.verb:set package 'qube_bringup' build argument 'cmake_target' from command line to 'None'
[0.264s] Level 5:colcon.colcon_core.verb:set package 'qube_bringup' build argument 'cmake_target_skip_unavailable' from command line to 'False'
[0.264s] Level 5:colcon.colcon_core.verb:set package 'qube_bringup' build argument 'cmake_clean_cache' from command line to 'False'
[0.264s] Level 5:colcon.colcon_core.verb:set package 'qube_bringup' build argument 'cmake_clean_first' from command line to 'False'
[0.264s] Level 5:colcon.colcon_core.verb:set package 'qube_bringup' build argument 'cmake_force_configure' from command line to 'False'
[0.264s] Level 5:colcon.colcon_core.verb:set package 'qube_bringup' build argument 'ament_cmake_args' from command line to 'None'
[0.264s] Level 5:colcon.colcon_core.verb:set package 'qube_bringup' build argument 'catkin_cmake_args' from command line to 'None'
[0.264s] Level 5:colcon.colcon_core.verb:set package 'qube_bringup' build argument 'catkin_skip_building_tests' from command line to 'False'
[0.264s] DEBUG:colcon.colcon_core.verb:Building package 'qube_bringup' with the following arguments: {'ament_cmake_args': None, 'build_base': '/home/ubuntu/ros2_ws/src/MiniProsjekt/build/qube_bringup', 'catkin_cmake_args': None, 'catkin_skip_building_tests': False, 'cmake_args': None, 'cmake_clean_cache': False, 'cmake_clean_first': False, 'cmake_force_configure': False, 'cmake_target': None, 'cmake_target_skip_unavailable': False, 'install_base': '/home/ubuntu/ros2_ws/src/MiniProsjekt/install/qube_bringup', 'merge_install': False, 'path': '/home/ubuntu/ros2_ws/src/MiniProsjekt/qube_bringup', 'symlink_install': False, 'test_result_base': None}
[0.264s] Level 5:colcon.colcon_core.verb:set package 'qube_controller' build argument 'cmake_args' from command line to 'None'
[0.264s] Level 5:colcon.colcon_core.verb:set package 'qube_controller' build argument 'cmake_target' from command line to 'None'
[0.264s] Level 5:colcon.colcon_core.verb:set package 'qube_controller' build argument 'cmake_target_skip_unavailable' from command line to 'False'
[0.264s] Level 5:colcon.colcon_core.verb:set package 'qube_controller' build argument 'cmake_clean_cache' from command line to 'False'
[0.265s] Level 5:colcon.colcon_core.verb:set package 'qube_controller' build argument 'cmake_clean_first' from command line to 'False'
[0.265s] Level 5:colcon.colcon_core.verb:set package 'qube_controller' build argument 'cmake_force_configure' from command line to 'False'
[0.265s] Level 5:colcon.colcon_core.verb:set package 'qube_controller' build argument 'ament_cmake_args' from command line to 'None'
[0.265s] Level 5:colcon.colcon_core.verb:set package 'qube_controller' build argument 'catkin_cmake_args' from command line to 'None'
[0.265s] Level 5:colcon.colcon_core.verb:set package 'qube_controller' build argument 'catkin_skip_building_tests' from command line to 'False'
[0.265s] DEBUG:colcon.colcon_core.verb:Building package 'qube_controller' with the following arguments: {'ament_cmake_args': None, 'build_base': '/home/ubuntu/ros2_ws/src/MiniProsjekt/build/qube_controller', 'catkin_cmake_args': None, 'catkin_skip_building_tests': False, 'cmake_args': None, 'cmake_clean_cache': False, 'cmake_clean_first': False, 'cmake_force_configure': False, 'cmake_target': None, 'cmake_target_skip_unavailable': False, 'install_base': '/home/ubuntu/ros2_ws/src/MiniProsjekt/install/qube_controller', 'merge_install': False, 'path': '/home/ubuntu/ros2_ws/src/MiniProsjekt/qube_controller', 'symlink_install': False, 'test_result_base': None}
[0.265s] Level 5:colcon.colcon_core.verb:set package 'qube_description' build argument 'cmake_args' from command line to 'None'
[0.265s] Level 5:colcon.colcon_core.verb:set package 'qube_description' build argument 'cmake_target' from command line to 'None'
[0.265s] Level 5:colcon.colcon_core.verb:set package 'qube_description' build argument 'cmake_target_skip_unavailable' from command line to 'False'
[0.265s] Level 5:colcon.colcon_core.verb:set package 'qube_description' build argument 'cmake_clean_cache' from command line to 'False'
[0.265s] Level 5:colcon.colcon_core.verb:set package 'qube_description' build argument 'cmake_clean_first' from command line to 'False'
[0.265s] Level 5:colcon.colcon_core.verb:set package 'qube_description' build argument 'cmake_force_configure' from command line to 'False'
[0.265s] Level 5:colcon.colcon_core.verb:set package 'qube_description' build argument 'ament_cmake_args' from command line to 'None'
[0.265s] Level 5:colcon.colcon_core.verb:set package 'qube_description' build argument 'catkin_cmake_args' from command line to 'None'
[0.265s] Level 5:colcon.colcon_core.verb:set package 'qube_description' build argument 'catkin_skip_building_tests' from command line to 'False'
[0.265s] DEBUG:colcon.colcon_core.verb:Building package 'qube_description' with the following arguments: {'ament_cmake_args': None, 'build_base': '/home/ubuntu/ros2_ws/src/MiniProsjekt/build/qube_description', 'catkin_cmake_args': None, 'catkin_skip_building_tests': False, 'cmake_args': None, 'cmake_clean_cache': False, 'cmake_clean_first': False, 'cmake_force_configure': False, 'cmake_target': None, 'cmake_target_skip_unavailable': False, 'install_base': '/home/ubuntu/ros2_ws/src/MiniProsjekt/install/qube_description', 'merge_install': False, 'path': '/home/ubuntu/ros2_ws/src/MiniProsjekt/qube_description', 'symlink_install': False, 'test_result_base': None}
[0.265s] Level 5:colcon.colcon_core.verb:set package 'qube_driver' build argument 'cmake_args' from command line to 'None'
[0.265s] Level 5:colcon.colcon_core.verb:set package 'qube_driver' build argument 'cmake_target' from command line to 'None'
[0.265s] Level 5:colcon.colcon_core.verb:set package 'qube_driver' build argument 'cmake_target_skip_unavailable' from command line to 'False'
[0.265s] Level 5:colcon.colcon_core.verb:set package 'qube_driver' build argument 'cmake_clean_cache' from command line to 'False'
[0.265s] Level 5:colcon.colcon_core.verb:set package 'qube_driver' build argument 'cmake_clean_first' from command line to 'False'
[0.265s] Level 5:colcon.colcon_core.verb:set package 'qube_driver' build argument 'cmake_force_configure' from command line to 'False'
[0.266s] Level 5:colcon.colcon_core.verb:set package 'qube_driver' build argument 'ament_cmake_args' from command line to 'None'
[0.266s] Level 5:colcon.colcon_core.verb:set package 'qube_driver' build argument 'catkin_cmake_args' from command line to 'None'
[0.266s] Level 5:colcon.colcon_core.verb:set package 'qube_driver' build argument 'catkin_skip_building_tests' from command line to 'False'
[0.266s] DEBUG:colcon.colcon_core.verb:Building package 'qube_driver' with the following arguments: {'ament_cmake_args': None, 'build_base': '/home/ubuntu/ros2_ws/src/MiniProsjekt/build/qube_driver', 'catkin_cmake_args': None, 'catkin_skip_building_tests': False, 'cmake_args': None, 'cmake_clean_cache': False, 'cmake_clean_first': False, 'cmake_force_configure': False, 'cmake_target': None, 'cmake_target_skip_unavailable': False, 'install_base': '/home/ubuntu/ros2_ws/src/MiniProsjekt/install/qube_driver', 'merge_install': False, 'path': '/home/ubuntu/ros2_ws/src/MiniProsjekt/qube_driver', 'symlink_install': False, 'test_result_base': None}
[0.266s] INFO:colcon.colcon_core.executor:Executing jobs using 'parallel' executor
[0.267s] DEBUG:colcon.colcon_parallel_executor.executor.parallel:run_until_complete
[0.267s] INFO:colcon.colcon_ros.task.ament_python.build:Building ROS package in '/home/ubuntu/ros2_ws/src/MiniProsjekt/qube_bringup' with build type 'ament_python'
[0.267s] Level 1:colcon.colcon_core.shell:create_environment_hook('qube_bringup', 'ament_prefix_path')
[0.271s] INFO:colcon.colcon_core.plugin_system:Skipping extension 'colcon_core.shell.bat': Not used on non-Windows systems
[0.271s] INFO:colcon.colcon_core.shell:Creating environment hook '/home/ubuntu/ros2_ws/src/MiniProsjekt/install/qube_bringup/share/qube_bringup/hook/ament_prefix_path.ps1'
[0.272s] INFO:colcon.colcon_core.shell:Creating environment descriptor '/home/ubuntu/ros2_ws/src/MiniProsjekt/install/qube_bringup/share/qube_bringup/hook/ament_prefix_path.dsv'
[0.273s] INFO:colcon.colcon_core.shell:Creating environment hook '/home/ubuntu/ros2_ws/src/MiniProsjekt/install/qube_bringup/share/qube_bringup/hook/ament_prefix_path.sh'
[0.274s] INFO:colcon.colcon_core.shell:Skip shell extension 'powershell' for command environment: Not usable outside of PowerShell
[0.274s] DEBUG:colcon.colcon_core.shell:Skip shell extension 'dsv' for command environment
[0.281s] INFO:colcon.colcon_ros.task.ament_python.build:Building ROS package in '/home/ubuntu/ros2_ws/src/MiniProsjekt/qube_controller' with build type 'ament_python'
[0.281s] Level 1:colcon.colcon_core.shell:create_environment_hook('qube_controller', 'ament_prefix_path')
[0.282s] INFO:colcon.colcon_core.shell:Creating environment hook '/home/ubuntu/ros2_ws/src/MiniProsjekt/install/qube_controller/share/qube_controller/hook/ament_prefix_path.ps1'
[0.283s] INFO:colcon.colcon_core.shell:Creating environment descriptor '/home/ubuntu/ros2_ws/src/MiniProsjekt/install/qube_controller/share/qube_controller/hook/ament_prefix_path.dsv'
[0.284s] INFO:colcon.colcon_core.shell:Creating environment hook '/home/ubuntu/ros2_ws/src/MiniProsjekt/install/qube_controller/share/qube_controller/hook/ament_prefix_path.sh'
[0.286s] INFO:colcon.colcon_core.shell:Skip shell extension 'powershell' for command environment: Not usable outside of PowerShell
[0.286s] DEBUG:colcon.colcon_core.shell:Skip shell extension 'dsv' for command environment
[0.290s] INFO:colcon.colcon_ros.task.ament_python.build:Building ROS package in '/home/ubuntu/ros2_ws/src/MiniProsjekt/qube_description' with build type 'ament_python'
[0.290s] Level 1:colcon.colcon_core.shell:create_environment_hook('qube_description', 'ament_prefix_path')
[0.290s] INFO:colcon.colcon_core.shell:Creating environment hook '/home/ubuntu/ros2_ws/src/MiniProsjekt/install/qube_description/share/qube_description/hook/ament_prefix_path.ps1'
[0.291s] INFO:colcon.colcon_core.shell:Creating environment descriptor '/home/ubuntu/ros2_ws/src/MiniProsjekt/install/qube_description/share/qube_description/hook/ament_prefix_path.dsv'
[0.291s] INFO:colcon.colcon_core.shell:Creating environment hook '/home/ubuntu/ros2_ws/src/MiniProsjekt/install/qube_description/share/qube_description/hook/ament_prefix_path.sh'
[0.292s] INFO:colcon.colcon_core.shell:Skip shell extension 'powershell' for command environment: Not usable outside of PowerShell
[0.292s] DEBUG:colcon.colcon_core.shell:Skip shell extension 'dsv' for command environment
[0.295s] INFO:colcon.colcon_ros.task.ament_cmake.build:Building ROS package in '/home/ubuntu/ros2_ws/src/MiniProsjekt/qube_driver' with build type 'ament_cmake'
[0.295s] INFO:colcon.colcon_cmake.task.cmake.build:Building CMake package in '/home/ubuntu/ros2_ws/src/MiniProsjekt/qube_driver'
[0.295s] INFO:colcon.colcon_core.shell:Skip shell extension 'powershell' for command environment: Not usable outside of PowerShell
[0.295s] DEBUG:colcon.colcon_core.shell:Skip shell extension 'dsv' for command environment
[0.533s] INFO:colcon.colcon_core.task.python.build:Building Python package in '/home/ubuntu/ros2_ws/src/MiniProsjekt/qube_bringup'
[0.534s] INFO:colcon.colcon_core.shell:Skip shell extension 'powershell' for command environment: Not usable outside of PowerShell
[0.534s] DEBUG:colcon.colcon_core.shell:Skip shell extension 'dsv' for command environment
[0.762s] INFO:colcon.colcon_core.task.python.build:Building Python package in '/home/ubuntu/ros2_ws/src/MiniProsjekt/qube_controller'
[0.763s] INFO:colcon.colcon_core.shell:Skip shell extension 'powershell' for command environment: Not usable outside of PowerShell
[0.763s] DEBUG:colcon.colcon_core.shell:Skip shell extension 'dsv' for command environment
[0.997s] INFO:colcon.colcon_core.task.python.build:Building Python package in '/home/ubuntu/ros2_ws/src/MiniProsjekt/qube_description'
[0.998s] INFO:colcon.colcon_core.shell:Skip shell extension 'powershell' for command environment: Not usable outside of PowerShell
[0.998s] DEBUG:colcon.colcon_core.shell:Skip shell extension 'dsv' for command environment
[1.006s] DEBUG:colcon.colcon_core.event_handler.log_command:Invoking command in '/home/ubuntu/ros2_ws/src/MiniProsjekt/build/qube_driver': CMAKE_PREFIX_PATH=${CMAKE_PREFIX_PATH}:/home/ubuntu/ros2_ws/src/MiniProsjekt/install/qube_description:/home/ubuntu/ros2_ws/src/MiniProsjekt/install/qube_controller:/home/ubuntu/ros2_ws/src/MiniProsjekt/install/qube_bringup:/opt/ros/jazzy DEBUGINFOD_URLS=https://debuginfod.ubuntu.com /usr/bin/cmake --build /home/ubuntu/ros2_ws/src/MiniProsjekt/build/qube_driver -- -j4 -l4
[1.137s] DEBUG:colcon.colcon_core.event_handler.log_command:Invoked command in '/home/ubuntu/ros2_ws/src/MiniProsjekt/build/qube_driver' returned '0': CMAKE_PREFIX_PATH=${CMAKE_PREFIX_PATH}:/home/ubuntu/ros2_ws/src/MiniProsjekt/install/qube_description:/home/ubuntu/ros2_ws/src/MiniProsjekt/install/qube_controller:/home/ubuntu/ros2_ws/src/MiniProsjekt/install/qube_bringup:/opt/ros/jazzy DEBUGINFOD_URLS=https://debuginfod.ubuntu.com /usr/bin/cmake --build /home/ubuntu/ros2_ws/src/MiniProsjekt/build/qube_driver -- -j4 -l4
[1.153s] DEBUG:colcon.colcon_core.event_handler.log_command:Invoking command in '/home/ubuntu/ros2_ws/src/MiniProsjekt/build/qube_driver': CMAKE_PREFIX_PATH=${CMAKE_PREFIX_PATH}:/home/ubuntu/ros2_ws/src/MiniProsjekt/install/qube_description:/home/ubuntu/ros2_ws/src/MiniProsjekt/install/qube_controller:/home/ubuntu/ros2_ws/src/MiniProsjekt/install/qube_bringup:/opt/ros/jazzy DEBUGINFOD_URLS=https://debuginfod.ubuntu.com /usr/bin/cmake --install /home/ubuntu/ros2_ws/src/MiniProsjekt/build/qube_driver
[1.181s] Level 1:colcon.colcon_core.environment:create_environment_scripts_only(qube_driver)
[1.184s] DEBUG:colcon.colcon_core.event_handler.log_command:Invoked command in '/home/ubuntu/ros2_ws/src/MiniProsjekt/build/qube_driver' returned '0': CMAKE_PREFIX_PATH=${CMAKE_PREFIX_PATH}:/home/ubuntu/ros2_ws/src/MiniProsjekt/install/qube_description:/home/ubuntu/ros2_ws/src/MiniProsjekt/install/qube_controller:/home/ubuntu/ros2_ws/src/MiniProsjekt/install/qube_bringup:/opt/ros/jazzy DEBUGINFOD_URLS=https://debuginfod.ubuntu.com /usr/bin/cmake --install /home/ubuntu/ros2_ws/src/MiniProsjekt/build/qube_driver
[1.185s] Level 1:colcon.colcon_core.environment:checking '/home/ubuntu/ros2_ws/src/MiniProsjekt/install/qube_driver' for CMake module files
[1.187s] Level 1:colcon.colcon_core.environment:checking '/home/ubuntu/ros2_ws/src/MiniProsjekt/install/qube_driver' for CMake config files
[1.188s] Level 1:colcon.colcon_core.shell:create_environment_hook('qube_driver', 'cmake_prefix_path')
[1.188s] INFO:colcon.colcon_core.shell:Creating environment hook '/home/ubuntu/ros2_ws/src/MiniProsjekt/install/qube_driver/share/qube_driver/hook/cmake_prefix_path.ps1'
[1.189s] INFO:colcon.colcon_core.shell:Creating environment descriptor '/home/ubuntu/ros2_ws/src/MiniProsjekt/install/qube_driver/share/qube_driver/hook/cmake_prefix_path.dsv'
[1.189s] INFO:colcon.colcon_core.shell:Creating environment hook '/home/ubuntu/ros2_ws/src/MiniProsjekt/install/qube_driver/share/qube_driver/hook/cmake_prefix_path.sh'
[1.190s] Level 1:colcon.colcon_core.environment:checking '/home/ubuntu/ros2_ws/src/MiniProsjekt/install/qube_driver/lib'
[1.190s] Level 1:colcon.colcon_core.shell:create_environment_hook('qube_driver', 'ld_library_path_lib')
[1.191s] INFO:colcon.colcon_core.shell:Creating environment hook '/home/ubuntu/ros2_ws/src/MiniProsjekt/install/qube_driver/share/qube_driver/hook/ld_library_path_lib.ps1'
[1.191s] INFO:colcon.colcon_core.shell:Creating environment descriptor '/home/ubuntu/ros2_ws/src/MiniProsjekt/install/qube_driver/share/qube_driver/hook/ld_library_path_lib.dsv'
[1.192s] INFO:colcon.colcon_core.shell:Creating environment hook '/home/ubuntu/ros2_ws/src/MiniProsjekt/install/qube_driver/share/qube_driver/hook/ld_library_path_lib.sh'
[1.193s] Level 1:colcon.colcon_core.environment:checking '/home/ubuntu/ros2_ws/src/MiniProsjekt/install/qube_driver/bin'
[1.193s] Level 1:colcon.colcon_core.environment:checking '/home/ubuntu/ros2_ws/src/MiniProsjekt/install/qube_driver/lib/pkgconfig/qube_driver.pc'
[1.194s] Level 1:colcon.colcon_core.environment:checking '/home/ubuntu/ros2_ws/src/MiniProsjekt/install/qube_driver/lib/python3.12/site-packages'
[1.194s] Level 1:colcon.colcon_core.environment:checking '/home/ubuntu/ros2_ws/src/MiniProsjekt/install/qube_driver/bin'
[1.195s] INFO:colcon.colcon_core.shell:Creating package script '/home/ubuntu/ros2_ws/src/MiniProsjekt/install/qube_driver/share/qube_driver/package.ps1'
[1.197s] INFO:colcon.colcon_core.shell:Creating package descriptor '/home/ubuntu/ros2_ws/src/MiniProsjekt/install/qube_driver/share/qube_driver/package.dsv'
[1.198s] INFO:colcon.colcon_core.shell:Creating package script '/home/ubuntu/ros2_ws/src/MiniProsjekt/install/qube_driver/share/qube_driver/package.sh'
[1.199s] INFO:colcon.colcon_core.shell:Creating package script '/home/ubuntu/ros2_ws/src/MiniProsjekt/install/qube_driver/share/qube_driver/package.bash'
[1.200s] INFO:colcon.colcon_core.shell:Creating package script '/home/ubuntu/ros2_ws/src/MiniProsjekt/install/qube_driver/share/qube_driver/package.zsh'
[1.201s] Level 1:colcon.colcon_core.environment:create_file_with_runtime_dependencies(/home/ubuntu/ros2_ws/src/MiniProsjekt/install/qube_driver/share/colcon-core/packages/qube_driver)
[1.201s] Level 1:colcon.colcon_core.environment:create_environment_scripts_only(qube_driver)
[1.202s] Level 1:colcon.colcon_core.environment:checking '/home/ubuntu/ros2_ws/src/MiniProsjekt/install/qube_driver' for CMake module files
[1.203s] Level 1:colcon.colcon_core.environment:checking '/home/ubuntu/ros2_ws/src/MiniProsjekt/install/qube_driver' for CMake config files
[1.203s] Level 1:colcon.colcon_core.shell:create_environment_hook('qube_driver', 'cmake_prefix_path')
[1.203s] INFO:colcon.colcon_core.shell:Creating environment hook '/home/ubuntu/ros2_ws/src/MiniProsjekt/install/qube_driver/share/qube_driver/hook/cmake_prefix_path.ps1'
[1.204s] INFO:colcon.colcon_core.shell:Creating environment descriptor '/home/ubuntu/ros2_ws/src/MiniProsjekt/install/qube_driver/share/qube_driver/hook/cmake_prefix_path.dsv'
[1.204s] INFO:colcon.colcon_core.shell:Creating environment hook '/home/ubuntu/ros2_ws/src/MiniProsjekt/install/qube_driver/share/qube_driver/hook/cmake_prefix_path.sh'
[1.205s] Level 1:colcon.colcon_core.environment:checking '/home/ubuntu/ros2_ws/src/MiniProsjekt/install/qube_driver/lib'
[1.205s] Level 1:colcon.colcon_core.shell:create_environment_hook('qube_driver', 'ld_library_path_lib')
[1.205s] INFO:colcon.colcon_core.shell:Creating environment hook '/home/ubuntu/ros2_ws/src/MiniProsjekt/install/qube_driver/share/qube_driver/hook/ld_library_path_lib.ps1'
[1.206s] INFO:colcon.colcon_core.shell:Creating environment descriptor '/home/ubuntu/ros2_ws/src/MiniProsjekt/install/qube_driver/share/qube_driver/hook/ld_library_path_lib.dsv'
[1.207s] INFO:colcon.colcon_core.shell:Creating environment hook '/home/ubuntu/ros2_ws/src/MiniProsjekt/install/qube_driver/share/qube_driver/hook/ld_library_path_lib.sh'
[1.207s] Level 1:colcon.colcon_core.environment:checking '/home/ubuntu/ros2_ws/src/MiniProsjekt/install/qube_driver/bin'
[1.207s] Level 1:colcon.colcon_core.environment:checking '/home/ubuntu/ros2_ws/src/MiniProsjekt/install/qube_driver/lib/pkgconfig/qube_driver.pc'
[1.208s] Level 1:colcon.colcon_core.environment:checking '/home/ubuntu/ros2_ws/src/MiniProsjekt/install/qube_driver/lib/python3.12/site-packages'
[1.208s] Level 1:colcon.colcon_core.environment:checking '/home/ubuntu/ros2_ws/src/MiniProsjekt/install/qube_driver/bin'
[1.208s] INFO:colcon.colcon_core.shell:Creating package script '/home/ubuntu/ros2_ws/src/MiniProsjekt/install/qube_driver/share/qube_driver/package.ps1'
[1.209s] INFO:colcon.colcon_core.shell:Creating package descriptor '/home/ubuntu/ros2_ws/src/MiniProsjekt/install/qube_driver/share/qube_driver/package.dsv'
[1.210s] INFO:colcon.colcon_core.shell:Creating package script '/home/ubuntu/ros2_ws/src/MiniProsjekt/install/qube_driver/share/qube_driver/package.sh'
[1.211s] INFO:colcon.colcon_core.shell:Creating package script '/home/ubuntu/ros2_ws/src/MiniProsjekt/install/qube_driver/share/qube_driver/package.bash'
[1.211s] INFO:colcon.colcon_core.shell:Creating package script '/home/ubuntu/ros2_ws/src/MiniProsjekt/install/qube_driver/share/qube_driver/package.zsh'
[1.212s] Level 1:colcon.colcon_core.environment:create_file_with_runtime_dependencies(/home/ubuntu/ros2_ws/src/MiniProsjekt/install/qube_driver/share/colcon-core/packages/qube_driver)
[1.851s] DEBUG:colcon.colcon_core.event_handler.log_command:Invoking command in '/home/ubuntu/ros2_ws/src/MiniProsjekt/qube_bringup': DEBUGINFOD_URLS=https://debuginfod.ubuntu.com PYTHONPATH=/home/ubuntu/ros2_ws/src/MiniProsjekt/build/qube_bringup/prefix_override:/usr/lib/python3/dist-packages/colcon_core/task/python/colcon_distutils_commands:/home/ubuntu/ros2_ws/src/MiniProsjekt/install/qube_bringup/lib/python3.12/site-packages:${PYTHONPATH} /usr/bin/python3 -W ignore:setup.py install is deprecated -W ignore:easy_install command is deprecated setup.py egg_info --egg-base ../build/qube_bringup build --build-base /home/ubuntu/ros2_ws/src/MiniProsjekt/build/qube_bringup/build install --record /home/ubuntu/ros2_ws/src/MiniProsjekt/build/qube_bringup/install.log --single-version-externally-managed install_data
[1.992s] DEBUG:colcon.colcon_core.event_handler.log_command:Invoking command in '/home/ubuntu/ros2_ws/src/MiniProsjekt/qube_description': DEBUGINFOD_URLS=https://debuginfod.ubuntu.com PYTHONPATH=/home/ubuntu/ros2_ws/src/MiniProsjekt/build/qube_description/prefix_override:/usr/lib/python3/dist-packages/colcon_core/task/python/colcon_distutils_commands:/home/ubuntu/ros2_ws/src/MiniProsjekt/install/qube_description/lib/python3.12/site-packages:${PYTHONPATH} /usr/bin/python3 -W ignore:setup.py install is deprecated -W ignore:easy_install command is deprecated setup.py egg_info --egg-base ../build/qube_description build --build-base /home/ubuntu/ros2_ws/src/MiniProsjekt/build/qube_description/build install --record /home/ubuntu/ros2_ws/src/MiniProsjekt/build/qube_description/install.log --single-version-externally-managed install_data
[2.066s] DEBUG:colcon.colcon_core.event_handler.log_command:Invoking command in '/home/ubuntu/ros2_ws/src/MiniProsjekt/qube_controller': DEBUGINFOD_URLS=https://debuginfod.ubuntu.com PYTHONPATH=/home/ubuntu/ros2_ws/src/MiniProsjekt/build/qube_controller/prefix_override:/usr/lib/python3/dist-packages/colcon_core/task/python/colcon_distutils_commands:/home/ubuntu/ros2_ws/src/MiniProsjekt/install/qube_controller/lib/python3.12/site-packages:${PYTHONPATH} /usr/bin/python3 -W ignore:setup.py install is deprecated -W ignore:easy_install command is deprecated setup.py egg_info --egg-base ../build/qube_controller build --build-base /home/ubuntu/ros2_ws/src/MiniProsjekt/build/qube_controller/build install --record /home/ubuntu/ros2_ws/src/MiniProsjekt/build/qube_controller/install.log --single-version-externally-managed install_data
[2.547s] Level 1:colcon.colcon_core.environment:checking '/home/ubuntu/ros2_ws/src/MiniProsjekt/install/qube_bringup' for CMake module files
[2.547s] DEBUG:colcon.colcon_core.event_handler.log_command:Invoked command in '/home/ubuntu/ros2_ws/src/MiniProsjekt/qube_bringup' returned '0': DEBUGINFOD_URLS=https://debuginfod.ubuntu.com PYTHONPATH=/home/ubuntu/ros2_ws/src/MiniProsjekt/build/qube_bringup/prefix_override:/usr/lib/python3/dist-packages/colcon_core/task/python/colcon_distutils_commands:/home/ubuntu/ros2_ws/src/MiniProsjekt/install/qube_bringup/lib/python3.12/site-packages:${PYTHONPATH} /usr/bin/python3 -W ignore:setup.py install is deprecated -W ignore:easy_install command is deprecated setup.py egg_info --egg-base ../build/qube_bringup build --build-base /home/ubuntu/ros2_ws/src/MiniProsjekt/build/qube_bringup/build install --record /home/ubuntu/ros2_ws/src/MiniProsjekt/build/qube_bringup/install.log --single-version-externally-managed install_data
[2.548s] Level 1:colcon.colcon_core.environment:checking '/home/ubuntu/ros2_ws/src/MiniProsjekt/install/qube_bringup' for CMake config files
[2.549s] Level 1:colcon.colcon_core.environment:checking '/home/ubuntu/ros2_ws/src/MiniProsjekt/install/qube_bringup/lib'
[2.549s] Level 1:colcon.colcon_core.environment:checking '/home/ubuntu/ros2_ws/src/MiniProsjekt/install/qube_bringup/bin'
[2.549s] Level 1:colcon.colcon_core.environment:checking '/home/ubuntu/ros2_ws/src/MiniProsjekt/install/qube_bringup/lib/pkgconfig/qube_bringup.pc'
[2.549s] Level 1:colcon.colcon_core.environment:checking '/home/ubuntu/ros2_ws/src/MiniProsjekt/install/qube_bringup/lib/python3.12/site-packages'
[2.549s] Level 1:colcon.colcon_core.shell:create_environment_hook('qube_bringup', 'pythonpath')
[2.549s] INFO:colcon.colcon_core.shell:Creating environment hook '/home/ubuntu/ros2_ws/src/MiniProsjekt/install/qube_bringup/share/qube_bringup/hook/pythonpath.ps1'
[2.550s] INFO:colcon.colcon_core.shell:Creating environment descriptor '/home/ubuntu/ros2_ws/src/MiniProsjekt/install/qube_bringup/share/qube_bringup/hook/pythonpath.dsv'
[2.550s] INFO:colcon.colcon_core.shell:Creating environment hook '/home/ubuntu/ros2_ws/src/MiniProsjekt/install/qube_bringup/share/qube_bringup/hook/pythonpath.sh'
[2.550s] Level 1:colcon.colcon_core.environment:checking '/home/ubuntu/ros2_ws/src/MiniProsjekt/install/qube_bringup/bin'
[2.551s] Level 1:colcon.colcon_core.environment:create_environment_scripts_only(qube_bringup)
[2.551s] INFO:colcon.colcon_core.shell:Creating package script '/home/ubuntu/ros2_ws/src/MiniProsjekt/install/qube_bringup/share/qube_bringup/package.ps1'
[2.551s] INFO:colcon.colcon_core.shell:Creating package descriptor '/home/ubuntu/ros2_ws/src/MiniProsjekt/install/qube_bringup/share/qube_bringup/package.dsv'
[2.552s] INFO:colcon.colcon_core.shell:Creating package script '/home/ubuntu/ros2_ws/src/MiniProsjekt/install/qube_bringup/share/qube_bringup/package.sh'
[2.552s] INFO:colcon.colcon_core.shell:Creating package script '/home/ubuntu/ros2_ws/src/MiniProsjekt/install/qube_bringup/share/qube_bringup/package.bash'
[2.552s] INFO:colcon.colcon_core.shell:Creating package script '/home/ubuntu/ros2_ws/src/MiniProsjekt/install/qube_bringup/share/qube_bringup/package.zsh'
[2.553s] Level 1:colcon.colcon_core.environment:create_file_with_runtime_dependencies(/home/ubuntu/ros2_ws/src/MiniProsjekt/install/qube_bringup/share/colcon-core/packages/qube_bringup)
[2.867s] Level 1:colcon.colcon_core.environment:checking '/home/ubuntu/ros2_ws/src/MiniProsjekt/install/qube_description' for CMake module files
[2.868s] DEBUG:colcon.colcon_core.event_handler.log_command:Invoked command in '/home/ubuntu/ros2_ws/src/MiniProsjekt/qube_description' returned '0': DEBUGINFOD_URLS=https://debuginfod.ubuntu.com PYTHONPATH=/home/ubuntu/ros2_ws/src/MiniProsjekt/build/qube_description/prefix_override:/usr/lib/python3/dist-packages/colcon_core/task/python/colcon_distutils_commands:/home/ubuntu/ros2_ws/src/MiniProsjekt/install/qube_description/lib/python3.12/site-packages:${PYTHONPATH} /usr/bin/python3 -W ignore:setup.py install is deprecated -W ignore:easy_install command is deprecated setup.py egg_info --egg-base ../build/qube_description build --build-base /home/ubuntu/ros2_ws/src/MiniProsjekt/build/qube_description/build install --record /home/ubuntu/ros2_ws/src/MiniProsjekt/build/qube_description/install.log --single-version-externally-managed install_data
[2.869s] Level 1:colcon.colcon_core.environment:checking '/home/ubuntu/ros2_ws/src/MiniProsjekt/install/qube_description' for CMake config files
[2.869s] Level 1:colcon.colcon_core.environment:checking '/home/ubuntu/ros2_ws/src/MiniProsjekt/install/qube_description/lib'
[2.870s] Level 1:colcon.colcon_core.environment:checking '/home/ubuntu/ros2_ws/src/MiniProsjekt/install/qube_description/bin'
[2.870s] Level 1:colcon.colcon_core.environment:checking '/home/ubuntu/ros2_ws/src/MiniProsjekt/install/qube_description/lib/pkgconfig/qube_description.pc'
[2.870s] Level 1:colcon.colcon_core.environment:checking '/home/ubuntu/ros2_ws/src/MiniProsjekt/install/qube_description/lib/python3.12/site-packages'
[2.870s] Level 1:colcon.colcon_core.shell:create_environment_hook('qube_description', 'pythonpath')
[2.871s] INFO:colcon.colcon_core.shell:Creating environment hook '/home/ubuntu/ros2_ws/src/MiniProsjekt/install/qube_description/share/qube_description/hook/pythonpath.ps1'
[2.871s] INFO:colcon.colcon_core.shell:Creating environment descriptor '/home/ubuntu/ros2_ws/src/MiniProsjekt/install/qube_description/share/qube_description/hook/pythonpath.dsv'
[2.872s] INFO:colcon.colcon_core.shell:Creating environment hook '/home/ubuntu/ros2_ws/src/MiniProsjekt/install/qube_description/share/qube_description/hook/pythonpath.sh'
[2.873s] Level 1:colcon.colcon_core.environment:checking '/home/ubuntu/ros2_ws/src/MiniProsjekt/install/qube_description/bin'
[2.873s] Level 1:colcon.colcon_core.environment:create_environment_scripts_only(qube_description)
[2.873s] INFO:colcon.colcon_core.shell:Creating package script '/home/ubuntu/ros2_ws/src/MiniProsjekt/install/qube_description/share/qube_description/package.ps1'
[2.874s] INFO:colcon.colcon_core.shell:Creating package descriptor '/home/ubuntu/ros2_ws/src/MiniProsjekt/install/qube_description/share/qube_description/package.dsv'
[2.875s] INFO:colcon.colcon_core.shell:Creating package script '/home/ubuntu/ros2_ws/src/MiniProsjekt/install/qube_description/share/qube_description/package.sh'
[2.876s] INFO:colcon.colcon_core.shell:Creating package script '/home/ubuntu/ros2_ws/src/MiniProsjekt/install/qube_description/share/qube_description/package.bash'
[2.877s] INFO:colcon.colcon_core.shell:Creating package script '/home/ubuntu/ros2_ws/src/MiniProsjekt/install/qube_description/share/qube_description/package.zsh'
[2.878s] Level 1:colcon.colcon_core.environment:create_file_with_runtime_dependencies(/home/ubuntu/ros2_ws/src/MiniProsjekt/install/qube_description/share/colcon-core/packages/qube_description)
[2.919s] Level 1:colcon.colcon_core.environment:checking '/home/ubuntu/ros2_ws/src/MiniProsjekt/install/qube_controller' for CMake module files
[2.920s] DEBUG:colcon.colcon_core.event_handler.log_command:Invoked command in '/home/ubuntu/ros2_ws/src/MiniProsjekt/qube_controller' returned '0': DEBUGINFOD_URLS=https://debuginfod.ubuntu.com PYTHONPATH=/home/ubuntu/ros2_ws/src/MiniProsjekt/build/qube_controller/prefix_override:/usr/lib/python3/dist-packages/colcon_core/task/python/colcon_distutils_commands:/home/ubuntu/ros2_ws/src/MiniProsjekt/install/qube_controller/lib/python3.12/site-packages:${PYTHONPATH} /usr/bin/python3 -W ignore:setup.py install is deprecated -W ignore:easy_install command is deprecated setup.py egg_info --egg-base ../build/qube_controller build --build-base /home/ubuntu/ros2_ws/src/MiniProsjekt/build/qube_controller/build install --record /home/ubuntu/ros2_ws/src/MiniProsjekt/build/qube_controller/install.log --single-version-externally-managed install_data
[2.921s] Level 1:colcon.colcon_core.environment:checking '/home/ubuntu/ros2_ws/src/MiniProsjekt/install/qube_controller' for CMake config files
[2.921s] Level 1:colcon.colcon_core.environment:checking '/home/ubuntu/ros2_ws/src/MiniProsjekt/install/qube_controller/lib'
[2.921s] Level 1:colcon.colcon_core.environment:checking '/home/ubuntu/ros2_ws/src/MiniProsjekt/install/qube_controller/bin'
[2.921s] Level 1:colcon.colcon_core.environment:checking '/home/ubuntu/ros2_ws/src/MiniProsjekt/install/qube_controller/lib/pkgconfig/qube_controller.pc'
[2.922s] Level 1:colcon.colcon_core.environment:checking '/home/ubuntu/ros2_ws/src/MiniProsjekt/install/qube_controller/lib/python3.12/site-packages'
[2.922s] Level 1:colcon.colcon_core.shell:create_environment_hook('qube_controller', 'pythonpath')
[2.922s] INFO:colcon.colcon_core.shell:Creating environment hook '/home/ubuntu/ros2_ws/src/MiniProsjekt/install/qube_controller/share/qube_controller/hook/pythonpath.ps1'
[2.923s] INFO:colcon.colcon_core.shell:Creating environment descriptor '/home/ubuntu/ros2_ws/src/MiniProsjekt/install/qube_controller/share/qube_controller/hook/pythonpath.dsv'
[2.923s] INFO:colcon.colcon_core.shell:Creating environment hook '/home/ubuntu/ros2_ws/src/MiniProsjekt/install/qube_controller/share/qube_controller/hook/pythonpath.sh'
[2.924s] Level 1:colcon.colcon_core.environment:checking '/home/ubuntu/ros2_ws/src/MiniProsjekt/install/qube_controller/bin'
[2.924s] Level 1:colcon.colcon_core.environment:create_environment_scripts_only(qube_controller)
[2.924s] INFO:colcon.colcon_core.shell:Creating package script '/home/ubuntu/ros2_ws/src/MiniProsjekt/install/qube_controller/share/qube_controller/package.ps1'
[2.925s] INFO:colcon.colcon_core.shell:Creating package descriptor '/home/ubuntu/ros2_ws/src/MiniProsjekt/install/qube_controller/share/qube_controller/package.dsv'
[2.926s] INFO:colcon.colcon_core.shell:Creating package script '/home/ubuntu/ros2_ws/src/MiniProsjekt/install/qube_controller/share/qube_controller/package.sh'
[2.926s] INFO:colcon.colcon_core.shell:Creating package script '/home/ubuntu/ros2_ws/src/MiniProsjekt/install/qube_controller/share/qube_controller/package.bash'
[2.927s] INFO:colcon.colcon_core.shell:Creating package script '/home/ubuntu/ros2_ws/src/MiniProsjekt/install/qube_controller/share/qube_controller/package.zsh'
[2.927s] Level 1:colcon.colcon_core.environment:create_file_with_runtime_dependencies(/home/ubuntu/ros2_ws/src/MiniProsjekt/install/qube_controller/share/colcon-core/packages/qube_controller)
[2.927s] DEBUG:colcon.colcon_parallel_executor.executor.parallel:closing loop
[2.928s] DEBUG:colcon.colcon_parallel_executor.executor.parallel:loop closed
[2.928s] DEBUG:colcon.colcon_parallel_executor.executor.parallel:run_until_complete finished with '0'
[2.928s] DEBUG:colcon.colcon_core.event_reactor:joining thread
[2.939s] INFO:colcon.colcon_core.plugin_system:Skipping extension 'colcon_notification.desktop_notification.terminal_notifier': Not used on non-Darwin systems
[2.940s] INFO:colcon.colcon_core.plugin_system:Skipping extension 'colcon_notification.desktop_notification.win32': Not used on non-Windows systems
[2.940s] INFO:colcon.colcon_notification.desktop_notification:Sending desktop notification using 'notify2'
[2.957s] DEBUG:colcon.colcon_core.event_reactor:joined thread
[2.958s] INFO:colcon.colcon_core.shell:Creating prefix script '/home/ubuntu/ros2_ws/src/MiniProsjekt/install/local_setup.ps1'
[2.960s] INFO:colcon.colcon_core.shell:Creating prefix util module '/home/ubuntu/ros2_ws/src/MiniProsjekt/install/_local_setup_util_ps1.py'
[2.964s] INFO:colcon.colcon_core.shell:Creating prefix chain script '/home/ubuntu/ros2_ws/src/MiniProsjekt/install/setup.ps1'
[2.967s] INFO:colcon.colcon_core.shell:Creating prefix script '/home/ubuntu/ros2_ws/src/MiniProsjekt/install/local_setup.sh'
[2.967s] INFO:colcon.colcon_core.shell:Creating prefix util module '/home/ubuntu/ros2_ws/src/MiniProsjekt/install/_local_setup_util_sh.py'
[2.969s] INFO:colcon.colcon_core.shell:Creating prefix chain script '/home/ubuntu/ros2_ws/src/MiniProsjekt/install/setup.sh'
[2.971s] INFO:colcon.colcon_core.shell:Creating prefix script '/home/ubuntu/ros2_ws/src/MiniProsjekt/install/local_setup.bash'
[2.971s] INFO:colcon.colcon_core.shell:Creating prefix chain script '/home/ubuntu/ros2_ws/src/MiniProsjekt/install/setup.bash'
[2.972s] INFO:colcon.colcon_core.shell:Creating prefix script '/home/ubuntu/ros2_ws/src/MiniProsjekt/install/local_setup.zsh'
[2.973s] INFO:colcon.colcon_core.shell:Creating prefix chain script '/home/ubuntu/ros2_ws/src/MiniProsjekt/install/setup.zsh'
