[1.486s] Invoking command in '/home/ubuntu/ros2_ws/src/MiniProsjekt/qube_description': DEBUGINFOD_URLS=https://debuginfod.ubuntu.com PYTHONPATH=/home/ubuntu/ros2_ws/src/MiniProsjekt/build/qube_description/prefix_override:/usr/lib/python3/dist-packages/colcon_core/task/python/colcon_distutils_commands:/home/ubuntu/ros2_ws/src/MiniProsjekt/install/qube_description/lib/python3.12/site-packages:${PYTHONPATH} /usr/bin/python3 -W ignore:setup.py install is deprecated -W ignore:easy_install command is deprecated setup.py egg_info --egg-base ../build/qube_description build --build-base /home/ubuntu/ros2_ws/src/MiniProsjekt/build/qube_description/build install --record /home/ubuntu/ros2_ws/src/MiniProsjekt/build/qube_description/install.log --single-version-externally-managed install_data
[1.799s] running egg_info
[1.822s] writing ../build/qube_description/qube_description.egg-info/PKG-INFO
[1.822s] writing dependency_links to ../build/qube_description/qube_description.egg-info/dependency_links.txt
[1.822s] writing requirements to ../build/qube_description/qube_description.egg-info/requires.txt
[1.823s] writing top-level names to ../build/qube_description/qube_description.egg-info/top_level.txt
[1.868s] reading manifest file '../build/qube_description/qube_description.egg-info/SOURCES.txt'
[1.868s] adding license file 'LICENSE'
[1.869s] writing manifest file '../build/qube_description/qube_description.egg-info/SOURCES.txt'
[1.869s] running build
[1.869s] running build_py
[1.870s] running install
[1.881s] running install_lib
[1.919s] running install_data
[1.919s] copying urdf/qube.macro.xacro -> /home/ubuntu/ros2_ws/src/MiniProsjekt/install/qube_description/share/qube_description/urdf
[1.919s] running install_egg_info
[1.942s] removing '/home/ubuntu/ros2_ws/src/MiniProsjekt/install/qube_description/lib/python3.12/site-packages/qube_description-0.0.0-py3.12.egg-info' (and everything under it)
[1.942s] Copying ../build/qube_description/qube_description.egg-info to /home/ubuntu/ros2_ws/src/MiniProsjekt/install/qube_description/lib/python3.12/site-packages/qube_description-0.0.0-py3.12.egg-info
[1.943s] running install_scripts
[2.090s] writing list of installed files to '/home/ubuntu/ros2_ws/src/MiniProsjekt/build/qube_description/install.log'
[2.154s] Invoked command in '/home/ubuntu/ros2_ws/src/MiniProsjekt/qube_description' returned '0': DEBUGINFOD_URLS=https://debuginfod.ubuntu.com PYTHONPATH=/home/ubuntu/ros2_ws/src/MiniProsjekt/build/qube_description/prefix_override:/usr/lib/python3/dist-packages/colcon_core/task/python/colcon_distutils_commands:/home/ubuntu/ros2_ws/src/MiniProsjekt/install/qube_description/lib/python3.12/site-packages:${PYTHONPATH} /usr/bin/python3 -W ignore:setup.py install is deprecated -W ignore:easy_install command is deprecated setup.py egg_info --egg-base ../build/qube_description build --build-base /home/ubuntu/ros2_ws/src/MiniProsjekt/build/qube_description/build install --record /home/ubuntu/ros2_ws/src/MiniProsjekt/build/qube_description/install.log --single-version-externally-managed install_data
