[0.540s] Invoking command in '/home/ubuntu/ros2_ws/src/MiniProsjekt/build/qube_driver': CMAKE_PREFIX_PATH=${CMAKE_PREFIX_PATH}:/home/ubuntu/ros2_ws/src/MiniProsjekt/install/qube_description:/home/ubuntu/ros2_ws/src/MiniProsjekt/install/qube_bringup:/home/ubuntu/ros2_ws/install/qube_bringup:/home/ubuntu/ros2_ws/install/qube_description:/home/ubuntu/ros2_ws/install/py_srvcli:/home/ubuntu/ros2_ws/install/py_pubsub:/home/ubuntu/ros2_ws/install/pid_controller:/home/ubuntu/ros2_ws/install/launch_testing_examples:/home/ubuntu/ros2_ws/install/joint_simulator:/home/ubuntu/ros2_ws/install/joint_description:/home/ubuntu/ros2_ws/install/examples_rclpy_pointcloud_publisher:/home/ubuntu/ros2_ws/install/examples_rclpy_minimal_subscriber:/home/ubuntu/ros2_ws/install/examples_rclpy_minimal_service:/home/ubuntu/ros2_ws/install/examples_rclpy_minimal_publisher:/home/ubuntu/ros2_ws/install/examples_rclpy_minimal_client:/home/ubuntu/ros2_ws/install/examples_rclpy_minimal_action_server:/home/ubuntu/ros2_ws/install/examples_rclpy_minimal_action_client:/home/ubuntu/ros2_ws/install/examples_rclpy_guard_conditions:/home/ubuntu/ros2_ws/install/examples_rclpy_executors:/home/ubuntu/ros2_ws/src/install/qube_description:/home/ubuntu/ros2_ws/src/install/pid_controller:/home/ubuntu/ros2_ws/src/install/joint_simulator:/home/ubuntu/ros2_ws/src/install/joint_description:/opt/ros/jazzy DEBUGINFOD_URLS=https://debuginfod.ubuntu.com /usr/bin/cmake --build /home/ubuntu/ros2_ws/src/MiniProsjekt/build/qube_driver -- -j4 -l4
[0.609s] [ 66%] Built target serial
[0.637s] [100%] Built target qube_driver
[0.648s] Invoked command in '/home/ubuntu/ros2_ws/src/MiniProsjekt/build/qube_driver' returned '0': CMAKE_PREFIX_PATH=${CMAKE_PREFIX_PATH}:/home/ubuntu/ros2_ws/src/MiniProsjekt/install/qube_description:/home/ubuntu/ros2_ws/src/MiniProsjekt/install/qube_bringup:/home/ubuntu/ros2_ws/install/qube_bringup:/home/ubuntu/ros2_ws/install/qube_description:/home/ubuntu/ros2_ws/install/py_srvcli:/home/ubuntu/ros2_ws/install/py_pubsub:/home/ubuntu/ros2_ws/install/pid_controller:/home/ubuntu/ros2_ws/install/launch_testing_examples:/home/ubuntu/ros2_ws/install/joint_simulator:/home/ubuntu/ros2_ws/install/joint_description:/home/ubuntu/ros2_ws/install/examples_rclpy_pointcloud_publisher:/home/ubuntu/ros2_ws/install/examples_rclpy_minimal_subscriber:/home/ubuntu/ros2_ws/install/examples_rclpy_minimal_service:/home/ubuntu/ros2_ws/install/examples_rclpy_minimal_publisher:/home/ubuntu/ros2_ws/install/examples_rclpy_minimal_client:/home/ubuntu/ros2_ws/install/examples_rclpy_minimal_action_server:/home/ubuntu/ros2_ws/install/examples_rclpy_minimal_action_client:/home/ubuntu/ros2_ws/install/examples_rclpy_guard_conditions:/home/ubuntu/ros2_ws/install/examples_rclpy_executors:/home/ubuntu/ros2_ws/src/install/qube_description:/home/ubuntu/ros2_ws/src/install/pid_controller:/home/ubuntu/ros2_ws/src/install/joint_simulator:/home/ubuntu/ros2_ws/src/install/joint_description:/opt/ros/jazzy DEBUGINFOD_URLS=https://debuginfod.ubuntu.com /usr/bin/cmake --build /home/ubuntu/ros2_ws/src/MiniProsjekt/build/qube_driver -- -j4 -l4
[0.658s] Invoking command in '/home/ubuntu/ros2_ws/src/MiniProsjekt/build/qube_driver': CMAKE_PREFIX_PATH=${CMAKE_PREFIX_PATH}:/home/ubuntu/ros2_ws/src/MiniProsjekt/install/qube_description:/home/ubuntu/ros2_ws/src/MiniProsjekt/install/qube_bringup:/home/ubuntu/ros2_ws/install/qube_bringup:/home/ubuntu/ros2_ws/install/qube_description:/home/ubuntu/ros2_ws/install/py_srvcli:/home/ubuntu/ros2_ws/install/py_pubsub:/home/ubuntu/ros2_ws/install/pid_controller:/home/ubuntu/ros2_ws/install/launch_testing_examples:/home/ubuntu/ros2_ws/install/joint_simulator:/home/ubuntu/ros2_ws/install/joint_description:/home/ubuntu/ros2_ws/install/examples_rclpy_pointcloud_publisher:/home/ubuntu/ros2_ws/install/examples_rclpy_minimal_subscriber:/home/ubuntu/ros2_ws/install/examples_rclpy_minimal_service:/home/ubuntu/ros2_ws/install/examples_rclpy_minimal_publisher:/home/ubuntu/ros2_ws/install/examples_rclpy_minimal_client:/home/ubuntu/ros2_ws/install/examples_rclpy_minimal_action_server:/home/ubuntu/ros2_ws/install/examples_rclpy_minimal_action_client:/home/ubuntu/ros2_ws/install/examples_rclpy_guard_conditions:/home/ubuntu/ros2_ws/install/examples_rclpy_executors:/home/ubuntu/ros2_ws/src/install/qube_description:/home/ubuntu/ros2_ws/src/install/pid_controller:/home/ubuntu/ros2_ws/src/install/joint_simulator:/home/ubuntu/ros2_ws/src/install/joint_description:/opt/ros/jazzy DEBUGINFOD_URLS=https://debuginfod.ubuntu.com /usr/bin/cmake --install /home/ubuntu/ros2_ws/src/MiniProsjekt/build/qube_driver
[0.666s] -- Install configuration: ""
[0.666s] -- Up-to-date: /home/ubuntu/ros2_ws/src/MiniProsjekt/install/qube_driver/share/qube_driver/hardware_interface_plugin.xml
[0.666s] -- Up-to-date: /home/ubuntu/ros2_ws/src/MiniProsjekt/install/qube_driver/share/qube_driver/environment/library_path.sh
[0.667s] -- Up-to-date: /home/ubuntu/ros2_ws/src/MiniProsjekt/install/qube_driver/share/qube_driver/environment/library_path.dsv
[0.667s] -- Up-to-date: /home/ubuntu/ros2_ws/src/MiniProsjekt/install/qube_driver/lib/libqube_driver.so
[0.667s] -- Up-to-date: /home/ubuntu/ros2_ws/src/MiniProsjekt/install/qube_driver/share/qube_driver//config
[0.668s] -- Up-to-date: /home/ubuntu/ros2_ws/src/MiniProsjekt/install/qube_driver/share/qube_driver//config/joint_controllers.yaml
[0.668s] -- Up-to-date: /home/ubuntu/ros2_ws/src/MiniProsjekt/install/qube_driver/share/qube_driver//launch
[0.668s] -- Up-to-date: /home/ubuntu/ros2_ws/src/MiniProsjekt/install/qube_driver/share/qube_driver//launch/qube_driver.launch.py
[0.668s] -- Up-to-date: /home/ubuntu/ros2_ws/src/MiniProsjekt/install/qube_driver/share/qube_driver//ros2_control
[0.668s] -- Up-to-date: /home/ubuntu/ros2_ws/src/MiniProsjekt/install/qube_driver/share/qube_driver//ros2_control/qube_driver.ros2_control.xacro
[0.668s] -- Up-to-date: /home/ubuntu/ros2_ws/src/MiniProsjekt/install/qube_driver/share/ament_index/resource_index/package_run_dependencies/qube_driver
[0.669s] -- Up-to-date: /home/ubuntu/ros2_ws/src/MiniProsjekt/install/qube_driver/share/ament_index/resource_index/parent_prefix_path/qube_driver
[0.669s] -- Up-to-date: /home/ubuntu/ros2_ws/src/MiniProsjekt/install/qube_driver/share/qube_driver/environment/ament_prefix_path.sh
[0.669s] -- Up-to-date: /home/ubuntu/ros2_ws/src/MiniProsjekt/install/qube_driver/share/qube_driver/environment/ament_prefix_path.dsv
[0.669s] -- Up-to-date: /home/ubuntu/ros2_ws/src/MiniProsjekt/install/qube_driver/share/qube_driver/environment/path.sh
[0.669s] -- Up-to-date: /home/ubuntu/ros2_ws/src/MiniProsjekt/install/qube_driver/share/qube_driver/environment/path.dsv
[0.669s] -- Up-to-date: /home/ubuntu/ros2_ws/src/MiniProsjekt/install/qube_driver/share/qube_driver/local_setup.bash
[0.669s] -- Up-to-date: /home/ubuntu/ros2_ws/src/MiniProsjekt/install/qube_driver/share/qube_driver/local_setup.sh
[0.669s] -- Up-to-date: /home/ubuntu/ros2_ws/src/MiniProsjekt/install/qube_driver/share/qube_driver/local_setup.zsh
[0.670s] -- Up-to-date: /home/ubuntu/ros2_ws/src/MiniProsjekt/install/qube_driver/share/qube_driver/local_setup.dsv
[0.670s] -- Installing: /home/ubuntu/ros2_ws/src/MiniProsjekt/install/qube_driver/share/qube_driver/package.dsv
[0.670s] -- Up-to-date: /home/ubuntu/ros2_ws/src/MiniProsjekt/install/qube_driver/share/ament_index/resource_index/packages/qube_driver
[0.670s] -- Up-to-date: /home/ubuntu/ros2_ws/src/MiniProsjekt/install/qube_driver/share/ament_index/resource_index/hardware_interface__pluginlib__plugin/qube_driver
[0.670s] -- Up-to-date: /home/ubuntu/ros2_ws/src/MiniProsjekt/install/qube_driver/share/qube_driver/cmake/ament_cmake_export_dependencies-extras.cmake
[0.670s] -- Up-to-date: /home/ubuntu/ros2_ws/src/MiniProsjekt/install/qube_driver/share/qube_driver/cmake/ament_cmake_export_libraries-extras.cmake
[0.670s] -- Up-to-date: /home/ubuntu/ros2_ws/src/MiniProsjekt/install/qube_driver/share/qube_driver/cmake/qube_driverConfig.cmake
[0.671s] -- Up-to-date: /home/ubuntu/ros2_ws/src/MiniProsjekt/install/qube_driver/share/qube_driver/cmake/qube_driverConfig-version.cmake
[0.671s] -- Up-to-date: /home/ubuntu/ros2_ws/src/MiniProsjekt/install/qube_driver/share/qube_driver/package.xml
[0.671s] -- Up-to-date: /home/ubuntu/ros2_ws/src/MiniProsjekt/install/qube_driver/share/serial/serial-config.cmake
[0.671s] -- Up-to-date: /home/ubuntu/ros2_ws/src/MiniProsjekt/install/qube_driver/share/serial/serial-config-version.cmake
[0.671s] -- Up-to-date: /home/ubuntu/ros2_ws/src/MiniProsjekt/install/qube_driver/lib/libserial.a
[0.671s] -- Up-to-date: /home/ubuntu/ros2_ws/src/MiniProsjekt/install/qube_driver/include
[0.671s] -- Up-to-date: /home/ubuntu/ros2_ws/src/MiniProsjekt/install/qube_driver/include/serial
[0.671s] -- Up-to-date: /home/ubuntu/ros2_ws/src/MiniProsjekt/install/qube_driver/include/serial/v8stdint.h
[0.671s] -- Up-to-date: /home/ubuntu/ros2_ws/src/MiniProsjekt/install/qube_driver/include/serial/impl
[0.672s] -- Up-to-date: /home/ubuntu/ros2_ws/src/MiniProsjekt/install/qube_driver/include/serial/impl/win.h
[0.672s] -- Up-to-date: /home/ubuntu/ros2_ws/src/MiniProsjekt/install/qube_driver/include/serial/impl/unix.h
[0.672s] -- Up-to-date: /home/ubuntu/ros2_ws/src/MiniProsjekt/install/qube_driver/include/serial/serial.h
[0.673s] -- Up-to-date: /home/ubuntu/ros2_ws/src/MiniProsjekt/install/qube_driver/share/serial/serial-targets.cmake
[0.673s] -- Up-to-date: /home/ubuntu/ros2_ws/src/MiniProsjekt/install/qube_driver/share/serial/serial-targets-noconfig.cmake
[0.675s] Invoked command in '/home/ubuntu/ros2_ws/src/MiniProsjekt/build/qube_driver' returned '0': CMAKE_PREFIX_PATH=${CMAKE_PREFIX_PATH}:/home/ubuntu/ros2_ws/src/MiniProsjekt/install/qube_description:/home/ubuntu/ros2_ws/src/MiniProsjekt/install/qube_bringup:/home/ubuntu/ros2_ws/install/qube_bringup:/home/ubuntu/ros2_ws/install/qube_description:/home/ubuntu/ros2_ws/install/py_srvcli:/home/ubuntu/ros2_ws/install/py_pubsub:/home/ubuntu/ros2_ws/install/pid_controller:/home/ubuntu/ros2_ws/install/launch_testing_examples:/home/ubuntu/ros2_ws/install/joint_simulator:/home/ubuntu/ros2_ws/install/joint_description:/home/ubuntu/ros2_ws/install/examples_rclpy_pointcloud_publisher:/home/ubuntu/ros2_ws/install/examples_rclpy_minimal_subscriber:/home/ubuntu/ros2_ws/install/examples_rclpy_minimal_service:/home/ubuntu/ros2_ws/install/examples_rclpy_minimal_publisher:/home/ubuntu/ros2_ws/install/examples_rclpy_minimal_client:/home/ubuntu/ros2_ws/install/examples_rclpy_minimal_action_server:/home/ubuntu/ros2_ws/install/examples_rclpy_minimal_action_client:/home/ubuntu/ros2_ws/install/examples_rclpy_guard_conditions:/home/ubuntu/ros2_ws/install/examples_rclpy_executors:/home/ubuntu/ros2_ws/src/install/qube_description:/home/ubuntu/ros2_ws/src/install/pid_controller:/home/ubuntu/ros2_ws/src/install/joint_simulator:/home/ubuntu/ros2_ws/src/install/joint_description:/opt/ros/jazzy DEBUGINFOD_URLS=https://debuginfod.ubuntu.com /usr/bin/cmake --install /home/ubuntu/ros2_ws/src/MiniProsjekt/build/qube_driver
