running egg_info
writing ../build/qube_bringup/qube_bringup.egg-info/PKG-INFO
writing dependency_links to ../build/qube_bringup/qube_bringup.egg-info/dependency_links.txt
writing requirements to ../build/qube_bringup/qube_bringup.egg-info/requires.txt
writing top-level names to ../build/qube_bringup/qube_bringup.egg-info/top_level.txt
reading manifest file '../build/qube_bringup/qube_bringup.egg-info/SOURCES.txt'
adding license file 'LICENSE'
writing manifest file '../build/qube_bringup/qube_bringup.egg-info/SOURCES.txt'
running build
running build_py
copying qube_bringup/__init__.py -> /home/ubuntu/ros2_ws/src/MiniProsjekt/build/qube_bringup/build/lib/qube_bringup
running install
running install_lib
copying /home/ubuntu/ros2_ws/src/MiniProsjekt/build/qube_bringup/build/lib/qube_bringup/__init__.py -> /home/ubuntu/ros2_ws/src/MiniProsjekt/install/qube_bringup/lib/python3.12/site-packages/qube_bringup
byte-compiling /home/ubuntu/ros2_ws/src/MiniProsjekt/install/qube_bringup/lib/python3.12/site-packages/qube_bringup/__init__.py to __init__.cpython-312.pyc
running install_data
copying resource/qube_bringup -> /home/ubuntu/ros2_ws/src/MiniProsjekt/install/qube_bringup/share/ament_index/resource_index/packages
copying package.xml -> /home/ubuntu/ros2_ws/src/MiniProsjekt/install/qube_bringup/share/qube_bringup
running install_egg_info
removing '/home/ubuntu/ros2_ws/src/MiniProsjekt/install/qube_bringup/lib/python3.12/site-packages/qube_bringup-0.0.0-py3.12.egg-info' (and everything under it)
Copying ../build/qube_bringup/qube_bringup.egg-info to /home/ubuntu/ros2_ws/src/MiniProsjekt/install/qube_bringup/lib/python3.12/site-packages/qube_bringup-0.0.0-py3.12.egg-info
running install_scripts
writing list of installed files to '/home/ubuntu/ros2_ws/src/MiniProsjekt/build/qube_bringup/install.log'
