running egg_info
writing ../build/qube_bringup/qube_bringup.egg-info/PKG-INFO
writing dependency_links to ../build/qube_bringup/qube_bringup.egg-info/dependency_links.txt
writing requirements to ../build/qube_bringup/qube_bringup.egg-info/requires.txt
writing top-level names to ../build/qube_bringup/qube_bringup.egg-info/top_level.txt
reading manifest file '../build/qube_bringup/qube_bringup.egg-info/SOURCES.txt'
adding license file 'LICENSE'
writing manifest file '../build/qube_bringup/qube_bringup.egg-info/SOURCES.txt'
running build
running build_py
running install
running install_lib
running install_data
copying launch/bringup.launch.py -> /home/ubuntu/ros2_ws/src/MiniProsjekt/install/qube_bringup/share/qube_bringup/launch
copying urdf/controlled_qube.urdf.xacro -> /home/ubuntu/ros2_ws/src/MiniProsjekt/install/qube_bringup/share/qube_bringup/urdf
running install_egg_info
removing '/home/ubuntu/ros2_ws/src/MiniProsjekt/install/qube_bringup/lib/python3.12/site-packages/qube_bringup-0.0.0-py3.12.egg-info' (and everything under it)
Copying ../build/qube_bringup/qube_bringup.egg-info to /home/ubuntu/ros2_ws/src/MiniProsjekt/install/qube_bringup/lib/python3.12/site-packages/qube_bringup-0.0.0-py3.12.egg-info
running install_scripts
writing list of installed files to '/home/ubuntu/ros2_ws/src/MiniProsjekt/build/qube_bringup/install.log'
