[1.582s] Invoking command in '/home/ubuntu/ros2_ws/src/MiniProsjekt/qube_bringup': DEBUGINFOD_URLS=https://debuginfod.ubuntu.com PYTHONPATH=/home/ubuntu/ros2_ws/src/MiniProsjekt/build/qube_bringup/prefix_override:/usr/lib/python3/dist-packages/colcon_core/task/python/colcon_distutils_commands:/home/ubuntu/ros2_ws/src/MiniProsjekt/install/qube_bringup/lib/python3.12/site-packages:${PYTHONPATH} /usr/bin/python3 -W ignore:setup.py install is deprecated -W ignore:easy_install command is deprecated setup.py egg_info --egg-base ../build/qube_bringup build --build-base /home/ubuntu/ros2_ws/src/MiniProsjekt/build/qube_bringup/build install --record /home/ubuntu/ros2_ws/src/MiniProsjekt/build/qube_bringup/install.log --single-version-externally-managed install_data
[2.041s] running egg_info
[2.079s] writing ../build/qube_bringup/qube_bringup.egg-info/PKG-INFO
[2.079s] writing dependency_links to ../build/qube_bringup/qube_bringup.egg-info/dependency_links.txt
[2.080s] writing requirements to ../build/qube_bringup/qube_bringup.egg-info/requires.txt
[2.080s] writing top-level names to ../build/qube_bringup/qube_bringup.egg-info/top_level.txt
[2.157s] reading manifest file '../build/qube_bringup/qube_bringup.egg-info/SOURCES.txt'
[2.157s] adding license file 'LICENSE'
[2.158s] writing manifest file '../build/qube_bringup/qube_bringup.egg-info/SOURCES.txt'
[2.158s] running build
[2.158s] running build_py
[2.159s] running install
[2.170s] running install_lib
[2.208s] running install_data
[2.208s] copying launch/bringup.launch.py -> /home/ubuntu/ros2_ws/src/MiniProsjekt/install/qube_bringup/share/qube_bringup/launch
[2.208s] copying urdf/controlled_qube.urdf.xacro -> /home/ubuntu/ros2_ws/src/MiniProsjekt/install/qube_bringup/share/qube_bringup/urdf
[2.208s] running install_egg_info
[2.249s] removing '/home/ubuntu/ros2_ws/src/MiniProsjekt/install/qube_bringup/lib/python3.12/site-packages/qube_bringup-0.0.0-py3.12.egg-info' (and everything under it)
[2.249s] Copying ../build/qube_bringup/qube_bringup.egg-info to /home/ubuntu/ros2_ws/src/MiniProsjekt/install/qube_bringup/lib/python3.12/site-packages/qube_bringup-0.0.0-py3.12.egg-info
[2.250s] running install_scripts
[2.492s] writing list of installed files to '/home/ubuntu/ros2_ws/src/MiniProsjekt/build/qube_bringup/install.log'
[2.539s] Invoked command in '/home/ubuntu/ros2_ws/src/MiniProsjekt/qube_bringup' returned '0': DEBUGINFOD_URLS=https://debuginfod.ubuntu.com PYTHONPATH=/home/ubuntu/ros2_ws/src/MiniProsjekt/build/qube_bringup/prefix_override:/usr/lib/python3/dist-packages/colcon_core/task/python/colcon_distutils_commands:/home/ubuntu/ros2_ws/src/MiniProsjekt/install/qube_bringup/lib/python3.12/site-packages:${PYTHONPATH} /usr/bin/python3 -W ignore:setup.py install is deprecated -W ignore:easy_install command is deprecated setup.py egg_info --egg-base ../build/qube_bringup build --build-base /home/ubuntu/ros2_ws/src/MiniProsjekt/build/qube_bringup/build install --record /home/ubuntu/ros2_ws/src/MiniProsjekt/build/qube_bringup/install.log --single-version-externally-managed install_data
