[0.800s] Invoking command in '/home/ubuntu/ros2_ws/src/MiniProsjekt/build/qube_driver': CMAKE_PREFIX_PATH=${CMAKE_PREFIX_PATH}:/opt/ros/jazzy DEBUGINFOD_URLS=https://debuginfod.ubuntu.com /usr/bin/cmake --build /home/ubuntu/ros2_ws/src/MiniProsjekt/build/qube_driver -- -j4 -l4
[1.134s] [ 66%] Built target serial
[1.193s] [100%] Built target qube_driver
[1.208s] Invoked command in '/home/ubuntu/ros2_ws/src/MiniProsjekt/build/qube_driver' returned '0': CMAKE_PREFIX_PATH=${CMAKE_PREFIX_PATH}:/opt/ros/jazzy DEBUGINFOD_URLS=https://debuginfod.ubuntu.com /usr/bin/cmake --build /home/ubuntu/ros2_ws/src/MiniProsjekt/build/qube_driver -- -j4 -l4
[1.221s] Invoking command in '/home/ubuntu/ros2_ws/src/MiniProsjekt/build/qube_driver': CMAKE_PREFIX_PATH=${CMAKE_PREFIX_PATH}:/opt/ros/jazzy DEBUGINFOD_URLS=https://debuginfod.ubuntu.com /usr/bin/cmake --install /home/ubuntu/ros2_ws/src/MiniProsjekt/build/qube_driver
[1.231s] -- Install configuration: ""
[1.231s] -- Up-to-date: /home/ubuntu/ros2_ws/src/MiniProsjekt/install/qube_driver/share/qube_driver/hardware_interface_plugin.xml
[1.232s] -- Up-to-date: /home/ubuntu/ros2_ws/src/MiniProsjekt/install/qube_driver/share/qube_driver/environment/library_path.sh
[1.232s] -- Up-to-date: /home/ubuntu/ros2_ws/src/MiniProsjekt/install/qube_driver/share/qube_driver/environment/library_path.dsv
[1.233s] -- Up-to-date: /home/ubuntu/ros2_ws/src/MiniProsjekt/install/qube_driver/lib/libqube_driver.so
[1.233s] -- Up-to-date: /home/ubuntu/ros2_ws/src/MiniProsjekt/install/qube_driver/share/qube_driver//config
[1.234s] -- Up-to-date: /home/ubuntu/ros2_ws/src/MiniProsjekt/install/qube_driver/share/qube_driver//config/joint_controllers.yaml
[1.234s] -- Up-to-date: /home/ubuntu/ros2_ws/src/MiniProsjekt/install/qube_driver/share/qube_driver//launch
[1.234s] -- Up-to-date: /home/ubuntu/ros2_ws/src/MiniProsjekt/install/qube_driver/share/qube_driver//launch/qube_driver.launch.py
[1.234s] -- Up-to-date: /home/ubuntu/ros2_ws/src/MiniProsjekt/install/qube_driver/share/qube_driver//ros2_control
[1.234s] -- Up-to-date: /home/ubuntu/ros2_ws/src/MiniProsjekt/install/qube_driver/share/qube_driver//ros2_control/qube_driver.ros2_control.xacro
[1.234s] -- Up-to-date: /home/ubuntu/ros2_ws/src/MiniProsjekt/install/qube_driver/share/ament_index/resource_index/package_run_dependencies/qube_driver
[1.235s] -- Up-to-date: /home/ubuntu/ros2_ws/src/MiniProsjekt/install/qube_driver/share/ament_index/resource_index/parent_prefix_path/qube_driver
[1.235s] -- Up-to-date: /home/ubuntu/ros2_ws/src/MiniProsjekt/install/qube_driver/share/qube_driver/environment/ament_prefix_path.sh
[1.235s] -- Up-to-date: /home/ubuntu/ros2_ws/src/MiniProsjekt/install/qube_driver/share/qube_driver/environment/ament_prefix_path.dsv
[1.235s] -- Up-to-date: /home/ubuntu/ros2_ws/src/MiniProsjekt/install/qube_driver/share/qube_driver/environment/path.sh
[1.235s] -- Up-to-date: /home/ubuntu/ros2_ws/src/MiniProsjekt/install/qube_driver/share/qube_driver/environment/path.dsv
[1.235s] -- Up-to-date: /home/ubuntu/ros2_ws/src/MiniProsjekt/install/qube_driver/share/qube_driver/local_setup.bash
[1.235s] -- Up-to-date: /home/ubuntu/ros2_ws/src/MiniProsjekt/install/qube_driver/share/qube_driver/local_setup.sh
[1.236s] -- Up-to-date: /home/ubuntu/ros2_ws/src/MiniProsjekt/install/qube_driver/share/qube_driver/local_setup.zsh
[1.236s] -- Up-to-date: /home/ubuntu/ros2_ws/src/MiniProsjekt/install/qube_driver/share/qube_driver/local_setup.dsv
[1.236s] -- Installing: /home/ubuntu/ros2_ws/src/MiniProsjekt/install/qube_driver/share/qube_driver/package.dsv
[1.236s] -- Up-to-date: /home/ubuntu/ros2_ws/src/MiniProsjekt/install/qube_driver/share/ament_index/resource_index/packages/qube_driver
[1.236s] -- Up-to-date: /home/ubuntu/ros2_ws/src/MiniProsjekt/install/qube_driver/share/ament_index/resource_index/hardware_interface__pluginlib__plugin/qube_driver
[1.236s] -- Up-to-date: /home/ubuntu/ros2_ws/src/MiniProsjekt/install/qube_driver/share/qube_driver/cmake/ament_cmake_export_dependencies-extras.cmake
[1.236s] -- Up-to-date: /home/ubuntu/ros2_ws/src/MiniProsjekt/install/qube_driver/share/qube_driver/cmake/ament_cmake_export_libraries-extras.cmake
[1.236s] -- Up-to-date: /home/ubuntu/ros2_ws/src/MiniProsjekt/install/qube_driver/share/qube_driver/cmake/qube_driverConfig.cmake
[1.236s] -- Up-to-date: /home/ubuntu/ros2_ws/src/MiniProsjekt/install/qube_driver/share/qube_driver/cmake/qube_driverConfig-version.cmake
[1.236s] -- Up-to-date: /home/ubuntu/ros2_ws/src/MiniProsjekt/install/qube_driver/share/qube_driver/package.xml
[1.237s] -- Up-to-date: /home/ubuntu/ros2_ws/src/MiniProsjekt/install/qube_driver/share/serial/serial-config.cmake
[1.237s] -- Up-to-date: /home/ubuntu/ros2_ws/src/MiniProsjekt/install/qube_driver/share/serial/serial-config-version.cmake
[1.237s] -- Up-to-date: /home/ubuntu/ros2_ws/src/MiniProsjekt/install/qube_driver/lib/libserial.a
[1.237s] -- Up-to-date: /home/ubuntu/ros2_ws/src/MiniProsjekt/install/qube_driver/include
[1.238s] -- Up-to-date: /home/ubuntu/ros2_ws/src/MiniProsjekt/install/qube_driver/include/serial
[1.238s] -- Up-to-date: /home/ubuntu/ros2_ws/src/MiniProsjekt/install/qube_driver/include/serial/v8stdint.h
[1.238s] -- Up-to-date: /home/ubuntu/ros2_ws/src/MiniProsjekt/install/qube_driver/include/serial/impl
[1.238s] -- Up-to-date: /home/ubuntu/ros2_ws/src/MiniProsjekt/install/qube_driver/include/serial/impl/win.h
[1.238s] -- Up-to-date: /home/ubuntu/ros2_ws/src/MiniProsjekt/install/qube_driver/include/serial/impl/unix.h
[1.238s] -- Up-to-date: /home/ubuntu/ros2_ws/src/MiniProsjekt/install/qube_driver/include/serial/serial.h
[1.240s] -- Up-to-date: /home/ubuntu/ros2_ws/src/MiniProsjekt/install/qube_driver/share/serial/serial-targets.cmake
[1.240s] -- Up-to-date: /home/ubuntu/ros2_ws/src/MiniProsjekt/install/qube_driver/share/serial/serial-targets-noconfig.cmake
[1.245s] Invoked command in '/home/ubuntu/ros2_ws/src/MiniProsjekt/build/qube_driver' returned '0': CMAKE_PREFIX_PATH=${CMAKE_PREFIX_PATH}:/opt/ros/jazzy DEBUGINFOD_URLS=https://debuginfod.ubuntu.com /usr/bin/cmake --install /home/ubuntu/ros2_ws/src/MiniProsjekt/build/qube_driver
