[0.118s] DEBUG:colcon:Command line arguments: ['/usr/bin/colcon', 'build']
[0.118s] DEBUG:colcon:Parsed command line arguments: Namespace(log_base=None, log_level=None, verb_name='build', build_base='build', install_base='install', merge_install=False, symlink_install=False, test_result_base=None, continue_on_error=False, executor='parallel', parallel_workers=4, event_handlers=None, ignore_user_meta=False, metas=['./colcon.meta'], base_paths=['.'], packages_ignore=None, packages_ignore_regex=None, paths=None, packages_up_to=None, packages_up_to_regex=None, packages_above=None, packages_above_and_dependencies=None, packages_above_depth=None, packages_select_by_dep=None, packages_skip_by_dep=None, packages_skip_up_to=None, packages_select_build_failed=False, packages_skip_build_finished=False, packages_select_test_failures=False, packages_skip_test_passed=False, packages_select=None, packages_skip=None, packages_select_regex=None, packages_skip_regex=None, packages_start=None, packages_end=None, allow_overriding=[], cmake_args=None, cmake_target=None, cmake_target_skip_unavailable=False, cmake_clean_cache=False, cmake_clean_first=False, cmake_force_configure=False, ament_cmake_args=None, catkin_cmake_args=None, catkin_skip_building_tests=False, mixin_files=None, mixin=None, verb_parser=<colcon_mixin.mixin.mixin_argument.MixinArgumentDecorator object at 0x750ce8da4050>, verb_extension=<colcon_core.verb.build.BuildVerb object at 0x750ce8ec4470>, main=<bound method BuildVerb.main of <colcon_core.verb.build.BuildVerb object at 0x750ce8ec4470>>, mixin_verb=('build',))
[0.156s] Level 1:colcon.colcon_core.package_discovery:discover_packages(colcon_meta) check parameters
[0.156s] Level 1:colcon.colcon_core.package_discovery:discover_packages(recursive) check parameters
[0.156s] Level 1:colcon.colcon_core.package_discovery:discover_packages(ignore) check parameters
[0.156s] Level 1:colcon.colcon_core.package_discovery:discover_packages(path) check parameters
[0.156s] Level 1:colcon.colcon_core.package_discovery:discover_packages(colcon_meta) discover
[0.156s] Level 1:colcon.colcon_core.package_discovery:discover_packages(recursive) discover
[0.156s] INFO:colcon.colcon_core.package_discovery:Crawling recursively for packages in '/home/ubuntu/ros2_ws/src/MiniProsjekt'
[0.156s] Level 1:colcon.colcon_core.package_identification:_identify(.) by extensions ['ignore', 'ignore_ament_install']
[0.157s] Level 1:colcon.colcon_core.package_identification:_identify(.) by extension 'ignore'
[0.157s] Level 1:colcon.colcon_core.package_identification:_identify(.) by extension 'ignore_ament_install'
[0.157s] Level 1:colcon.colcon_core.package_identification:_identify(.) by extensions ['colcon_pkg']
[0.157s] Level 1:colcon.colcon_core.package_identification:_identify(.) by extension 'colcon_pkg'
[0.157s] Level 1:colcon.colcon_core.package_identification:_identify(.) by extensions ['colcon_meta']
[0.157s] Level 1:colcon.colcon_core.package_identification:_identify(.) by extension 'colcon_meta'
[0.157s] Level 1:colcon.colcon_core.package_identification:_identify(.) by extensions ['ros']
[0.157s] Level 1:colcon.colcon_core.package_identification:_identify(.) by extension 'ros'
[0.182s] Level 1:colcon.colcon_core.package_identification:_identify(.) by extensions ['cmake', 'python']
[0.182s] Level 1:colcon.colcon_core.package_identification:_identify(.) by extension 'cmake'
[0.183s] Level 1:colcon.colcon_core.package_identification:_identify(.) by extension 'python'
[0.183s] Level 1:colcon.colcon_core.package_identification:_identify(.) by extensions ['python_setup_py']
[0.183s] Level 1:colcon.colcon_core.package_identification:_identify(.) by extension 'python_setup_py'
[0.183s] Level 1:colcon.colcon_core.package_identification:_identify(build) by extensions ['ignore', 'ignore_ament_install']
[0.183s] Level 1:colcon.colcon_core.package_identification:_identify(build) by extension 'ignore'
[0.183s] Level 1:colcon.colcon_core.package_identification:_identify(build) ignored
[0.183s] Level 1:colcon.colcon_core.package_identification:_identify(install) by extensions ['ignore', 'ignore_ament_install']
[0.183s] Level 1:colcon.colcon_core.package_identification:_identify(install) by extension 'ignore'
[0.183s] Level 1:colcon.colcon_core.package_identification:_identify(install) ignored
[0.183s] Level 1:colcon.colcon_core.package_identification:_identify(log) by extensions ['ignore', 'ignore_ament_install']
[0.183s] Level 1:colcon.colcon_core.package_identification:_identify(log) by extension 'ignore'
[0.183s] Level 1:colcon.colcon_core.package_identification:_identify(log) ignored
[0.183s] Level 1:colcon.colcon_core.package_identification:_identify(qube_bringup) by extensions ['ignore', 'ignore_ament_install']
[0.183s] Level 1:colcon.colcon_core.package_identification:_identify(qube_bringup) by extension 'ignore'
[0.184s] Level 1:colcon.colcon_core.package_identification:_identify(qube_bringup) by extension 'ignore_ament_install'
[0.184s] Level 1:colcon.colcon_core.package_identification:_identify(qube_bringup) by extensions ['colcon_pkg']
[0.184s] Level 1:colcon.colcon_core.package_identification:_identify(qube_bringup) by extension 'colcon_pkg'
[0.184s] Level 1:colcon.colcon_core.package_identification:_identify(qube_bringup) by extensions ['colcon_meta']
[0.184s] Level 1:colcon.colcon_core.package_identification:_identify(qube_bringup) by extension 'colcon_meta'
[0.184s] Level 1:colcon.colcon_core.package_identification:_identify(qube_bringup) by extensions ['ros']
[0.184s] Level 1:colcon.colcon_core.package_identification:_identify(qube_bringup) by extension 'ros'
[0.186s] DEBUG:colcon.colcon_core.package_identification:Package 'qube_bringup' with type 'ros.ament_python' and name 'qube_bringup'
[0.186s] Level 1:colcon.colcon_core.package_identification:_identify(qube_controller) by extensions ['ignore', 'ignore_ament_install']
[0.186s] Level 1:colcon.colcon_core.package_identification:_identify(qube_controller) by extension 'ignore'
[0.186s] Level 1:colcon.colcon_core.package_identification:_identify(qube_controller) by extension 'ignore_ament_install'
[0.186s] Level 1:colcon.colcon_core.package_identification:_identify(qube_controller) by extensions ['colcon_pkg']
[0.186s] Level 1:colcon.colcon_core.package_identification:_identify(qube_controller) by extension 'colcon_pkg'
[0.186s] Level 1:colcon.colcon_core.package_identification:_identify(qube_controller) by extensions ['colcon_meta']
[0.186s] Level 1:colcon.colcon_core.package_identification:_identify(qube_controller) by extension 'colcon_meta'
[0.186s] Level 1:colcon.colcon_core.package_identification:_identify(qube_controller) by extensions ['ros']
[0.186s] Level 1:colcon.colcon_core.package_identification:_identify(qube_controller) by extension 'ros'
[0.187s] DEBUG:colcon.colcon_core.package_identification:Package 'qube_controller' with type 'ros.ament_python' and name 'qube_controller'
[0.187s] Level 1:colcon.colcon_core.package_identification:_identify(qube_description) by extensions ['ignore', 'ignore_ament_install']
[0.187s] Level 1:colcon.colcon_core.package_identification:_identify(qube_description) by extension 'ignore'
[0.187s] Level 1:colcon.colcon_core.package_identification:_identify(qube_description) by extension 'ignore_ament_install'
[0.187s] Level 1:colcon.colcon_core.package_identification:_identify(qube_description) by extensions ['colcon_pkg']
[0.187s] Level 1:colcon.colcon_core.package_identification:_identify(qube_description) by extension 'colcon_pkg'
[0.187s] Level 1:colcon.colcon_core.package_identification:_identify(qube_description) by extensions ['colcon_meta']
[0.187s] Level 1:colcon.colcon_core.package_identification:_identify(qube_description) by extension 'colcon_meta'
[0.187s] Level 1:colcon.colcon_core.package_identification:_identify(qube_description) by extensions ['ros']
[0.187s] Level 1:colcon.colcon_core.package_identification:_identify(qube_description) by extension 'ros'
[0.188s] DEBUG:colcon.colcon_core.package_identification:Package 'qube_description' with type 'ros.ament_python' and name 'qube_description'
[0.188s] Level 1:colcon.colcon_core.package_identification:_identify(qube_driver) by extensions ['ignore', 'ignore_ament_install']
[0.188s] Level 1:colcon.colcon_core.package_identification:_identify(qube_driver) by extension 'ignore'
[0.188s] Level 1:colcon.colcon_core.package_identification:_identify(qube_driver) by extension 'ignore_ament_install'
[0.188s] Level 1:colcon.colcon_core.package_identification:_identify(qube_driver) by extensions ['colcon_pkg']
[0.188s] Level 1:colcon.colcon_core.package_identification:_identify(qube_driver) by extension 'colcon_pkg'
[0.188s] Level 1:colcon.colcon_core.package_identification:_identify(qube_driver) by extensions ['colcon_meta']
[0.188s] Level 1:colcon.colcon_core.package_identification:_identify(qube_driver) by extension 'colcon_meta'
[0.188s] Level 1:colcon.colcon_core.package_identification:_identify(qube_driver) by extensions ['ros']
[0.188s] Level 1:colcon.colcon_core.package_identification:_identify(qube_driver) by extension 'ros'
[0.189s] DEBUG:colcon.colcon_core.package_identification:Package 'qube_driver' with type 'ros.ament_cmake' and name 'qube_driver'
[0.189s] Level 1:colcon.colcon_core.package_discovery:discover_packages(recursive) using defaults
[0.189s] Level 1:colcon.colcon_core.package_discovery:discover_packages(ignore) discover
[0.189s] Level 1:colcon.colcon_core.package_discovery:discover_packages(ignore) using defaults
[0.189s] Level 1:colcon.colcon_core.package_discovery:discover_packages(path) discover
[0.189s] Level 1:colcon.colcon_core.package_discovery:discover_packages(path) using defaults
[0.206s] Level 1:colcon.colcon_core.package_discovery:discover_packages(prefix_path) check parameters
[0.206s] Level 1:colcon.colcon_core.package_discovery:discover_packages(prefix_path) discover
[0.208s] DEBUG:colcon.colcon_installed_package_information.package_discovery:Found 4 installed packages in /home/ubuntu/ros2_ws/src/MiniProsjekt/install
[0.209s] DEBUG:colcon.colcon_installed_package_information.package_discovery:Found 349 installed packages in /opt/ros/jazzy
[0.211s] Level 1:colcon.colcon_core.package_discovery:discover_packages(prefix_path) using defaults
[0.264s] Level 5:colcon.colcon_core.verb:set package 'qube_bringup' build argument 'cmake_args' from command line to 'None'
[0.264s] Level 5:colcon.colcon_core.verb:set package 'qube_bringup' build argument 'cmake_target' from command line to 'None'
[0.264s] Level 5:colcon.colcon_core.verb:set package 'qube_bringup' build argument 'cmake_target_skip_unavailable' from command line to 'False'
[0.264s] Level 5:colcon.colcon_core.verb:set package 'qube_bringup' build argument 'cmake_clean_cache' from command line to 'False'
[0.264s] Level 5:colcon.colcon_core.verb:set package 'qube_bringup' build argument 'cmake_clean_first' from command line to 'False'
[0.264s] Level 5:colcon.colcon_core.verb:set package 'qube_bringup' build argument 'cmake_force_configure' from command line to 'False'
[0.264s] Level 5:colcon.colcon_core.verb:set package 'qube_bringup' build argument 'ament_cmake_args' from command line to 'None'
[0.264s] Level 5:colcon.colcon_core.verb:set package 'qube_bringup' build argument 'catkin_cmake_args' from command line to 'None'
[0.264s] Level 5:colcon.colcon_core.verb:set package 'qube_bringup' build argument 'catkin_skip_building_tests' from command line to 'False'
[0.264s] DEBUG:colcon.colcon_core.verb:Building package 'qube_bringup' with the following arguments: {'ament_cmake_args': None, 'build_base': '/home/ubuntu/ros2_ws/src/MiniProsjekt/build/qube_bringup', 'catkin_cmake_args': None, 'catkin_skip_building_tests': False, 'cmake_args': None, 'cmake_clean_cache': False, 'cmake_clean_first': False, 'cmake_force_configure': False, 'cmake_target': None, 'cmake_target_skip_unavailable': False, 'install_base': '/home/ubuntu/ros2_ws/src/MiniProsjekt/install/qube_bringup', 'merge_install': False, 'path': '/home/ubuntu/ros2_ws/src/MiniProsjekt/qube_bringup', 'symlink_install': False, 'test_result_base': None}
[0.265s] Level 5:colcon.colcon_core.verb:set package 'qube_controller' build argument 'cmake_args' from command line to 'None'
[0.265s] Level 5:colcon.colcon_core.verb:set package 'qube_controller' build argument 'cmake_target' from command line to 'None'
[0.265s] Level 5:colcon.colcon_core.verb:set package 'qube_controller' build argument 'cmake_target_skip_unavailable' from command line to 'False'
[0.265s] Level 5:colcon.colcon_core.verb:set package 'qube_controller' build argument 'cmake_clean_cache' from command line to 'False'
[0.265s] Level 5:colcon.colcon_core.verb:set package 'qube_controller' build argument 'cmake_clean_first' from command line to 'False'
[0.265s] Level 5:colcon.colcon_core.verb:set package 'qube_controller' build argument 'cmake_force_configure' from command line to 'False'
[0.265s] Level 5:colcon.colcon_core.verb:set package 'qube_controller' build argument 'ament_cmake_args' from command line to 'None'
[0.265s] Level 5:colcon.colcon_core.verb:set package 'qube_controller' build argument 'catkin_cmake_args' from command line to 'None'
[0.265s] Level 5:colcon.colcon_core.verb:set package 'qube_controller' build argument 'catkin_skip_building_tests' from command line to 'False'
[0.265s] DEBUG:colcon.colcon_core.verb:Building package 'qube_controller' with the following arguments: {'ament_cmake_args': None, 'build_base': '/home/ubuntu/ros2_ws/src/MiniProsjekt/build/qube_controller', 'catkin_cmake_args': None, 'catkin_skip_building_tests': False, 'cmake_args': None, 'cmake_clean_cache': False, 'cmake_clean_first': False, 'cmake_force_configure': False, 'cmake_target': None, 'cmake_target_skip_unavailable': False, 'install_base': '/home/ubuntu/ros2_ws/src/MiniProsjekt/install/qube_controller', 'merge_install': False, 'path': '/home/ubuntu/ros2_ws/src/MiniProsjekt/qube_controller', 'symlink_install': False, 'test_result_base': None}
[0.265s] Level 5:colcon.colcon_core.verb:set package 'qube_description' build argument 'cmake_args' from command line to 'None'
[0.265s] Level 5:colcon.colcon_core.verb:set package 'qube_description' build argument 'cmake_target' from command line to 'None'
[0.265s] Level 5:colcon.colcon_core.verb:set package 'qube_description' build argument 'cmake_target_skip_unavailable' from command line to 'False'
[0.265s] Level 5:colcon.colcon_core.verb:set package 'qube_description' build argument 'cmake_clean_cache' from command line to 'False'
[0.265s] Level 5:colcon.colcon_core.verb:set package 'qube_description' build argument 'cmake_clean_first' from command line to 'False'
[0.265s] Level 5:colcon.colcon_core.verb:set package 'qube_description' build argument 'cmake_force_configure' from command line to 'False'
[0.265s] Level 5:colcon.colcon_core.verb:set package 'qube_description' build argument 'ament_cmake_args' from command line to 'None'
[0.265s] Level 5:colcon.colcon_core.verb:set package 'qube_description' build argument 'catkin_cmake_args' from command line to 'None'
[0.265s] Level 5:colcon.colcon_core.verb:set package 'qube_description' build argument 'catkin_skip_building_tests' from command line to 'False'
[0.265s] DEBUG:colcon.colcon_core.verb:Building package 'qube_description' with the following arguments: {'ament_cmake_args': None, 'build_base': '/home/ubuntu/ros2_ws/src/MiniProsjekt/build/qube_description', 'catkin_cmake_args': None, 'catkin_skip_building_tests': False, 'cmake_args': None, 'cmake_clean_cache': False, 'cmake_clean_first': False, 'cmake_force_configure': False, 'cmake_target': None, 'cmake_target_skip_unavailable': False, 'install_base': '/home/ubuntu/ros2_ws/src/MiniProsjekt/install/qube_description', 'merge_install': False, 'path': '/home/ubuntu/ros2_ws/src/MiniProsjekt/qube_description', 'symlink_install': False, 'test_result_base': None}
[0.265s] Level 5:colcon.colcon_core.verb:set package 'qube_driver' build argument 'cmake_args' from command line to 'None'
[0.265s] Level 5:colcon.colcon_core.verb:set package 'qube_driver' build argument 'cmake_target' from command line to 'None'
[0.265s] Level 5:colcon.colcon_core.verb:set package 'qube_driver' build argument 'cmake_target_skip_unavailable' from command line to 'False'
[0.266s] Level 5:colcon.colcon_core.verb:set package 'qube_driver' build argument 'cmake_clean_cache' from command line to 'False'
[0.266s] Level 5:colcon.colcon_core.verb:set package 'qube_driver' build argument 'cmake_clean_first' from command line to 'False'
[0.266s] Level 5:colcon.colcon_core.verb:set package 'qube_driver' build argument 'cmake_force_configure' from command line to 'False'
[0.266s] Level 5:colcon.colcon_core.verb:set package 'qube_driver' build argument 'ament_cmake_args' from command line to 'None'
[0.266s] Level 5:colcon.colcon_core.verb:set package 'qube_driver' build argument 'catkin_cmake_args' from command line to 'None'
[0.266s] Level 5:colcon.colcon_core.verb:set package 'qube_driver' build argument 'catkin_skip_building_tests' from command line to 'False'
[0.266s] DEBUG:colcon.colcon_core.verb:Building package 'qube_driver' with the following arguments: {'ament_cmake_args': None, 'build_base': '/home/ubuntu/ros2_ws/src/MiniProsjekt/build/qube_driver', 'catkin_cmake_args': None, 'catkin_skip_building_tests': False, 'cmake_args': None, 'cmake_clean_cache': False, 'cmake_clean_first': False, 'cmake_force_configure': False, 'cmake_target': None, 'cmake_target_skip_unavailable': False, 'install_base': '/home/ubuntu/ros2_ws/src/MiniProsjekt/install/qube_driver', 'merge_install': False, 'path': '/home/ubuntu/ros2_ws/src/MiniProsjekt/qube_driver', 'symlink_install': False, 'test_result_base': None}
[0.266s] INFO:colcon.colcon_core.executor:Executing jobs using 'parallel' executor
[0.267s] DEBUG:colcon.colcon_parallel_executor.executor.parallel:run_until_complete
[0.267s] INFO:colcon.colcon_ros.task.ament_python.build:Building ROS package in '/home/ubuntu/ros2_ws/src/MiniProsjekt/qube_bringup' with build type 'ament_python'
[0.267s] Level 1:colcon.colcon_core.shell:create_environment_hook('qube_bringup', 'ament_prefix_path')
[0.270s] INFO:colcon.colcon_core.plugin_system:Skipping extension 'colcon_core.shell.bat': Not used on non-Windows systems
[0.270s] INFO:colcon.colcon_core.shell:Creating environment hook '/home/ubuntu/ros2_ws/src/MiniProsjekt/install/qube_bringup/share/qube_bringup/hook/ament_prefix_path.ps1'
[0.271s] INFO:colcon.colcon_core.shell:Creating environment descriptor '/home/ubuntu/ros2_ws/src/MiniProsjekt/install/qube_bringup/share/qube_bringup/hook/ament_prefix_path.dsv'
[0.271s] INFO:colcon.colcon_core.shell:Creating environment hook '/home/ubuntu/ros2_ws/src/MiniProsjekt/install/qube_bringup/share/qube_bringup/hook/ament_prefix_path.sh'
[0.273s] INFO:colcon.colcon_core.shell:Skip shell extension 'powershell' for command environment: Not usable outside of PowerShell
[0.273s] DEBUG:colcon.colcon_core.shell:Skip shell extension 'dsv' for command environment
[0.278s] INFO:colcon.colcon_ros.task.ament_python.build:Building ROS package in '/home/ubuntu/ros2_ws/src/MiniProsjekt/qube_controller' with build type 'ament_python'
[0.278s] Level 1:colcon.colcon_core.shell:create_environment_hook('qube_controller', 'ament_prefix_path')
[0.279s] INFO:colcon.colcon_core.shell:Creating environment hook '/home/ubuntu/ros2_ws/src/MiniProsjekt/install/qube_controller/share/qube_controller/hook/ament_prefix_path.ps1'
[0.280s] INFO:colcon.colcon_core.shell:Creating environment descriptor '/home/ubuntu/ros2_ws/src/MiniProsjekt/install/qube_controller/share/qube_controller/hook/ament_prefix_path.dsv'
[0.281s] INFO:colcon.colcon_core.shell:Creating environment hook '/home/ubuntu/ros2_ws/src/MiniProsjekt/install/qube_controller/share/qube_controller/hook/ament_prefix_path.sh'
[0.281s] INFO:colcon.colcon_core.shell:Skip shell extension 'powershell' for command environment: Not usable outside of PowerShell
[0.281s] DEBUG:colcon.colcon_core.shell:Skip shell extension 'dsv' for command environment
[0.288s] INFO:colcon.colcon_ros.task.ament_python.build:Building ROS package in '/home/ubuntu/ros2_ws/src/MiniProsjekt/qube_description' with build type 'ament_python'
[0.289s] Level 1:colcon.colcon_core.shell:create_environment_hook('qube_description', 'ament_prefix_path')
[0.289s] INFO:colcon.colcon_core.shell:Creating environment hook '/home/ubuntu/ros2_ws/src/MiniProsjekt/install/qube_description/share/qube_description/hook/ament_prefix_path.ps1'
[0.289s] INFO:colcon.colcon_core.shell:Creating environment descriptor '/home/ubuntu/ros2_ws/src/MiniProsjekt/install/qube_description/share/qube_description/hook/ament_prefix_path.dsv'
[0.290s] INFO:colcon.colcon_core.shell:Creating environment hook '/home/ubuntu/ros2_ws/src/MiniProsjekt/install/qube_description/share/qube_description/hook/ament_prefix_path.sh'
[0.290s] INFO:colcon.colcon_core.shell:Skip shell extension 'powershell' for command environment: Not usable outside of PowerShell
[0.290s] DEBUG:colcon.colcon_core.shell:Skip shell extension 'dsv' for command environment
[0.293s] INFO:colcon.colcon_ros.task.ament_cmake.build:Building ROS package in '/home/ubuntu/ros2_ws/src/MiniProsjekt/qube_driver' with build type 'ament_cmake'
[0.294s] INFO:colcon.colcon_cmake.task.cmake.build:Building CMake package in '/home/ubuntu/ros2_ws/src/MiniProsjekt/qube_driver'
[0.294s] INFO:colcon.colcon_core.shell:Skip shell extension 'powershell' for command environment: Not usable outside of PowerShell
[0.294s] DEBUG:colcon.colcon_core.shell:Skip shell extension 'dsv' for command environment
[0.530s] INFO:colcon.colcon_core.task.python.build:Building Python package in '/home/ubuntu/ros2_ws/src/MiniProsjekt/qube_bringup'
[0.531s] INFO:colcon.colcon_core.shell:Skip shell extension 'powershell' for command environment: Not usable outside of PowerShell
[0.531s] DEBUG:colcon.colcon_core.shell:Skip shell extension 'dsv' for command environment
[0.760s] INFO:colcon.colcon_core.task.python.build:Building Python package in '/home/ubuntu/ros2_ws/src/MiniProsjekt/qube_controller'
[0.761s] INFO:colcon.colcon_core.shell:Skip shell extension 'powershell' for command environment: Not usable outside of PowerShell
[0.761s] DEBUG:colcon.colcon_core.shell:Skip shell extension 'dsv' for command environment
[0.997s] INFO:colcon.colcon_core.task.python.build:Building Python package in '/home/ubuntu/ros2_ws/src/MiniProsjekt/qube_description'
[0.998s] INFO:colcon.colcon_core.shell:Skip shell extension 'powershell' for command environment: Not usable outside of PowerShell
[0.998s] DEBUG:colcon.colcon_core.shell:Skip shell extension 'dsv' for command environment
[1.006s] DEBUG:colcon.colcon_core.event_handler.log_command:Invoking command in '/home/ubuntu/ros2_ws/src/MiniProsjekt/build/qube_driver': CMAKE_PREFIX_PATH=${CMAKE_PREFIX_PATH}:/home/ubuntu/ros2_ws/src/MiniProsjekt/install/qube_description:/home/ubuntu/ros2_ws/src/MiniProsjekt/install/qube_controller:/home/ubuntu/ros2_ws/src/MiniProsjekt/install/qube_bringup:/opt/ros/jazzy DEBUGINFOD_URLS=https://debuginfod.ubuntu.com /usr/bin/cmake --build /home/ubuntu/ros2_ws/src/MiniProsjekt/build/qube_driver -- -j4 -l4
[1.143s] DEBUG:colcon.colcon_core.event_handler.log_command:Invoked command in '/home/ubuntu/ros2_ws/src/MiniProsjekt/build/qube_driver' returned '0': CMAKE_PREFIX_PATH=${CMAKE_PREFIX_PATH}:/home/ubuntu/ros2_ws/src/MiniProsjekt/install/qube_description:/home/ubuntu/ros2_ws/src/MiniProsjekt/install/qube_controller:/home/ubuntu/ros2_ws/src/MiniProsjekt/install/qube_bringup:/opt/ros/jazzy DEBUGINFOD_URLS=https://debuginfod.ubuntu.com /usr/bin/cmake --build /home/ubuntu/ros2_ws/src/MiniProsjekt/build/qube_driver -- -j4 -l4
[1.155s] DEBUG:colcon.colcon_core.event_handler.log_command:Invoking command in '/home/ubuntu/ros2_ws/src/MiniProsjekt/build/qube_driver': CMAKE_PREFIX_PATH=${CMAKE_PREFIX_PATH}:/home/ubuntu/ros2_ws/src/MiniProsjekt/install/qube_description:/home/ubuntu/ros2_ws/src/MiniProsjekt/install/qube_controller:/home/ubuntu/ros2_ws/src/MiniProsjekt/install/qube_bringup:/opt/ros/jazzy DEBUGINFOD_URLS=https://debuginfod.ubuntu.com /usr/bin/cmake --install /home/ubuntu/ros2_ws/src/MiniProsjekt/build/qube_driver
[1.176s] Level 1:colcon.colcon_core.environment:create_environment_scripts_only(qube_driver)
[1.182s] Level 1:colcon.colcon_core.environment:checking '/home/ubuntu/ros2_ws/src/MiniProsjekt/install/qube_driver' for CMake module files
[1.184s] Level 1:colcon.colcon_core.environment:checking '/home/ubuntu/ros2_ws/src/MiniProsjekt/install/qube_driver' for CMake config files
[1.184s] Level 1:colcon.colcon_core.shell:create_environment_hook('qube_driver', 'cmake_prefix_path')
[1.185s] INFO:colcon.colcon_core.shell:Creating environment hook '/home/ubuntu/ros2_ws/src/MiniProsjekt/install/qube_driver/share/qube_driver/hook/cmake_prefix_path.ps1'
[1.186s] DEBUG:colcon.colcon_core.event_handler.log_command:Invoked command in '/home/ubuntu/ros2_ws/src/MiniProsjekt/build/qube_driver' returned '0': CMAKE_PREFIX_PATH=${CMAKE_PREFIX_PATH}:/home/ubuntu/ros2_ws/src/MiniProsjekt/install/qube_description:/home/ubuntu/ros2_ws/src/MiniProsjekt/install/qube_controller:/home/ubuntu/ros2_ws/src/MiniProsjekt/install/qube_bringup:/opt/ros/jazzy DEBUGINFOD_URLS=https://debuginfod.ubuntu.com /usr/bin/cmake --install /home/ubuntu/ros2_ws/src/MiniProsjekt/build/qube_driver
[1.187s] INFO:colcon.colcon_core.shell:Creating environment descriptor '/home/ubuntu/ros2_ws/src/MiniProsjekt/install/qube_driver/share/qube_driver/hook/cmake_prefix_path.dsv'
[1.187s] INFO:colcon.colcon_core.shell:Creating environment hook '/home/ubuntu/ros2_ws/src/MiniProsjekt/install/qube_driver/share/qube_driver/hook/cmake_prefix_path.sh'
[1.188s] Level 1:colcon.colcon_core.environment:checking '/home/ubuntu/ros2_ws/src/MiniProsjekt/install/qube_driver/lib'
[1.188s] Level 1:colcon.colcon_core.shell:create_environment_hook('qube_driver', 'ld_library_path_lib')
[1.188s] INFO:colcon.colcon_core.shell:Creating environment hook '/home/ubuntu/ros2_ws/src/MiniProsjekt/install/qube_driver/share/qube_driver/hook/ld_library_path_lib.ps1'
[1.189s] INFO:colcon.colcon_core.shell:Creating environment descriptor '/home/ubuntu/ros2_ws/src/MiniProsjekt/install/qube_driver/share/qube_driver/hook/ld_library_path_lib.dsv'
[1.190s] INFO:colcon.colcon_core.shell:Creating environment hook '/home/ubuntu/ros2_ws/src/MiniProsjekt/install/qube_driver/share/qube_driver/hook/ld_library_path_lib.sh'
[1.190s] Level 1:colcon.colcon_core.environment:checking '/home/ubuntu/ros2_ws/src/MiniProsjekt/install/qube_driver/bin'
[1.190s] Level 1:colcon.colcon_core.environment:checking '/home/ubuntu/ros2_ws/src/MiniProsjekt/install/qube_driver/lib/pkgconfig/qube_driver.pc'
[1.191s] Level 1:colcon.colcon_core.environment:checking '/home/ubuntu/ros2_ws/src/MiniProsjekt/install/qube_driver/lib/python3.12/site-packages'
[1.191s] Level 1:colcon.colcon_core.environment:checking '/home/ubuntu/ros2_ws/src/MiniProsjekt/install/qube_driver/bin'
[1.191s] INFO:colcon.colcon_core.shell:Creating package script '/home/ubuntu/ros2_ws/src/MiniProsjekt/install/qube_driver/share/qube_driver/package.ps1'
[1.193s] INFO:colcon.colcon_core.shell:Creating package descriptor '/home/ubuntu/ros2_ws/src/MiniProsjekt/install/qube_driver/share/qube_driver/package.dsv'
[1.194s] INFO:colcon.colcon_core.shell:Creating package script '/home/ubuntu/ros2_ws/src/MiniProsjekt/install/qube_driver/share/qube_driver/package.sh'
[1.195s] INFO:colcon.colcon_core.shell:Creating package script '/home/ubuntu/ros2_ws/src/MiniProsjekt/install/qube_driver/share/qube_driver/package.bash'
[1.196s] INFO:colcon.colcon_core.shell:Creating package script '/home/ubuntu/ros2_ws/src/MiniProsjekt/install/qube_driver/share/qube_driver/package.zsh'
[1.197s] Level 1:colcon.colcon_core.environment:create_file_with_runtime_dependencies(/home/ubuntu/ros2_ws/src/MiniProsjekt/install/qube_driver/share/colcon-core/packages/qube_driver)
[1.198s] Level 1:colcon.colcon_core.environment:create_environment_scripts_only(qube_driver)
[1.198s] Level 1:colcon.colcon_core.environment:checking '/home/ubuntu/ros2_ws/src/MiniProsjekt/install/qube_driver' for CMake module files
[1.199s] Level 1:colcon.colcon_core.environment:checking '/home/ubuntu/ros2_ws/src/MiniProsjekt/install/qube_driver' for CMake config files
[1.199s] Level 1:colcon.colcon_core.shell:create_environment_hook('qube_driver', 'cmake_prefix_path')
[1.199s] INFO:colcon.colcon_core.shell:Creating environment hook '/home/ubuntu/ros2_ws/src/MiniProsjekt/install/qube_driver/share/qube_driver/hook/cmake_prefix_path.ps1'
[1.200s] INFO:colcon.colcon_core.shell:Creating environment descriptor '/home/ubuntu/ros2_ws/src/MiniProsjekt/install/qube_driver/share/qube_driver/hook/cmake_prefix_path.dsv'
[1.201s] INFO:colcon.colcon_core.shell:Creating environment hook '/home/ubuntu/ros2_ws/src/MiniProsjekt/install/qube_driver/share/qube_driver/hook/cmake_prefix_path.sh'
[1.201s] Level 1:colcon.colcon_core.environment:checking '/home/ubuntu/ros2_ws/src/MiniProsjekt/install/qube_driver/lib'
[1.201s] Level 1:colcon.colcon_core.shell:create_environment_hook('qube_driver', 'ld_library_path_lib')
[1.202s] INFO:colcon.colcon_core.shell:Creating environment hook '/home/ubuntu/ros2_ws/src/MiniProsjekt/install/qube_driver/share/qube_driver/hook/ld_library_path_lib.ps1'
[1.202s] INFO:colcon.colcon_core.shell:Creating environment descriptor '/home/ubuntu/ros2_ws/src/MiniProsjekt/install/qube_driver/share/qube_driver/hook/ld_library_path_lib.dsv'
[1.203s] INFO:colcon.colcon_core.shell:Creating environment hook '/home/ubuntu/ros2_ws/src/MiniProsjekt/install/qube_driver/share/qube_driver/hook/ld_library_path_lib.sh'
[1.203s] Level 1:colcon.colcon_core.environment:checking '/home/ubuntu/ros2_ws/src/MiniProsjekt/install/qube_driver/bin'
[1.203s] Level 1:colcon.colcon_core.environment:checking '/home/ubuntu/ros2_ws/src/MiniProsjekt/install/qube_driver/lib/pkgconfig/qube_driver.pc'
[1.204s] Level 1:colcon.colcon_core.environment:checking '/home/ubuntu/ros2_ws/src/MiniProsjekt/install/qube_driver/lib/python3.12/site-packages'
[1.204s] Level 1:colcon.colcon_core.environment:checking '/home/ubuntu/ros2_ws/src/MiniProsjekt/install/qube_driver/bin'
[1.204s] INFO:colcon.colcon_core.shell:Creating package script '/home/ubuntu/ros2_ws/src/MiniProsjekt/install/qube_driver/share/qube_driver/package.ps1'
[1.205s] INFO:colcon.colcon_core.shell:Creating package descriptor '/home/ubuntu/ros2_ws/src/MiniProsjekt/install/qube_driver/share/qube_driver/package.dsv'
[1.206s] INFO:colcon.colcon_core.shell:Creating package script '/home/ubuntu/ros2_ws/src/MiniProsjekt/install/qube_driver/share/qube_driver/package.sh'
[1.207s] INFO:colcon.colcon_core.shell:Creating package script '/home/ubuntu/ros2_ws/src/MiniProsjekt/install/qube_driver/share/qube_driver/package.bash'
[1.207s] INFO:colcon.colcon_core.shell:Creating package script '/home/ubuntu/ros2_ws/src/MiniProsjekt/install/qube_driver/share/qube_driver/package.zsh'
[1.208s] Level 1:colcon.colcon_core.environment:create_file_with_runtime_dependencies(/home/ubuntu/ros2_ws/src/MiniProsjekt/install/qube_driver/share/colcon-core/packages/qube_driver)
[1.788s] DEBUG:colcon.colcon_core.event_handler.log_command:Invoking command in '/home/ubuntu/ros2_ws/src/MiniProsjekt/qube_description': DEBUGINFOD_URLS=https://debuginfod.ubuntu.com PYTHONPATH=/home/ubuntu/ros2_ws/src/MiniProsjekt/build/qube_description/prefix_override:/usr/lib/python3/dist-packages/colcon_core/task/python/colcon_distutils_commands:/home/ubuntu/ros2_ws/src/MiniProsjekt/install/qube_description/lib/python3.12/site-packages:${PYTHONPATH} /usr/bin/python3 -W ignore:setup.py install is deprecated -W ignore:easy_install command is deprecated setup.py egg_info --egg-base ../build/qube_description build --build-base /home/ubuntu/ros2_ws/src/MiniProsjekt/build/qube_description/build install --record /home/ubuntu/ros2_ws/src/MiniProsjekt/build/qube_description/install.log --single-version-externally-managed install_data
[2.037s] DEBUG:colcon.colcon_core.event_handler.log_command:Invoking command in '/home/ubuntu/ros2_ws/src/MiniProsjekt/qube_bringup': DEBUGINFOD_URLS=https://debuginfod.ubuntu.com PYTHONPATH=/home/ubuntu/ros2_ws/src/MiniProsjekt/build/qube_bringup/prefix_override:/usr/lib/python3/dist-packages/colcon_core/task/python/colcon_distutils_commands:/home/ubuntu/ros2_ws/src/MiniProsjekt/install/qube_bringup/lib/python3.12/site-packages:${PYTHONPATH} /usr/bin/python3 -W ignore:setup.py install is deprecated -W ignore:easy_install command is deprecated setup.py egg_info --egg-base ../build/qube_bringup build --build-base /home/ubuntu/ros2_ws/src/MiniProsjekt/build/qube_bringup/build install --record /home/ubuntu/ros2_ws/src/MiniProsjekt/build/qube_bringup/install.log --single-version-externally-managed install_data
[2.130s] DEBUG:colcon.colcon_core.event_handler.log_command:Invoking command in '/home/ubuntu/ros2_ws/src/MiniProsjekt/qube_controller': DEBUGINFOD_URLS=https://debuginfod.ubuntu.com PYTHONPATH=/home/ubuntu/ros2_ws/src/MiniProsjekt/build/qube_controller/prefix_override:/usr/lib/python3/dist-packages/colcon_core/task/python/colcon_distutils_commands:/home/ubuntu/ros2_ws/src/MiniProsjekt/install/qube_controller/lib/python3.12/site-packages:${PYTHONPATH} /usr/bin/python3 -W ignore:setup.py install is deprecated -W ignore:easy_install command is deprecated setup.py egg_info --egg-base ../build/qube_controller build --build-base /home/ubuntu/ros2_ws/src/MiniProsjekt/build/qube_controller/build install --record /home/ubuntu/ros2_ws/src/MiniProsjekt/build/qube_controller/install.log --single-version-externally-managed install_data
[2.723s] Level 1:colcon.colcon_core.environment:checking '/home/ubuntu/ros2_ws/src/MiniProsjekt/install/qube_bringup' for CMake module files
[2.724s] DEBUG:colcon.colcon_core.event_handler.log_command:Invoked command in '/home/ubuntu/ros2_ws/src/MiniProsjekt/qube_bringup' returned '0': DEBUGINFOD_URLS=https://debuginfod.ubuntu.com PYTHONPATH=/home/ubuntu/ros2_ws/src/MiniProsjekt/build/qube_bringup/prefix_override:/usr/lib/python3/dist-packages/colcon_core/task/python/colcon_distutils_commands:/home/ubuntu/ros2_ws/src/MiniProsjekt/install/qube_bringup/lib/python3.12/site-packages:${PYTHONPATH} /usr/bin/python3 -W ignore:setup.py install is deprecated -W ignore:easy_install command is deprecated setup.py egg_info --egg-base ../build/qube_bringup build --build-base /home/ubuntu/ros2_ws/src/MiniProsjekt/build/qube_bringup/build install --record /home/ubuntu/ros2_ws/src/MiniProsjekt/build/qube_bringup/install.log --single-version-externally-managed install_data
[2.725s] Level 1:colcon.colcon_core.environment:checking '/home/ubuntu/ros2_ws/src/MiniProsjekt/install/qube_bringup' for CMake config files
[2.725s] Level 1:colcon.colcon_core.environment:checking '/home/ubuntu/ros2_ws/src/MiniProsjekt/install/qube_bringup/lib'
[2.726s] Level 1:colcon.colcon_core.environment:checking '/home/ubuntu/ros2_ws/src/MiniProsjekt/install/qube_bringup/bin'
[2.726s] Level 1:colcon.colcon_core.environment:checking '/home/ubuntu/ros2_ws/src/MiniProsjekt/install/qube_bringup/lib/pkgconfig/qube_bringup.pc'
[2.726s] Level 1:colcon.colcon_core.environment:checking '/home/ubuntu/ros2_ws/src/MiniProsjekt/install/qube_bringup/lib/python3.12/site-packages'
[2.726s] Level 1:colcon.colcon_core.shell:create_environment_hook('qube_bringup', 'pythonpath')
[2.726s] INFO:colcon.colcon_core.shell:Creating environment hook '/home/ubuntu/ros2_ws/src/MiniProsjekt/install/qube_bringup/share/qube_bringup/hook/pythonpath.ps1'
[2.727s] INFO:colcon.colcon_core.shell:Creating environment descriptor '/home/ubuntu/ros2_ws/src/MiniProsjekt/install/qube_bringup/share/qube_bringup/hook/pythonpath.dsv'
[2.728s] INFO:colcon.colcon_core.shell:Creating environment hook '/home/ubuntu/ros2_ws/src/MiniProsjekt/install/qube_bringup/share/qube_bringup/hook/pythonpath.sh'
[2.729s] Level 1:colcon.colcon_core.environment:checking '/home/ubuntu/ros2_ws/src/MiniProsjekt/install/qube_bringup/bin'
[2.729s] Level 1:colcon.colcon_core.environment:create_environment_scripts_only(qube_bringup)
[2.729s] INFO:colcon.colcon_core.shell:Creating package script '/home/ubuntu/ros2_ws/src/MiniProsjekt/install/qube_bringup/share/qube_bringup/package.ps1'
[2.730s] INFO:colcon.colcon_core.shell:Creating package descriptor '/home/ubuntu/ros2_ws/src/MiniProsjekt/install/qube_bringup/share/qube_bringup/package.dsv'
[2.731s] INFO:colcon.colcon_core.shell:Creating package script '/home/ubuntu/ros2_ws/src/MiniProsjekt/install/qube_bringup/share/qube_bringup/package.sh'
[2.731s] INFO:colcon.colcon_core.shell:Creating package script '/home/ubuntu/ros2_ws/src/MiniProsjekt/install/qube_bringup/share/qube_bringup/package.bash'
[2.732s] INFO:colcon.colcon_core.shell:Creating package script '/home/ubuntu/ros2_ws/src/MiniProsjekt/install/qube_bringup/share/qube_bringup/package.zsh'
[2.732s] Level 1:colcon.colcon_core.environment:create_file_with_runtime_dependencies(/home/ubuntu/ros2_ws/src/MiniProsjekt/install/qube_bringup/share/colcon-core/packages/qube_bringup)
[2.756s] Level 1:colcon.colcon_core.environment:checking '/home/ubuntu/ros2_ws/src/MiniProsjekt/install/qube_description' for CMake module files
[2.756s] DEBUG:colcon.colcon_core.event_handler.log_command:Invoked command in '/home/ubuntu/ros2_ws/src/MiniProsjekt/qube_description' returned '0': DEBUGINFOD_URLS=https://debuginfod.ubuntu.com PYTHONPATH=/home/ubuntu/ros2_ws/src/MiniProsjekt/build/qube_description/prefix_override:/usr/lib/python3/dist-packages/colcon_core/task/python/colcon_distutils_commands:/home/ubuntu/ros2_ws/src/MiniProsjekt/install/qube_description/lib/python3.12/site-packages:${PYTHONPATH} /usr/bin/python3 -W ignore:setup.py install is deprecated -W ignore:easy_install command is deprecated setup.py egg_info --egg-base ../build/qube_description build --build-base /home/ubuntu/ros2_ws/src/MiniProsjekt/build/qube_description/build install --record /home/ubuntu/ros2_ws/src/MiniProsjekt/build/qube_description/install.log --single-version-externally-managed install_data
[2.757s] Level 1:colcon.colcon_core.environment:checking '/home/ubuntu/ros2_ws/src/MiniProsjekt/install/qube_description' for CMake config files
[2.758s] Level 1:colcon.colcon_core.environment:checking '/home/ubuntu/ros2_ws/src/MiniProsjekt/install/qube_description/lib'
[2.758s] Level 1:colcon.colcon_core.environment:checking '/home/ubuntu/ros2_ws/src/MiniProsjekt/install/qube_description/bin'
[2.758s] Level 1:colcon.colcon_core.environment:checking '/home/ubuntu/ros2_ws/src/MiniProsjekt/install/qube_description/lib/pkgconfig/qube_description.pc'
[2.758s] Level 1:colcon.colcon_core.environment:checking '/home/ubuntu/ros2_ws/src/MiniProsjekt/install/qube_description/lib/python3.12/site-packages'
[2.758s] Level 1:colcon.colcon_core.shell:create_environment_hook('qube_description', 'pythonpath')
[2.759s] INFO:colcon.colcon_core.shell:Creating environment hook '/home/ubuntu/ros2_ws/src/MiniProsjekt/install/qube_description/share/qube_description/hook/pythonpath.ps1'
[2.759s] INFO:colcon.colcon_core.shell:Creating environment descriptor '/home/ubuntu/ros2_ws/src/MiniProsjekt/install/qube_description/share/qube_description/hook/pythonpath.dsv'
[2.760s] INFO:colcon.colcon_core.shell:Creating environment hook '/home/ubuntu/ros2_ws/src/MiniProsjekt/install/qube_description/share/qube_description/hook/pythonpath.sh'
[2.761s] Level 1:colcon.colcon_core.environment:checking '/home/ubuntu/ros2_ws/src/MiniProsjekt/install/qube_description/bin'
[2.761s] Level 1:colcon.colcon_core.environment:create_environment_scripts_only(qube_description)
[2.762s] INFO:colcon.colcon_core.shell:Creating package script '/home/ubuntu/ros2_ws/src/MiniProsjekt/install/qube_description/share/qube_description/package.ps1'
[2.763s] INFO:colcon.colcon_core.shell:Creating package descriptor '/home/ubuntu/ros2_ws/src/MiniProsjekt/install/qube_description/share/qube_description/package.dsv'
[2.763s] INFO:colcon.colcon_core.shell:Creating package script '/home/ubuntu/ros2_ws/src/MiniProsjekt/install/qube_description/share/qube_description/package.sh'
[2.764s] INFO:colcon.colcon_core.shell:Creating package script '/home/ubuntu/ros2_ws/src/MiniProsjekt/install/qube_description/share/qube_description/package.bash'
[2.764s] INFO:colcon.colcon_core.shell:Creating package script '/home/ubuntu/ros2_ws/src/MiniProsjekt/install/qube_description/share/qube_description/package.zsh'
[2.765s] Level 1:colcon.colcon_core.environment:create_file_with_runtime_dependencies(/home/ubuntu/ros2_ws/src/MiniProsjekt/install/qube_description/share/colcon-core/packages/qube_description)
[3.010s] Level 1:colcon.colcon_core.environment:checking '/home/ubuntu/ros2_ws/src/MiniProsjekt/install/qube_controller' for CMake module files
[3.011s] DEBUG:colcon.colcon_core.event_handler.log_command:Invoked command in '/home/ubuntu/ros2_ws/src/MiniProsjekt/qube_controller' returned '0': DEBUGINFOD_URLS=https://debuginfod.ubuntu.com PYTHONPATH=/home/ubuntu/ros2_ws/src/MiniProsjekt/build/qube_controller/prefix_override:/usr/lib/python3/dist-packages/colcon_core/task/python/colcon_distutils_commands:/home/ubuntu/ros2_ws/src/MiniProsjekt/install/qube_controller/lib/python3.12/site-packages:${PYTHONPATH} /usr/bin/python3 -W ignore:setup.py install is deprecated -W ignore:easy_install command is deprecated setup.py egg_info --egg-base ../build/qube_controller build --build-base /home/ubuntu/ros2_ws/src/MiniProsjekt/build/qube_controller/build install --record /home/ubuntu/ros2_ws/src/MiniProsjekt/build/qube_controller/install.log --single-version-externally-managed install_data
[3.011s] Level 1:colcon.colcon_core.environment:checking '/home/ubuntu/ros2_ws/src/MiniProsjekt/install/qube_controller' for CMake config files
[3.012s] Level 1:colcon.colcon_core.environment:checking '/home/ubuntu/ros2_ws/src/MiniProsjekt/install/qube_controller/lib'
[3.012s] Level 1:colcon.colcon_core.environment:checking '/home/ubuntu/ros2_ws/src/MiniProsjekt/install/qube_controller/bin'
[3.012s] Level 1:colcon.colcon_core.environment:checking '/home/ubuntu/ros2_ws/src/MiniProsjekt/install/qube_controller/lib/pkgconfig/qube_controller.pc'
[3.012s] Level 1:colcon.colcon_core.environment:checking '/home/ubuntu/ros2_ws/src/MiniProsjekt/install/qube_controller/lib/python3.12/site-packages'
[3.013s] Level 1:colcon.colcon_core.shell:create_environment_hook('qube_controller', 'pythonpath')
[3.013s] INFO:colcon.colcon_core.shell:Creating environment hook '/home/ubuntu/ros2_ws/src/MiniProsjekt/install/qube_controller/share/qube_controller/hook/pythonpath.ps1'
[3.013s] INFO:colcon.colcon_core.shell:Creating environment descriptor '/home/ubuntu/ros2_ws/src/MiniProsjekt/install/qube_controller/share/qube_controller/hook/pythonpath.dsv'
[3.014s] INFO:colcon.colcon_core.shell:Creating environment hook '/home/ubuntu/ros2_ws/src/MiniProsjekt/install/qube_controller/share/qube_controller/hook/pythonpath.sh'
[3.014s] Level 1:colcon.colcon_core.environment:checking '/home/ubuntu/ros2_ws/src/MiniProsjekt/install/qube_controller/bin'
[3.014s] Level 1:colcon.colcon_core.environment:create_environment_scripts_only(qube_controller)
[3.015s] INFO:colcon.colcon_core.shell:Creating package script '/home/ubuntu/ros2_ws/src/MiniProsjekt/install/qube_controller/share/qube_controller/package.ps1'
[3.015s] INFO:colcon.colcon_core.shell:Creating package descriptor '/home/ubuntu/ros2_ws/src/MiniProsjekt/install/qube_controller/share/qube_controller/package.dsv'
[3.016s] INFO:colcon.colcon_core.shell:Creating package script '/home/ubuntu/ros2_ws/src/MiniProsjekt/install/qube_controller/share/qube_controller/package.sh'
[3.016s] INFO:colcon.colcon_core.shell:Creating package script '/home/ubuntu/ros2_ws/src/MiniProsjekt/install/qube_controller/share/qube_controller/package.bash'
[3.017s] INFO:colcon.colcon_core.shell:Creating package script '/home/ubuntu/ros2_ws/src/MiniProsjekt/install/qube_controller/share/qube_controller/package.zsh'
[3.017s] Level 1:colcon.colcon_core.environment:create_file_with_runtime_dependencies(/home/ubuntu/ros2_ws/src/MiniProsjekt/install/qube_controller/share/colcon-core/packages/qube_controller)
[3.017s] DEBUG:colcon.colcon_parallel_executor.executor.parallel:closing loop
[3.017s] DEBUG:colcon.colcon_parallel_executor.executor.parallel:loop closed
[3.017s] DEBUG:colcon.colcon_parallel_executor.executor.parallel:run_until_complete finished with '0'
[3.017s] DEBUG:colcon.colcon_core.event_reactor:joining thread
[3.027s] INFO:colcon.colcon_core.plugin_system:Skipping extension 'colcon_notification.desktop_notification.terminal_notifier': Not used on non-Darwin systems
[3.027s] INFO:colcon.colcon_core.plugin_system:Skipping extension 'colcon_notification.desktop_notification.win32': Not used on non-Windows systems
[3.027s] INFO:colcon.colcon_notification.desktop_notification:Sending desktop notification using 'notify2'
[3.045s] DEBUG:colcon.colcon_core.event_reactor:joined thread
[3.046s] INFO:colcon.colcon_core.shell:Creating prefix script '/home/ubuntu/ros2_ws/src/MiniProsjekt/install/local_setup.ps1'
[3.046s] INFO:colcon.colcon_core.shell:Creating prefix util module '/home/ubuntu/ros2_ws/src/MiniProsjekt/install/_local_setup_util_ps1.py'
[3.048s] INFO:colcon.colcon_core.shell:Creating prefix chain script '/home/ubuntu/ros2_ws/src/MiniProsjekt/install/setup.ps1'
[3.049s] INFO:colcon.colcon_core.shell:Creating prefix script '/home/ubuntu/ros2_ws/src/MiniProsjekt/install/local_setup.sh'
[3.049s] INFO:colcon.colcon_core.shell:Creating prefix util module '/home/ubuntu/ros2_ws/src/MiniProsjekt/install/_local_setup_util_sh.py'
[3.050s] INFO:colcon.colcon_core.shell:Creating prefix chain script '/home/ubuntu/ros2_ws/src/MiniProsjekt/install/setup.sh'
[3.051s] INFO:colcon.colcon_core.shell:Creating prefix script '/home/ubuntu/ros2_ws/src/MiniProsjekt/install/local_setup.bash'
[3.051s] INFO:colcon.colcon_core.shell:Creating prefix chain script '/home/ubuntu/ros2_ws/src/MiniProsjekt/install/setup.bash'
[3.052s] INFO:colcon.colcon_core.shell:Creating prefix script '/home/ubuntu/ros2_ws/src/MiniProsjekt/install/local_setup.zsh'
[3.052s] INFO:colcon.colcon_core.shell:Creating prefix chain script '/home/ubuntu/ros2_ws/src/MiniProsjekt/install/setup.zsh'
