[0.127s] DEBUG:colcon:Command line arguments: ['/usr/bin/colcon', 'build']
[0.127s] DEBUG:colcon:Parsed command line arguments: Namespace(log_base=None, log_level=None, verb_name='build', build_base='build', install_base='install', merge_install=False, symlink_install=False, test_result_base=None, continue_on_error=False, executor='parallel', parallel_workers=4, event_handlers=None, ignore_user_meta=False, metas=['./colcon.meta'], base_paths=['.'], packages_ignore=None, packages_ignore_regex=None, paths=None, packages_up_to=None, packages_up_to_regex=None, packages_above=None, packages_above_and_dependencies=None, packages_above_depth=None, packages_select_by_dep=None, packages_skip_by_dep=None, packages_skip_up_to=None, packages_select_build_failed=False, packages_skip_build_finished=False, packages_select_test_failures=False, packages_skip_test_passed=False, packages_select=None, packages_skip=None, packages_select_regex=None, packages_skip_regex=None, packages_start=None, packages_end=None, allow_overriding=[], cmake_args=None, cmake_target=None, cmake_target_skip_unavailable=False, cmake_clean_cache=False, cmake_clean_first=False, cmake_force_configure=False, ament_cmake_args=None, catkin_cmake_args=None, catkin_skip_building_tests=False, mixin_files=None, mixin=None, verb_parser=<colcon_mixin.mixin.mixin_argument.MixinArgumentDecorator object at 0x732f4e4ae0f0>, verb_extension=<colcon_core.verb.build.BuildVerb object at 0x732f4e5ce7e0>, main=<bound method BuildVerb.main of <colcon_core.verb.build.BuildVerb object at 0x732f4e5ce7e0>>, mixin_verb=('build',))
[0.166s] Level 1:colcon.colcon_core.package_discovery:discover_packages(colcon_meta) check parameters
[0.166s] Level 1:colcon.colcon_core.package_discovery:discover_packages(recursive) check parameters
[0.166s] Level 1:colcon.colcon_core.package_discovery:discover_packages(ignore) check parameters
[0.166s] Level 1:colcon.colcon_core.package_discovery:discover_packages(path) check parameters
[0.166s] Level 1:colcon.colcon_core.package_discovery:discover_packages(colcon_meta) discover
[0.166s] Level 1:colcon.colcon_core.package_discovery:discover_packages(recursive) discover
[0.166s] INFO:colcon.colcon_core.package_discovery:Crawling recursively for packages in '/home/ubuntu/ros2_ws/src/MiniProsjekt'
[0.166s] Level 1:colcon.colcon_core.package_identification:_identify(.) by extensions ['ignore', 'ignore_ament_install']
[0.166s] Level 1:colcon.colcon_core.package_identification:_identify(.) by extension 'ignore'
[0.166s] Level 1:colcon.colcon_core.package_identification:_identify(.) by extension 'ignore_ament_install'
[0.166s] Level 1:colcon.colcon_core.package_identification:_identify(.) by extensions ['colcon_pkg']
[0.166s] Level 1:colcon.colcon_core.package_identification:_identify(.) by extension 'colcon_pkg'
[0.166s] Level 1:colcon.colcon_core.package_identification:_identify(.) by extensions ['colcon_meta']
[0.166s] Level 1:colcon.colcon_core.package_identification:_identify(.) by extension 'colcon_meta'
[0.166s] Level 1:colcon.colcon_core.package_identification:_identify(.) by extensions ['ros']
[0.166s] Level 1:colcon.colcon_core.package_identification:_identify(.) by extension 'ros'
[0.193s] Level 1:colcon.colcon_core.package_identification:_identify(.) by extensions ['cmake', 'python']
[0.193s] Level 1:colcon.colcon_core.package_identification:_identify(.) by extension 'cmake'
[0.193s] Level 1:colcon.colcon_core.package_identification:_identify(.) by extension 'python'
[0.193s] Level 1:colcon.colcon_core.package_identification:_identify(.) by extensions ['python_setup_py']
[0.193s] Level 1:colcon.colcon_core.package_identification:_identify(.) by extension 'python_setup_py'
[0.193s] Level 1:colcon.colcon_core.package_identification:_identify(build) by extensions ['ignore', 'ignore_ament_install']
[0.193s] Level 1:colcon.colcon_core.package_identification:_identify(build) by extension 'ignore'
[0.193s] Level 1:colcon.colcon_core.package_identification:_identify(build) ignored
[0.193s] Level 1:colcon.colcon_core.package_identification:_identify(install) by extensions ['ignore', 'ignore_ament_install']
[0.193s] Level 1:colcon.colcon_core.package_identification:_identify(install) by extension 'ignore'
[0.193s] Level 1:colcon.colcon_core.package_identification:_identify(install) ignored
[0.193s] Level 1:colcon.colcon_core.package_identification:_identify(log) by extensions ['ignore', 'ignore_ament_install']
[0.194s] Level 1:colcon.colcon_core.package_identification:_identify(log) by extension 'ignore'
[0.194s] Level 1:colcon.colcon_core.package_identification:_identify(log) ignored
[0.194s] Level 1:colcon.colcon_core.package_identification:_identify(qube_bringup) by extensions ['ignore', 'ignore_ament_install']
[0.194s] Level 1:colcon.colcon_core.package_identification:_identify(qube_bringup) by extension 'ignore'
[0.194s] Level 1:colcon.colcon_core.package_identification:_identify(qube_bringup) by extension 'ignore_ament_install'
[0.194s] Level 1:colcon.colcon_core.package_identification:_identify(qube_bringup) by extensions ['colcon_pkg']
[0.194s] Level 1:colcon.colcon_core.package_identification:_identify(qube_bringup) by extension 'colcon_pkg'
[0.194s] Level 1:colcon.colcon_core.package_identification:_identify(qube_bringup) by extensions ['colcon_meta']
[0.194s] Level 1:colcon.colcon_core.package_identification:_identify(qube_bringup) by extension 'colcon_meta'
[0.194s] Level 1:colcon.colcon_core.package_identification:_identify(qube_bringup) by extensions ['ros']
[0.194s] Level 1:colcon.colcon_core.package_identification:_identify(qube_bringup) by extension 'ros'
[0.196s] DEBUG:colcon.colcon_core.package_identification:Package 'qube_bringup' with type 'ros.ament_python' and name 'qube_bringup'
[0.196s] Level 1:colcon.colcon_core.package_identification:_identify(qube_description) by extensions ['ignore', 'ignore_ament_install']
[0.196s] Level 1:colcon.colcon_core.package_identification:_identify(qube_description) by extension 'ignore'
[0.196s] Level 1:colcon.colcon_core.package_identification:_identify(qube_description) by extension 'ignore_ament_install'
[0.196s] Level 1:colcon.colcon_core.package_identification:_identify(qube_description) by extensions ['colcon_pkg']
[0.196s] Level 1:colcon.colcon_core.package_identification:_identify(qube_description) by extension 'colcon_pkg'
[0.197s] Level 1:colcon.colcon_core.package_identification:_identify(qube_description) by extensions ['colcon_meta']
[0.197s] Level 1:colcon.colcon_core.package_identification:_identify(qube_description) by extension 'colcon_meta'
[0.197s] Level 1:colcon.colcon_core.package_identification:_identify(qube_description) by extensions ['ros']
[0.197s] Level 1:colcon.colcon_core.package_identification:_identify(qube_description) by extension 'ros'
[0.197s] DEBUG:colcon.colcon_core.package_identification:Package 'qube_description' with type 'ros.ament_python' and name 'qube_description'
[0.197s] Level 1:colcon.colcon_core.package_identification:_identify(qube_driver) by extensions ['ignore', 'ignore_ament_install']
[0.197s] Level 1:colcon.colcon_core.package_identification:_identify(qube_driver) by extension 'ignore'
[0.197s] Level 1:colcon.colcon_core.package_identification:_identify(qube_driver) by extension 'ignore_ament_install'
[0.197s] Level 1:colcon.colcon_core.package_identification:_identify(qube_driver) by extensions ['colcon_pkg']
[0.197s] Level 1:colcon.colcon_core.package_identification:_identify(qube_driver) by extension 'colcon_pkg'
[0.197s] Level 1:colcon.colcon_core.package_identification:_identify(qube_driver) by extensions ['colcon_meta']
[0.197s] Level 1:colcon.colcon_core.package_identification:_identify(qube_driver) by extension 'colcon_meta'
[0.197s] Level 1:colcon.colcon_core.package_identification:_identify(qube_driver) by extensions ['ros']
[0.197s] Level 1:colcon.colcon_core.package_identification:_identify(qube_driver) by extension 'ros'
[0.198s] DEBUG:colcon.colcon_core.package_identification:Package 'qube_driver' with type 'ros.ament_cmake' and name 'qube_driver'
[0.198s] Level 1:colcon.colcon_core.package_discovery:discover_packages(recursive) using defaults
[0.198s] Level 1:colcon.colcon_core.package_discovery:discover_packages(ignore) discover
[0.198s] Level 1:colcon.colcon_core.package_discovery:discover_packages(ignore) using defaults
[0.198s] Level 1:colcon.colcon_core.package_discovery:discover_packages(path) discover
[0.198s] Level 1:colcon.colcon_core.package_discovery:discover_packages(path) using defaults
[0.217s] Level 1:colcon.colcon_core.package_discovery:discover_packages(prefix_path) check parameters
[0.217s] Level 1:colcon.colcon_core.package_discovery:discover_packages(prefix_path) discover
[0.220s] DEBUG:colcon.colcon_installed_package_information.package_discovery:Found 3 installed packages in /home/ubuntu/ros2_ws/src/MiniProsjekt/install
[0.221s] DEBUG:colcon.colcon_installed_package_information.package_discovery:Found 32 installed packages in /home/ubuntu/ros2_ws/install
[0.222s] DEBUG:colcon.colcon_installed_package_information.package_discovery:Found 5 installed packages in /home/ubuntu/ros2_ws/src/install
[0.223s] DEBUG:colcon.colcon_installed_package_information.package_discovery:Found 349 installed packages in /opt/ros/jazzy
[0.226s] Level 1:colcon.colcon_core.package_discovery:discover_packages(prefix_path) using defaults
[0.282s] Level 5:colcon.colcon_core.verb:set package 'qube_bringup' build argument 'cmake_args' from command line to 'None'
[0.282s] Level 5:colcon.colcon_core.verb:set package 'qube_bringup' build argument 'cmake_target' from command line to 'None'
[0.282s] Level 5:colcon.colcon_core.verb:set package 'qube_bringup' build argument 'cmake_target_skip_unavailable' from command line to 'False'
[0.282s] Level 5:colcon.colcon_core.verb:set package 'qube_bringup' build argument 'cmake_clean_cache' from command line to 'False'
[0.282s] Level 5:colcon.colcon_core.verb:set package 'qube_bringup' build argument 'cmake_clean_first' from command line to 'False'
[0.282s] Level 5:colcon.colcon_core.verb:set package 'qube_bringup' build argument 'cmake_force_configure' from command line to 'False'
[0.282s] Level 5:colcon.colcon_core.verb:set package 'qube_bringup' build argument 'ament_cmake_args' from command line to 'None'
[0.282s] Level 5:colcon.colcon_core.verb:set package 'qube_bringup' build argument 'catkin_cmake_args' from command line to 'None'
[0.282s] Level 5:colcon.colcon_core.verb:set package 'qube_bringup' build argument 'catkin_skip_building_tests' from command line to 'False'
[0.283s] DEBUG:colcon.colcon_core.verb:Building package 'qube_bringup' with the following arguments: {'ament_cmake_args': None, 'build_base': '/home/ubuntu/ros2_ws/src/MiniProsjekt/build/qube_bringup', 'catkin_cmake_args': None, 'catkin_skip_building_tests': False, 'cmake_args': None, 'cmake_clean_cache': False, 'cmake_clean_first': False, 'cmake_force_configure': False, 'cmake_target': None, 'cmake_target_skip_unavailable': False, 'install_base': '/home/ubuntu/ros2_ws/src/MiniProsjekt/install/qube_bringup', 'merge_install': False, 'path': '/home/ubuntu/ros2_ws/src/MiniProsjekt/qube_bringup', 'symlink_install': False, 'test_result_base': None}
[0.283s] Level 5:colcon.colcon_core.verb:set package 'qube_description' build argument 'cmake_args' from command line to 'None'
[0.283s] Level 5:colcon.colcon_core.verb:set package 'qube_description' build argument 'cmake_target' from command line to 'None'
[0.283s] Level 5:colcon.colcon_core.verb:set package 'qube_description' build argument 'cmake_target_skip_unavailable' from command line to 'False'
[0.283s] Level 5:colcon.colcon_core.verb:set package 'qube_description' build argument 'cmake_clean_cache' from command line to 'False'
[0.283s] Level 5:colcon.colcon_core.verb:set package 'qube_description' build argument 'cmake_clean_first' from command line to 'False'
[0.283s] Level 5:colcon.colcon_core.verb:set package 'qube_description' build argument 'cmake_force_configure' from command line to 'False'
[0.283s] Level 5:colcon.colcon_core.verb:set package 'qube_description' build argument 'ament_cmake_args' from command line to 'None'
[0.283s] Level 5:colcon.colcon_core.verb:set package 'qube_description' build argument 'catkin_cmake_args' from command line to 'None'
[0.283s] Level 5:colcon.colcon_core.verb:set package 'qube_description' build argument 'catkin_skip_building_tests' from command line to 'False'
[0.283s] DEBUG:colcon.colcon_core.verb:Building package 'qube_description' with the following arguments: {'ament_cmake_args': None, 'build_base': '/home/ubuntu/ros2_ws/src/MiniProsjekt/build/qube_description', 'catkin_cmake_args': None, 'catkin_skip_building_tests': False, 'cmake_args': None, 'cmake_clean_cache': False, 'cmake_clean_first': False, 'cmake_force_configure': False, 'cmake_target': None, 'cmake_target_skip_unavailable': False, 'install_base': '/home/ubuntu/ros2_ws/src/MiniProsjekt/install/qube_description', 'merge_install': False, 'path': '/home/ubuntu/ros2_ws/src/MiniProsjekt/qube_description', 'symlink_install': False, 'test_result_base': None}
[0.283s] Level 5:colcon.colcon_core.verb:set package 'qube_driver' build argument 'cmake_args' from command line to 'None'
[0.283s] Level 5:colcon.colcon_core.verb:set package 'qube_driver' build argument 'cmake_target' from command line to 'None'
[0.283s] Level 5:colcon.colcon_core.verb:set package 'qube_driver' build argument 'cmake_target_skip_unavailable' from command line to 'False'
[0.283s] Level 5:colcon.colcon_core.verb:set package 'qube_driver' build argument 'cmake_clean_cache' from command line to 'False'
[0.283s] Level 5:colcon.colcon_core.verb:set package 'qube_driver' build argument 'cmake_clean_first' from command line to 'False'
[0.283s] Level 5:colcon.colcon_core.verb:set package 'qube_driver' build argument 'cmake_force_configure' from command line to 'False'
[0.283s] Level 5:colcon.colcon_core.verb:set package 'qube_driver' build argument 'ament_cmake_args' from command line to 'None'
[0.283s] Level 5:colcon.colcon_core.verb:set package 'qube_driver' build argument 'catkin_cmake_args' from command line to 'None'
[0.283s] Level 5:colcon.colcon_core.verb:set package 'qube_driver' build argument 'catkin_skip_building_tests' from command line to 'False'
[0.283s] DEBUG:colcon.colcon_core.verb:Building package 'qube_driver' with the following arguments: {'ament_cmake_args': None, 'build_base': '/home/ubuntu/ros2_ws/src/MiniProsjekt/build/qube_driver', 'catkin_cmake_args': None, 'catkin_skip_building_tests': False, 'cmake_args': None, 'cmake_clean_cache': False, 'cmake_clean_first': False, 'cmake_force_configure': False, 'cmake_target': None, 'cmake_target_skip_unavailable': False, 'install_base': '/home/ubuntu/ros2_ws/src/MiniProsjekt/install/qube_driver', 'merge_install': False, 'path': '/home/ubuntu/ros2_ws/src/MiniProsjekt/qube_driver', 'symlink_install': False, 'test_result_base': None}
[0.284s] INFO:colcon.colcon_core.executor:Executing jobs using 'parallel' executor
[0.284s] DEBUG:colcon.colcon_parallel_executor.executor.parallel:run_until_complete
[0.285s] INFO:colcon.colcon_ros.task.ament_python.build:Building ROS package in '/home/ubuntu/ros2_ws/src/MiniProsjekt/qube_bringup' with build type 'ament_python'
[0.285s] Level 1:colcon.colcon_core.shell:create_environment_hook('qube_bringup', 'ament_prefix_path')
[0.287s] INFO:colcon.colcon_core.plugin_system:Skipping extension 'colcon_core.shell.bat': Not used on non-Windows systems
[0.288s] INFO:colcon.colcon_core.shell:Creating environment hook '/home/ubuntu/ros2_ws/src/MiniProsjekt/install/qube_bringup/share/qube_bringup/hook/ament_prefix_path.ps1'
[0.289s] INFO:colcon.colcon_core.shell:Creating environment descriptor '/home/ubuntu/ros2_ws/src/MiniProsjekt/install/qube_bringup/share/qube_bringup/hook/ament_prefix_path.dsv'
[0.289s] INFO:colcon.colcon_core.shell:Creating environment hook '/home/ubuntu/ros2_ws/src/MiniProsjekt/install/qube_bringup/share/qube_bringup/hook/ament_prefix_path.sh'
[0.290s] INFO:colcon.colcon_core.shell:Skip shell extension 'powershell' for command environment: Not usable outside of PowerShell
[0.290s] DEBUG:colcon.colcon_core.shell:Skip shell extension 'dsv' for command environment
[0.297s] INFO:colcon.colcon_ros.task.ament_python.build:Building ROS package in '/home/ubuntu/ros2_ws/src/MiniProsjekt/qube_description' with build type 'ament_python'
[0.297s] Level 1:colcon.colcon_core.shell:create_environment_hook('qube_description', 'ament_prefix_path')
[0.297s] INFO:colcon.colcon_core.shell:Creating environment hook '/home/ubuntu/ros2_ws/src/MiniProsjekt/install/qube_description/share/qube_description/hook/ament_prefix_path.ps1'
[0.298s] INFO:colcon.colcon_core.shell:Creating environment descriptor '/home/ubuntu/ros2_ws/src/MiniProsjekt/install/qube_description/share/qube_description/hook/ament_prefix_path.dsv'
[0.298s] INFO:colcon.colcon_core.shell:Creating environment hook '/home/ubuntu/ros2_ws/src/MiniProsjekt/install/qube_description/share/qube_description/hook/ament_prefix_path.sh'
[0.299s] INFO:colcon.colcon_core.shell:Skip shell extension 'powershell' for command environment: Not usable outside of PowerShell
[0.299s] DEBUG:colcon.colcon_core.shell:Skip shell extension 'dsv' for command environment
[0.304s] INFO:colcon.colcon_ros.task.ament_cmake.build:Building ROS package in '/home/ubuntu/ros2_ws/src/MiniProsjekt/qube_driver' with build type 'ament_cmake'
[0.304s] INFO:colcon.colcon_cmake.task.cmake.build:Building CMake package in '/home/ubuntu/ros2_ws/src/MiniProsjekt/qube_driver'
[0.304s] INFO:colcon.colcon_core.shell:Skip shell extension 'powershell' for command environment: Not usable outside of PowerShell
[0.305s] DEBUG:colcon.colcon_core.shell:Skip shell extension 'dsv' for command environment
[0.561s] INFO:colcon.colcon_core.task.python.build:Building Python package in '/home/ubuntu/ros2_ws/src/MiniProsjekt/qube_bringup'
[0.561s] INFO:colcon.colcon_core.shell:Skip shell extension 'powershell' for command environment: Not usable outside of PowerShell
[0.561s] DEBUG:colcon.colcon_core.shell:Skip shell extension 'dsv' for command environment
[0.829s] INFO:colcon.colcon_core.task.python.build:Building Python package in '/home/ubuntu/ros2_ws/src/MiniProsjekt/qube_description'
[0.829s] INFO:colcon.colcon_core.shell:Skip shell extension 'powershell' for command environment: Not usable outside of PowerShell
[0.829s] DEBUG:colcon.colcon_core.shell:Skip shell extension 'dsv' for command environment
[0.838s] DEBUG:colcon.colcon_core.event_handler.log_command:Invoking command in '/home/ubuntu/ros2_ws/src/MiniProsjekt/build/qube_driver': CMAKE_PREFIX_PATH=${CMAKE_PREFIX_PATH}:/home/ubuntu/ros2_ws/src/MiniProsjekt/install/qube_description:/home/ubuntu/ros2_ws/src/MiniProsjekt/install/qube_bringup:/home/ubuntu/ros2_ws/install/qube_bringup:/home/ubuntu/ros2_ws/install/qube_description:/home/ubuntu/ros2_ws/install/py_srvcli:/home/ubuntu/ros2_ws/install/py_pubsub:/home/ubuntu/ros2_ws/install/pid_controller:/home/ubuntu/ros2_ws/install/launch_testing_examples:/home/ubuntu/ros2_ws/install/joint_simulator:/home/ubuntu/ros2_ws/install/joint_description:/home/ubuntu/ros2_ws/install/examples_rclpy_pointcloud_publisher:/home/ubuntu/ros2_ws/install/examples_rclpy_minimal_subscriber:/home/ubuntu/ros2_ws/install/examples_rclpy_minimal_service:/home/ubuntu/ros2_ws/install/examples_rclpy_minimal_publisher:/home/ubuntu/ros2_ws/install/examples_rclpy_minimal_client:/home/ubuntu/ros2_ws/install/examples_rclpy_minimal_action_server:/home/ubuntu/ros2_ws/install/examples_rclpy_minimal_action_client:/home/ubuntu/ros2_ws/install/examples_rclpy_guard_conditions:/home/ubuntu/ros2_ws/install/examples_rclpy_executors:/home/ubuntu/ros2_ws/src/install/qube_description:/home/ubuntu/ros2_ws/src/install/pid_controller:/home/ubuntu/ros2_ws/src/install/joint_simulator:/home/ubuntu/ros2_ws/src/install/joint_description:/opt/ros/jazzy DEBUGINFOD_URLS=https://debuginfod.ubuntu.com /usr/bin/cmake --build /home/ubuntu/ros2_ws/src/MiniProsjekt/build/qube_driver -- -j4 -l4
[0.934s] DEBUG:colcon.colcon_core.event_handler.log_command:Invoked command in '/home/ubuntu/ros2_ws/src/MiniProsjekt/build/qube_driver' returned '0': CMAKE_PREFIX_PATH=${CMAKE_PREFIX_PATH}:/home/ubuntu/ros2_ws/src/MiniProsjekt/install/qube_description:/home/ubuntu/ros2_ws/src/MiniProsjekt/install/qube_bringup:/home/ubuntu/ros2_ws/install/qube_bringup:/home/ubuntu/ros2_ws/install/qube_description:/home/ubuntu/ros2_ws/install/py_srvcli:/home/ubuntu/ros2_ws/install/py_pubsub:/home/ubuntu/ros2_ws/install/pid_controller:/home/ubuntu/ros2_ws/install/launch_testing_examples:/home/ubuntu/ros2_ws/install/joint_simulator:/home/ubuntu/ros2_ws/install/joint_description:/home/ubuntu/ros2_ws/install/examples_rclpy_pointcloud_publisher:/home/ubuntu/ros2_ws/install/examples_rclpy_minimal_subscriber:/home/ubuntu/ros2_ws/install/examples_rclpy_minimal_service:/home/ubuntu/ros2_ws/install/examples_rclpy_minimal_publisher:/home/ubuntu/ros2_ws/install/examples_rclpy_minimal_client:/home/ubuntu/ros2_ws/install/examples_rclpy_minimal_action_server:/home/ubuntu/ros2_ws/install/examples_rclpy_minimal_action_client:/home/ubuntu/ros2_ws/install/examples_rclpy_guard_conditions:/home/ubuntu/ros2_ws/install/examples_rclpy_executors:/home/ubuntu/ros2_ws/src/install/qube_description:/home/ubuntu/ros2_ws/src/install/pid_controller:/home/ubuntu/ros2_ws/src/install/joint_simulator:/home/ubuntu/ros2_ws/src/install/joint_description:/opt/ros/jazzy DEBUGINFOD_URLS=https://debuginfod.ubuntu.com /usr/bin/cmake --build /home/ubuntu/ros2_ws/src/MiniProsjekt/build/qube_driver -- -j4 -l4
[0.944s] DEBUG:colcon.colcon_core.event_handler.log_command:Invoking command in '/home/ubuntu/ros2_ws/src/MiniProsjekt/build/qube_driver': CMAKE_PREFIX_PATH=${CMAKE_PREFIX_PATH}:/home/ubuntu/ros2_ws/src/MiniProsjekt/install/qube_description:/home/ubuntu/ros2_ws/src/MiniProsjekt/install/qube_bringup:/home/ubuntu/ros2_ws/install/qube_bringup:/home/ubuntu/ros2_ws/install/qube_description:/home/ubuntu/ros2_ws/install/py_srvcli:/home/ubuntu/ros2_ws/install/py_pubsub:/home/ubuntu/ros2_ws/install/pid_controller:/home/ubuntu/ros2_ws/install/launch_testing_examples:/home/ubuntu/ros2_ws/install/joint_simulator:/home/ubuntu/ros2_ws/install/joint_description:/home/ubuntu/ros2_ws/install/examples_rclpy_pointcloud_publisher:/home/ubuntu/ros2_ws/install/examples_rclpy_minimal_subscriber:/home/ubuntu/ros2_ws/install/examples_rclpy_minimal_service:/home/ubuntu/ros2_ws/install/examples_rclpy_minimal_publisher:/home/ubuntu/ros2_ws/install/examples_rclpy_minimal_client:/home/ubuntu/ros2_ws/install/examples_rclpy_minimal_action_server:/home/ubuntu/ros2_ws/install/examples_rclpy_minimal_action_client:/home/ubuntu/ros2_ws/install/examples_rclpy_guard_conditions:/home/ubuntu/ros2_ws/install/examples_rclpy_executors:/home/ubuntu/ros2_ws/src/install/qube_description:/home/ubuntu/ros2_ws/src/install/pid_controller:/home/ubuntu/ros2_ws/src/install/joint_simulator:/home/ubuntu/ros2_ws/src/install/joint_description:/opt/ros/jazzy DEBUGINFOD_URLS=https://debuginfod.ubuntu.com /usr/bin/cmake --install /home/ubuntu/ros2_ws/src/MiniProsjekt/build/qube_driver
[0.958s] Level 1:colcon.colcon_core.environment:create_environment_scripts_only(qube_driver)
[0.958s] DEBUG:colcon.colcon_core.event_handler.log_command:Invoked command in '/home/ubuntu/ros2_ws/src/MiniProsjekt/build/qube_driver' returned '0': CMAKE_PREFIX_PATH=${CMAKE_PREFIX_PATH}:/home/ubuntu/ros2_ws/src/MiniProsjekt/install/qube_description:/home/ubuntu/ros2_ws/src/MiniProsjekt/install/qube_bringup:/home/ubuntu/ros2_ws/install/qube_bringup:/home/ubuntu/ros2_ws/install/qube_description:/home/ubuntu/ros2_ws/install/py_srvcli:/home/ubuntu/ros2_ws/install/py_pubsub:/home/ubuntu/ros2_ws/install/pid_controller:/home/ubuntu/ros2_ws/install/launch_testing_examples:/home/ubuntu/ros2_ws/install/joint_simulator:/home/ubuntu/ros2_ws/install/joint_description:/home/ubuntu/ros2_ws/install/examples_rclpy_pointcloud_publisher:/home/ubuntu/ros2_ws/install/examples_rclpy_minimal_subscriber:/home/ubuntu/ros2_ws/install/examples_rclpy_minimal_service:/home/ubuntu/ros2_ws/install/examples_rclpy_minimal_publisher:/home/ubuntu/ros2_ws/install/examples_rclpy_minimal_client:/home/ubuntu/ros2_ws/install/examples_rclpy_minimal_action_server:/home/ubuntu/ros2_ws/install/examples_rclpy_minimal_action_client:/home/ubuntu/ros2_ws/install/examples_rclpy_guard_conditions:/home/ubuntu/ros2_ws/install/examples_rclpy_executors:/home/ubuntu/ros2_ws/src/install/qube_description:/home/ubuntu/ros2_ws/src/install/pid_controller:/home/ubuntu/ros2_ws/src/install/joint_simulator:/home/ubuntu/ros2_ws/src/install/joint_description:/opt/ros/jazzy DEBUGINFOD_URLS=https://debuginfod.ubuntu.com /usr/bin/cmake --install /home/ubuntu/ros2_ws/src/MiniProsjekt/build/qube_driver
[0.960s] Level 1:colcon.colcon_core.environment:checking '/home/ubuntu/ros2_ws/src/MiniProsjekt/install/qube_driver' for CMake module files
[0.961s] Level 1:colcon.colcon_core.environment:checking '/home/ubuntu/ros2_ws/src/MiniProsjekt/install/qube_driver' for CMake config files
[0.961s] Level 1:colcon.colcon_core.shell:create_environment_hook('qube_driver', 'cmake_prefix_path')
[0.961s] INFO:colcon.colcon_core.shell:Creating environment hook '/home/ubuntu/ros2_ws/src/MiniProsjekt/install/qube_driver/share/qube_driver/hook/cmake_prefix_path.ps1'
[0.962s] INFO:colcon.colcon_core.shell:Creating environment descriptor '/home/ubuntu/ros2_ws/src/MiniProsjekt/install/qube_driver/share/qube_driver/hook/cmake_prefix_path.dsv'
[0.962s] INFO:colcon.colcon_core.shell:Creating environment hook '/home/ubuntu/ros2_ws/src/MiniProsjekt/install/qube_driver/share/qube_driver/hook/cmake_prefix_path.sh'
[0.962s] Level 1:colcon.colcon_core.environment:checking '/home/ubuntu/ros2_ws/src/MiniProsjekt/install/qube_driver/lib'
[0.963s] Level 1:colcon.colcon_core.shell:create_environment_hook('qube_driver', 'ld_library_path_lib')
[0.963s] INFO:colcon.colcon_core.shell:Creating environment hook '/home/ubuntu/ros2_ws/src/MiniProsjekt/install/qube_driver/share/qube_driver/hook/ld_library_path_lib.ps1'
[0.963s] INFO:colcon.colcon_core.shell:Creating environment descriptor '/home/ubuntu/ros2_ws/src/MiniProsjekt/install/qube_driver/share/qube_driver/hook/ld_library_path_lib.dsv'
[0.963s] INFO:colcon.colcon_core.shell:Creating environment hook '/home/ubuntu/ros2_ws/src/MiniProsjekt/install/qube_driver/share/qube_driver/hook/ld_library_path_lib.sh'
[0.964s] Level 1:colcon.colcon_core.environment:checking '/home/ubuntu/ros2_ws/src/MiniProsjekt/install/qube_driver/bin'
[0.964s] Level 1:colcon.colcon_core.environment:checking '/home/ubuntu/ros2_ws/src/MiniProsjekt/install/qube_driver/lib/pkgconfig/qube_driver.pc'
[0.964s] Level 1:colcon.colcon_core.environment:checking '/home/ubuntu/ros2_ws/src/MiniProsjekt/install/qube_driver/lib/python3.12/site-packages'
[0.964s] Level 1:colcon.colcon_core.environment:checking '/home/ubuntu/ros2_ws/src/MiniProsjekt/install/qube_driver/bin'
[0.965s] INFO:colcon.colcon_core.shell:Creating package script '/home/ubuntu/ros2_ws/src/MiniProsjekt/install/qube_driver/share/qube_driver/package.ps1'
[0.965s] INFO:colcon.colcon_core.shell:Creating package descriptor '/home/ubuntu/ros2_ws/src/MiniProsjekt/install/qube_driver/share/qube_driver/package.dsv'
[0.966s] INFO:colcon.colcon_core.shell:Creating package script '/home/ubuntu/ros2_ws/src/MiniProsjekt/install/qube_driver/share/qube_driver/package.sh'
[0.967s] INFO:colcon.colcon_core.shell:Creating package script '/home/ubuntu/ros2_ws/src/MiniProsjekt/install/qube_driver/share/qube_driver/package.bash'
[0.967s] INFO:colcon.colcon_core.shell:Creating package script '/home/ubuntu/ros2_ws/src/MiniProsjekt/install/qube_driver/share/qube_driver/package.zsh'
[0.968s] Level 1:colcon.colcon_core.environment:create_file_with_runtime_dependencies(/home/ubuntu/ros2_ws/src/MiniProsjekt/install/qube_driver/share/colcon-core/packages/qube_driver)
[0.968s] Level 1:colcon.colcon_core.environment:create_environment_scripts_only(qube_driver)
[0.968s] Level 1:colcon.colcon_core.environment:checking '/home/ubuntu/ros2_ws/src/MiniProsjekt/install/qube_driver' for CMake module files
[0.969s] Level 1:colcon.colcon_core.environment:checking '/home/ubuntu/ros2_ws/src/MiniProsjekt/install/qube_driver' for CMake config files
[0.969s] Level 1:colcon.colcon_core.shell:create_environment_hook('qube_driver', 'cmake_prefix_path')
[0.969s] INFO:colcon.colcon_core.shell:Creating environment hook '/home/ubuntu/ros2_ws/src/MiniProsjekt/install/qube_driver/share/qube_driver/hook/cmake_prefix_path.ps1'
[0.969s] INFO:colcon.colcon_core.shell:Creating environment descriptor '/home/ubuntu/ros2_ws/src/MiniProsjekt/install/qube_driver/share/qube_driver/hook/cmake_prefix_path.dsv'
[0.970s] INFO:colcon.colcon_core.shell:Creating environment hook '/home/ubuntu/ros2_ws/src/MiniProsjekt/install/qube_driver/share/qube_driver/hook/cmake_prefix_path.sh'
[0.970s] Level 1:colcon.colcon_core.environment:checking '/home/ubuntu/ros2_ws/src/MiniProsjekt/install/qube_driver/lib'
[0.970s] Level 1:colcon.colcon_core.shell:create_environment_hook('qube_driver', 'ld_library_path_lib')
[0.971s] INFO:colcon.colcon_core.shell:Creating environment hook '/home/ubuntu/ros2_ws/src/MiniProsjekt/install/qube_driver/share/qube_driver/hook/ld_library_path_lib.ps1'
[0.971s] INFO:colcon.colcon_core.shell:Creating environment descriptor '/home/ubuntu/ros2_ws/src/MiniProsjekt/install/qube_driver/share/qube_driver/hook/ld_library_path_lib.dsv'
[0.971s] INFO:colcon.colcon_core.shell:Creating environment hook '/home/ubuntu/ros2_ws/src/MiniProsjekt/install/qube_driver/share/qube_driver/hook/ld_library_path_lib.sh'
[0.972s] Level 1:colcon.colcon_core.environment:checking '/home/ubuntu/ros2_ws/src/MiniProsjekt/install/qube_driver/bin'
[0.972s] Level 1:colcon.colcon_core.environment:checking '/home/ubuntu/ros2_ws/src/MiniProsjekt/install/qube_driver/lib/pkgconfig/qube_driver.pc'
[0.972s] Level 1:colcon.colcon_core.environment:checking '/home/ubuntu/ros2_ws/src/MiniProsjekt/install/qube_driver/lib/python3.12/site-packages'
[0.972s] Level 1:colcon.colcon_core.environment:checking '/home/ubuntu/ros2_ws/src/MiniProsjekt/install/qube_driver/bin'
[0.972s] INFO:colcon.colcon_core.shell:Creating package script '/home/ubuntu/ros2_ws/src/MiniProsjekt/install/qube_driver/share/qube_driver/package.ps1'
[0.973s] INFO:colcon.colcon_core.shell:Creating package descriptor '/home/ubuntu/ros2_ws/src/MiniProsjekt/install/qube_driver/share/qube_driver/package.dsv'
[0.974s] INFO:colcon.colcon_core.shell:Creating package script '/home/ubuntu/ros2_ws/src/MiniProsjekt/install/qube_driver/share/qube_driver/package.sh'
[0.974s] INFO:colcon.colcon_core.shell:Creating package script '/home/ubuntu/ros2_ws/src/MiniProsjekt/install/qube_driver/share/qube_driver/package.bash'
[0.974s] INFO:colcon.colcon_core.shell:Creating package script '/home/ubuntu/ros2_ws/src/MiniProsjekt/install/qube_driver/share/qube_driver/package.zsh'
[0.975s] Level 1:colcon.colcon_core.environment:create_file_with_runtime_dependencies(/home/ubuntu/ros2_ws/src/MiniProsjekt/install/qube_driver/share/colcon-core/packages/qube_driver)
[1.636s] DEBUG:colcon.colcon_core.event_handler.log_command:Invoking command in '/home/ubuntu/ros2_ws/src/MiniProsjekt/qube_bringup': DEBUGINFOD_URLS=https://debuginfod.ubuntu.com PYTHONPATH=/home/ubuntu/ros2_ws/src/MiniProsjekt/build/qube_bringup/prefix_override:/usr/lib/python3/dist-packages/colcon_core/task/python/colcon_distutils_commands:/home/ubuntu/ros2_ws/src/MiniProsjekt/install/qube_bringup/lib/python3.12/site-packages:${PYTHONPATH} /usr/bin/python3 -W ignore:setup.py install is deprecated -W ignore:easy_install command is deprecated setup.py egg_info --egg-base ../build/qube_bringup build --build-base /home/ubuntu/ros2_ws/src/MiniProsjekt/build/qube_bringup/build install --record /home/ubuntu/ros2_ws/src/MiniProsjekt/build/qube_bringup/install.log --single-version-externally-managed install_data
[1.641s] DEBUG:colcon.colcon_core.event_handler.log_command:Invoking command in '/home/ubuntu/ros2_ws/src/MiniProsjekt/qube_description': DEBUGINFOD_URLS=https://debuginfod.ubuntu.com PYTHONPATH=/home/ubuntu/ros2_ws/src/MiniProsjekt/build/qube_description/prefix_override:/usr/lib/python3/dist-packages/colcon_core/task/python/colcon_distutils_commands:/home/ubuntu/ros2_ws/src/MiniProsjekt/install/qube_description/lib/python3.12/site-packages:${PYTHONPATH} /usr/bin/python3 -W ignore:setup.py install is deprecated -W ignore:easy_install command is deprecated setup.py egg_info --egg-base ../build/qube_description build --build-base /home/ubuntu/ros2_ws/src/MiniProsjekt/build/qube_description/build install --record /home/ubuntu/ros2_ws/src/MiniProsjekt/build/qube_description/install.log --single-version-externally-managed install_data
[2.345s] Level 1:colcon.colcon_core.environment:checking '/home/ubuntu/ros2_ws/src/MiniProsjekt/install/qube_description' for CMake module files
[2.346s] DEBUG:colcon.colcon_core.event_handler.log_command:Invoked command in '/home/ubuntu/ros2_ws/src/MiniProsjekt/qube_description' returned '0': DEBUGINFOD_URLS=https://debuginfod.ubuntu.com PYTHONPATH=/home/ubuntu/ros2_ws/src/MiniProsjekt/build/qube_description/prefix_override:/usr/lib/python3/dist-packages/colcon_core/task/python/colcon_distutils_commands:/home/ubuntu/ros2_ws/src/MiniProsjekt/install/qube_description/lib/python3.12/site-packages:${PYTHONPATH} /usr/bin/python3 -W ignore:setup.py install is deprecated -W ignore:easy_install command is deprecated setup.py egg_info --egg-base ../build/qube_description build --build-base /home/ubuntu/ros2_ws/src/MiniProsjekt/build/qube_description/build install --record /home/ubuntu/ros2_ws/src/MiniProsjekt/build/qube_description/install.log --single-version-externally-managed install_data
[2.347s] Level 1:colcon.colcon_core.environment:checking '/home/ubuntu/ros2_ws/src/MiniProsjekt/install/qube_description' for CMake config files
[2.348s] Level 1:colcon.colcon_core.environment:checking '/home/ubuntu/ros2_ws/src/MiniProsjekt/install/qube_description/lib'
[2.348s] Level 1:colcon.colcon_core.environment:checking '/home/ubuntu/ros2_ws/src/MiniProsjekt/install/qube_description/bin'
[2.348s] Level 1:colcon.colcon_core.environment:checking '/home/ubuntu/ros2_ws/src/MiniProsjekt/install/qube_description/lib/pkgconfig/qube_description.pc'
[2.348s] Level 1:colcon.colcon_core.environment:checking '/home/ubuntu/ros2_ws/src/MiniProsjekt/install/qube_description/lib/python3.12/site-packages'
[2.349s] Level 1:colcon.colcon_core.shell:create_environment_hook('qube_description', 'pythonpath')
[2.349s] INFO:colcon.colcon_core.shell:Creating environment hook '/home/ubuntu/ros2_ws/src/MiniProsjekt/install/qube_description/share/qube_description/hook/pythonpath.ps1'
[2.350s] INFO:colcon.colcon_core.shell:Creating environment descriptor '/home/ubuntu/ros2_ws/src/MiniProsjekt/install/qube_description/share/qube_description/hook/pythonpath.dsv'
[2.350s] INFO:colcon.colcon_core.shell:Creating environment hook '/home/ubuntu/ros2_ws/src/MiniProsjekt/install/qube_description/share/qube_description/hook/pythonpath.sh'
[2.351s] Level 1:colcon.colcon_core.environment:checking '/home/ubuntu/ros2_ws/src/MiniProsjekt/install/qube_description/bin'
[2.351s] Level 1:colcon.colcon_core.environment:create_environment_scripts_only(qube_description)
[2.351s] INFO:colcon.colcon_core.shell:Creating package script '/home/ubuntu/ros2_ws/src/MiniProsjekt/install/qube_description/share/qube_description/package.ps1'
[2.352s] INFO:colcon.colcon_core.shell:Creating package descriptor '/home/ubuntu/ros2_ws/src/MiniProsjekt/install/qube_description/share/qube_description/package.dsv'
[2.353s] INFO:colcon.colcon_core.shell:Creating package script '/home/ubuntu/ros2_ws/src/MiniProsjekt/install/qube_description/share/qube_description/package.sh'
[2.353s] INFO:colcon.colcon_core.shell:Creating package script '/home/ubuntu/ros2_ws/src/MiniProsjekt/install/qube_description/share/qube_description/package.bash'
[2.354s] INFO:colcon.colcon_core.shell:Creating package script '/home/ubuntu/ros2_ws/src/MiniProsjekt/install/qube_description/share/qube_description/package.zsh'
[2.354s] Level 1:colcon.colcon_core.environment:create_file_with_runtime_dependencies(/home/ubuntu/ros2_ws/src/MiniProsjekt/install/qube_description/share/colcon-core/packages/qube_description)
[2.356s] Level 1:colcon.colcon_core.environment:checking '/home/ubuntu/ros2_ws/src/MiniProsjekt/install/qube_bringup' for CMake module files
[2.357s] DEBUG:colcon.colcon_core.event_handler.log_command:Invoked command in '/home/ubuntu/ros2_ws/src/MiniProsjekt/qube_bringup' returned '0': DEBUGINFOD_URLS=https://debuginfod.ubuntu.com PYTHONPATH=/home/ubuntu/ros2_ws/src/MiniProsjekt/build/qube_bringup/prefix_override:/usr/lib/python3/dist-packages/colcon_core/task/python/colcon_distutils_commands:/home/ubuntu/ros2_ws/src/MiniProsjekt/install/qube_bringup/lib/python3.12/site-packages:${PYTHONPATH} /usr/bin/python3 -W ignore:setup.py install is deprecated -W ignore:easy_install command is deprecated setup.py egg_info --egg-base ../build/qube_bringup build --build-base /home/ubuntu/ros2_ws/src/MiniProsjekt/build/qube_bringup/build install --record /home/ubuntu/ros2_ws/src/MiniProsjekt/build/qube_bringup/install.log --single-version-externally-managed install_data
[2.358s] Level 1:colcon.colcon_core.environment:checking '/home/ubuntu/ros2_ws/src/MiniProsjekt/install/qube_bringup' for CMake config files
[2.358s] Level 1:colcon.colcon_core.environment:checking '/home/ubuntu/ros2_ws/src/MiniProsjekt/install/qube_bringup/lib'
[2.359s] Level 1:colcon.colcon_core.environment:checking '/home/ubuntu/ros2_ws/src/MiniProsjekt/install/qube_bringup/bin'
[2.359s] Level 1:colcon.colcon_core.environment:checking '/home/ubuntu/ros2_ws/src/MiniProsjekt/install/qube_bringup/lib/pkgconfig/qube_bringup.pc'
[2.359s] Level 1:colcon.colcon_core.environment:checking '/home/ubuntu/ros2_ws/src/MiniProsjekt/install/qube_bringup/lib/python3.12/site-packages'
[2.359s] Level 1:colcon.colcon_core.shell:create_environment_hook('qube_bringup', 'pythonpath')
[2.360s] INFO:colcon.colcon_core.shell:Creating environment hook '/home/ubuntu/ros2_ws/src/MiniProsjekt/install/qube_bringup/share/qube_bringup/hook/pythonpath.ps1'
[2.361s] INFO:colcon.colcon_core.shell:Creating environment descriptor '/home/ubuntu/ros2_ws/src/MiniProsjekt/install/qube_bringup/share/qube_bringup/hook/pythonpath.dsv'
[2.361s] INFO:colcon.colcon_core.shell:Creating environment hook '/home/ubuntu/ros2_ws/src/MiniProsjekt/install/qube_bringup/share/qube_bringup/hook/pythonpath.sh'
[2.362s] Level 1:colcon.colcon_core.environment:checking '/home/ubuntu/ros2_ws/src/MiniProsjekt/install/qube_bringup/bin'
[2.362s] Level 1:colcon.colcon_core.environment:create_environment_scripts_only(qube_bringup)
[2.362s] INFO:colcon.colcon_core.shell:Creating package script '/home/ubuntu/ros2_ws/src/MiniProsjekt/install/qube_bringup/share/qube_bringup/package.ps1'
[2.363s] INFO:colcon.colcon_core.shell:Creating package descriptor '/home/ubuntu/ros2_ws/src/MiniProsjekt/install/qube_bringup/share/qube_bringup/package.dsv'
[2.364s] INFO:colcon.colcon_core.shell:Creating package script '/home/ubuntu/ros2_ws/src/MiniProsjekt/install/qube_bringup/share/qube_bringup/package.sh'
[2.364s] INFO:colcon.colcon_core.shell:Creating package script '/home/ubuntu/ros2_ws/src/MiniProsjekt/install/qube_bringup/share/qube_bringup/package.bash'
[2.365s] INFO:colcon.colcon_core.shell:Creating package script '/home/ubuntu/ros2_ws/src/MiniProsjekt/install/qube_bringup/share/qube_bringup/package.zsh'
[2.365s] Level 1:colcon.colcon_core.environment:create_file_with_runtime_dependencies(/home/ubuntu/ros2_ws/src/MiniProsjekt/install/qube_bringup/share/colcon-core/packages/qube_bringup)
[2.365s] DEBUG:colcon.colcon_parallel_executor.executor.parallel:closing loop
[2.366s] DEBUG:colcon.colcon_parallel_executor.executor.parallel:loop closed
[2.366s] DEBUG:colcon.colcon_parallel_executor.executor.parallel:run_until_complete finished with '0'
[2.366s] DEBUG:colcon.colcon_core.event_reactor:joining thread
[2.373s] INFO:colcon.colcon_core.plugin_system:Skipping extension 'colcon_notification.desktop_notification.terminal_notifier': Not used on non-Darwin systems
[2.373s] INFO:colcon.colcon_core.plugin_system:Skipping extension 'colcon_notification.desktop_notification.win32': Not used on non-Windows systems
[2.373s] INFO:colcon.colcon_notification.desktop_notification:Sending desktop notification using 'notify2'
[2.389s] DEBUG:colcon.colcon_core.event_reactor:joined thread
[2.389s] INFO:colcon.colcon_core.shell:Creating prefix script '/home/ubuntu/ros2_ws/src/MiniProsjekt/install/local_setup.ps1'
[2.390s] INFO:colcon.colcon_core.shell:Creating prefix util module '/home/ubuntu/ros2_ws/src/MiniProsjekt/install/_local_setup_util_ps1.py'
[2.391s] INFO:colcon.colcon_core.shell:Creating prefix chain script '/home/ubuntu/ros2_ws/src/MiniProsjekt/install/setup.ps1'
[2.395s] INFO:colcon.colcon_core.shell:Creating prefix script '/home/ubuntu/ros2_ws/src/MiniProsjekt/install/local_setup.sh'
[2.395s] INFO:colcon.colcon_core.shell:Creating prefix util module '/home/ubuntu/ros2_ws/src/MiniProsjekt/install/_local_setup_util_sh.py'
[2.396s] INFO:colcon.colcon_core.shell:Creating prefix chain script '/home/ubuntu/ros2_ws/src/MiniProsjekt/install/setup.sh'
[2.398s] INFO:colcon.colcon_core.shell:Creating prefix script '/home/ubuntu/ros2_ws/src/MiniProsjekt/install/local_setup.bash'
[2.399s] INFO:colcon.colcon_core.shell:Creating prefix chain script '/home/ubuntu/ros2_ws/src/MiniProsjekt/install/setup.bash'
[2.401s] INFO:colcon.colcon_core.shell:Creating prefix script '/home/ubuntu/ros2_ws/src/MiniProsjekt/install/local_setup.zsh'
[2.401s] INFO:colcon.colcon_core.shell:Creating prefix chain script '/home/ubuntu/ros2_ws/src/MiniProsjekt/install/setup.zsh'
