[1.877s] Invoking command in '/home/ubuntu/ros2_ws/src/MiniProsjekt/qube_bringup': DEBUGINFOD_URLS=https://debuginfod.ubuntu.com PYTHONPATH=/home/ubuntu/ros2_ws/src/MiniProsjekt/build/qube_bringup/prefix_override:/usr/lib/python3/dist-packages/colcon_core/task/python/colcon_distutils_commands:/home/ubuntu/ros2_ws/src/MiniProsjekt/install/qube_bringup/lib/python3.12/site-packages:${PYTHONPATH} /usr/bin/python3 -W ignore:setup.py install is deprecated -W ignore:easy_install command is deprecated setup.py egg_info --egg-base ../build/qube_bringup build --build-base /home/ubuntu/ros2_ws/src/MiniProsjekt/build/qube_bringup/build install --record /home/ubuntu/ros2_ws/src/MiniProsjekt/build/qube_bringup/install.log --single-version-externally-managed install_data
[2.380s] running egg_info
[2.417s] writing ../build/qube_bringup/qube_bringup.egg-info/PKG-INFO
[2.418s] writing dependency_links to ../build/qube_bringup/qube_bringup.egg-info/dependency_links.txt
[2.418s] writing requirements to ../build/qube_bringup/qube_bringup.egg-info/requires.txt
[2.418s] writing top-level names to ../build/qube_bringup/qube_bringup.egg-info/top_level.txt
[2.492s] reading manifest file '../build/qube_bringup/qube_bringup.egg-info/SOURCES.txt'
[2.493s] adding license file 'LICENSE'
[2.494s] writing manifest file '../build/qube_bringup/qube_bringup.egg-info/SOURCES.txt'
[2.494s] running build
[2.494s] running build_py
[2.495s] running install
[2.506s] running install_lib
[2.532s] running install_data
[2.532s] running install_egg_info
[2.556s] removing '/home/ubuntu/ros2_ws/src/MiniProsjekt/install/qube_bringup/lib/python3.12/site-packages/qube_bringup-0.0.0-py3.12.egg-info' (and everything under it)
[2.556s] Copying ../build/qube_bringup/qube_bringup.egg-info to /home/ubuntu/ros2_ws/src/MiniProsjekt/install/qube_bringup/lib/python3.12/site-packages/qube_bringup-0.0.0-py3.12.egg-info
[2.557s] running install_scripts
[2.709s] writing list of installed files to '/home/ubuntu/ros2_ws/src/MiniProsjekt/build/qube_bringup/install.log'
[2.751s] Invoked command in '/home/ubuntu/ros2_ws/src/MiniProsjekt/qube_bringup' returned '0': DEBUGINFOD_URLS=https://debuginfod.ubuntu.com PYTHONPATH=/home/ubuntu/ros2_ws/src/MiniProsjekt/build/qube_bringup/prefix_override:/usr/lib/python3/dist-packages/colcon_core/task/python/colcon_distutils_commands:/home/ubuntu/ros2_ws/src/MiniProsjekt/install/qube_bringup/lib/python3.12/site-packages:${PYTHONPATH} /usr/bin/python3 -W ignore:setup.py install is deprecated -W ignore:easy_install command is deprecated setup.py egg_info --egg-base ../build/qube_bringup build --build-base /home/ubuntu/ros2_ws/src/MiniProsjekt/build/qube_bringup/build install --record /home/ubuntu/ros2_ws/src/MiniProsjekt/build/qube_bringup/install.log --single-version-externally-managed install_data
