[1.702s] Invoking command in '/home/ubuntu/ros2_ws/src/MiniProsjekt/qube_description': DEBUGINFOD_URLS=https://debuginfod.ubuntu.com PYTHONPATH=/home/ubuntu/ros2_ws/src/MiniProsjekt/build/qube_description/prefix_override:/usr/lib/python3/dist-packages/colcon_core/task/python/colcon_distutils_commands:/home/ubuntu/ros2_ws/src/MiniProsjekt/install/qube_description/lib/python3.12/site-packages:${PYTHONPATH} /usr/bin/python3 -W ignore:setup.py install is deprecated -W ignore:easy_install command is deprecated setup.py egg_info --egg-base ../build/qube_description build --build-base /home/ubuntu/ros2_ws/src/MiniProsjekt/build/qube_description/build install --record /home/ubuntu/ros2_ws/src/MiniProsjekt/build/qube_description/install.log --single-version-externally-managed install_data
[2.204s] running egg_info
[2.241s] writing ../build/qube_description/qube_description.egg-info/PKG-INFO
[2.242s] writing dependency_links to ../build/qube_description/qube_description.egg-info/dependency_links.txt
[2.242s] writing requirements to ../build/qube_description/qube_description.egg-info/requires.txt
[2.242s] writing top-level names to ../build/qube_description/qube_description.egg-info/top_level.txt
[2.319s] reading manifest file '../build/qube_description/qube_description.egg-info/SOURCES.txt'
[2.320s] adding license file 'LICENSE'
[2.321s] writing manifest file '../build/qube_description/qube_description.egg-info/SOURCES.txt'
[2.321s] running build
[2.321s] running build_py
[2.321s] running install
[2.332s] running install_lib
[2.364s] running install_data
[2.365s] running install_egg_info
[2.389s] removing '/home/ubuntu/ros2_ws/src/MiniProsjekt/install/qube_description/lib/python3.12/site-packages/qube_description-0.0.0-py3.12.egg-info' (and everything under it)
[2.390s] Copying ../build/qube_description/qube_description.egg-info to /home/ubuntu/ros2_ws/src/MiniProsjekt/install/qube_description/lib/python3.12/site-packages/qube_description-0.0.0-py3.12.egg-info
[2.391s] running install_scripts
[2.537s] writing list of installed files to '/home/ubuntu/ros2_ws/src/MiniProsjekt/build/qube_description/install.log'
[2.578s] Invoked command in '/home/ubuntu/ros2_ws/src/MiniProsjekt/qube_description' returned '0': DEBUGINFOD_URLS=https://debuginfod.ubuntu.com PYTHONPATH=/home/ubuntu/ros2_ws/src/MiniProsjekt/build/qube_description/prefix_override:/usr/lib/python3/dist-packages/colcon_core/task/python/colcon_distutils_commands:/home/ubuntu/ros2_ws/src/MiniProsjekt/install/qube_description/lib/python3.12/site-packages:${PYTHONPATH} /usr/bin/python3 -W ignore:setup.py install is deprecated -W ignore:easy_install command is deprecated setup.py egg_info --egg-base ../build/qube_description build --build-base /home/ubuntu/ros2_ws/src/MiniProsjekt/build/qube_description/build install --record /home/ubuntu/ros2_ws/src/MiniProsjekt/build/qube_description/install.log --single-version-externally-managed install_data
