running egg_info
writing ../build/qube_description/qube_description.egg-info/PKG-INFO
writing dependency_links to ../build/qube_description/qube_description.egg-info/dependency_links.txt
writing requirements to ../build/qube_description/qube_description.egg-info/requires.txt
writing top-level names to ../build/qube_description/qube_description.egg-info/top_level.txt
reading manifest file '../build/qube_description/qube_description.egg-info/SOURCES.txt'
adding license file 'LICENSE'
writing manifest file '../build/qube_description/qube_description.egg-info/SOURCES.txt'
running build
running build_py
running install
running install_lib
running install_data
copying package.xml -> /home/ubuntu/ros2_ws/src/MiniProsjekt/install/qube_description/share/qube_description
copying launch/view_qube.launch.py -> /home/ubuntu/ros2_ws/src/MiniProsjekt/install/qube_description/share/qube_description/launch
copying urdf/qube.urdf.xacro -> /home/ubuntu/ros2_ws/src/MiniProsjekt/install/qube_description/share/qube_description/urdf
copying urdf/qube.macro.xacro -> /home/ubuntu/ros2_ws/src/MiniProsjekt/install/qube_description/share/qube_description/urdf
running install_egg_info
removing '/home/ubuntu/ros2_ws/src/MiniProsjekt/install/qube_description/lib/python3.12/site-packages/qube_description-0.0.0-py3.12.egg-info' (and everything under it)
Copying ../build/qube_description/qube_description.egg-info to /home/ubuntu/ros2_ws/src/MiniProsjekt/install/qube_description/lib/python3.12/site-packages/qube_description-0.0.0-py3.12.egg-info
running install_scripts
writing list of installed files to '/home/ubuntu/ros2_ws/src/MiniProsjekt/build/qube_description/install.log'
