[0.136s] DEBUG:colcon:Command line arguments: ['/usr/bin/colcon', 'build']
[0.136s] DEBUG:colcon:Parsed command line arguments: Namespace(log_base=None, log_level=None, verb_name='build', build_base='build', install_base='install', merge_install=False, symlink_install=False, test_result_base=None, continue_on_error=False, executor='parallel', parallel_workers=4, event_handlers=None, ignore_user_meta=False, metas=['./colcon.meta'], base_paths=['.'], packages_ignore=None, packages_ignore_regex=None, paths=None, packages_up_to=None, packages_up_to_regex=None, packages_above=None, packages_above_and_dependencies=None, packages_above_depth=None, packages_select_by_dep=None, packages_skip_by_dep=None, packages_skip_up_to=None, packages_select_build_failed=False, packages_skip_build_finished=False, packages_select_test_failures=False, packages_skip_test_passed=False, packages_select=None, packages_skip=None, packages_select_regex=None, packages_skip_regex=None, packages_start=None, packages_end=None, allow_overriding=[], cmake_args=None, cmake_target=None, cmake_target_skip_unavailable=False, cmake_clean_cache=False, cmake_clean_first=False, cmake_force_configure=False, ament_cmake_args=None, catkin_cmake_args=None, catkin_skip_building_tests=False, mixin_files=None, mixin=None, verb_parser=<colcon_mixin.mixin.mixin_argument.MixinArgumentDecorator object at 0x7af966f77d40>, verb_extension=<colcon_core.verb.build.BuildVerb object at 0x7af9670c8770>, main=<bound method BuildVerb.main of <colcon_core.verb.build.BuildVerb object at 0x7af9670c8770>>, mixin_verb=('build',))
[0.174s] Level 1:colcon.colcon_core.package_discovery:discover_packages(colcon_meta) check parameters
[0.175s] Level 1:colcon.colcon_core.package_discovery:discover_packages(recursive) check parameters
[0.175s] Level 1:colcon.colcon_core.package_discovery:discover_packages(ignore) check parameters
[0.175s] Level 1:colcon.colcon_core.package_discovery:discover_packages(path) check parameters
[0.175s] Level 1:colcon.colcon_core.package_discovery:discover_packages(colcon_meta) discover
[0.175s] Level 1:colcon.colcon_core.package_discovery:discover_packages(recursive) discover
[0.175s] INFO:colcon.colcon_core.package_discovery:Crawling recursively for packages in '/home/ubuntu/ros2_ws/src/MiniProsjekt'
[0.175s] Level 1:colcon.colcon_core.package_identification:_identify(.) by extensions ['ignore', 'ignore_ament_install']
[0.175s] Level 1:colcon.colcon_core.package_identification:_identify(.) by extension 'ignore'
[0.175s] Level 1:colcon.colcon_core.package_identification:_identify(.) by extension 'ignore_ament_install'
[0.175s] Level 1:colcon.colcon_core.package_identification:_identify(.) by extensions ['colcon_pkg']
[0.175s] Level 1:colcon.colcon_core.package_identification:_identify(.) by extension 'colcon_pkg'
[0.175s] Level 1:colcon.colcon_core.package_identification:_identify(.) by extensions ['colcon_meta']
[0.175s] Level 1:colcon.colcon_core.package_identification:_identify(.) by extension 'colcon_meta'
[0.175s] Level 1:colcon.colcon_core.package_identification:_identify(.) by extensions ['ros']
[0.175s] Level 1:colcon.colcon_core.package_identification:_identify(.) by extension 'ros'
[0.201s] Level 1:colcon.colcon_core.package_identification:_identify(.) by extensions ['cmake', 'python']
[0.201s] Level 1:colcon.colcon_core.package_identification:_identify(.) by extension 'cmake'
[0.201s] Level 1:colcon.colcon_core.package_identification:_identify(.) by extension 'python'
[0.201s] Level 1:colcon.colcon_core.package_identification:_identify(.) by extensions ['python_setup_py']
[0.201s] Level 1:colcon.colcon_core.package_identification:_identify(.) by extension 'python_setup_py'
[0.201s] Level 1:colcon.colcon_core.package_identification:_identify(build) by extensions ['ignore', 'ignore_ament_install']
[0.201s] Level 1:colcon.colcon_core.package_identification:_identify(build) by extension 'ignore'
[0.201s] Level 1:colcon.colcon_core.package_identification:_identify(build) ignored
[0.201s] Level 1:colcon.colcon_core.package_identification:_identify(install) by extensions ['ignore', 'ignore_ament_install']
[0.202s] Level 1:colcon.colcon_core.package_identification:_identify(install) by extension 'ignore'
[0.202s] Level 1:colcon.colcon_core.package_identification:_identify(install) ignored
[0.202s] Level 1:colcon.colcon_core.package_identification:_identify(log) by extensions ['ignore', 'ignore_ament_install']
[0.202s] Level 1:colcon.colcon_core.package_identification:_identify(log) by extension 'ignore'
[0.202s] Level 1:colcon.colcon_core.package_identification:_identify(log) ignored
[0.202s] Level 1:colcon.colcon_core.package_identification:_identify(qube_bringup) by extensions ['ignore', 'ignore_ament_install']
[0.202s] Level 1:colcon.colcon_core.package_identification:_identify(qube_bringup) by extension 'ignore'
[0.202s] Level 1:colcon.colcon_core.package_identification:_identify(qube_bringup) by extension 'ignore_ament_install'
[0.202s] Level 1:colcon.colcon_core.package_identification:_identify(qube_bringup) by extensions ['colcon_pkg']
[0.202s] Level 1:colcon.colcon_core.package_identification:_identify(qube_bringup) by extension 'colcon_pkg'
[0.202s] Level 1:colcon.colcon_core.package_identification:_identify(qube_bringup) by extensions ['colcon_meta']
[0.202s] Level 1:colcon.colcon_core.package_identification:_identify(qube_bringup) by extension 'colcon_meta'
[0.202s] Level 1:colcon.colcon_core.package_identification:_identify(qube_bringup) by extensions ['ros']
[0.202s] Level 1:colcon.colcon_core.package_identification:_identify(qube_bringup) by extension 'ros'
[0.204s] DEBUG:colcon.colcon_core.package_identification:Package 'qube_bringup' with type 'ros.ament_python' and name 'qube_bringup'
[0.205s] Level 1:colcon.colcon_core.package_identification:_identify(qube_controller) by extensions ['ignore', 'ignore_ament_install']
[0.205s] Level 1:colcon.colcon_core.package_identification:_identify(qube_controller) by extension 'ignore'
[0.205s] Level 1:colcon.colcon_core.package_identification:_identify(qube_controller) by extension 'ignore_ament_install'
[0.205s] Level 1:colcon.colcon_core.package_identification:_identify(qube_controller) by extensions ['colcon_pkg']
[0.205s] Level 1:colcon.colcon_core.package_identification:_identify(qube_controller) by extension 'colcon_pkg'
[0.205s] Level 1:colcon.colcon_core.package_identification:_identify(qube_controller) by extensions ['colcon_meta']
[0.205s] Level 1:colcon.colcon_core.package_identification:_identify(qube_controller) by extension 'colcon_meta'
[0.205s] Level 1:colcon.colcon_core.package_identification:_identify(qube_controller) by extensions ['ros']
[0.205s] Level 1:colcon.colcon_core.package_identification:_identify(qube_controller) by extension 'ros'
[0.206s] DEBUG:colcon.colcon_core.package_identification:Package 'qube_controller' with type 'ros.ament_python' and name 'qube_controller'
[0.206s] Level 1:colcon.colcon_core.package_identification:_identify(qube_description) by extensions ['ignore', 'ignore_ament_install']
[0.206s] Level 1:colcon.colcon_core.package_identification:_identify(qube_description) by extension 'ignore'
[0.206s] Level 1:colcon.colcon_core.package_identification:_identify(qube_description) by extension 'ignore_ament_install'
[0.206s] Level 1:colcon.colcon_core.package_identification:_identify(qube_description) by extensions ['colcon_pkg']
[0.206s] Level 1:colcon.colcon_core.package_identification:_identify(qube_description) by extension 'colcon_pkg'
[0.206s] Level 1:colcon.colcon_core.package_identification:_identify(qube_description) by extensions ['colcon_meta']
[0.206s] Level 1:colcon.colcon_core.package_identification:_identify(qube_description) by extension 'colcon_meta'
[0.206s] Level 1:colcon.colcon_core.package_identification:_identify(qube_description) by extensions ['ros']
[0.206s] Level 1:colcon.colcon_core.package_identification:_identify(qube_description) by extension 'ros'
[0.206s] DEBUG:colcon.colcon_core.package_identification:Package 'qube_description' with type 'ros.ament_python' and name 'qube_description'
[0.206s] Level 1:colcon.colcon_core.package_identification:_identify(qube_driver) by extensions ['ignore', 'ignore_ament_install']
[0.207s] Level 1:colcon.colcon_core.package_identification:_identify(qube_driver) by extension 'ignore'
[0.207s] Level 1:colcon.colcon_core.package_identification:_identify(qube_driver) by extension 'ignore_ament_install'
[0.207s] Level 1:colcon.colcon_core.package_identification:_identify(qube_driver) by extensions ['colcon_pkg']
[0.207s] Level 1:colcon.colcon_core.package_identification:_identify(qube_driver) by extension 'colcon_pkg'
[0.207s] Level 1:colcon.colcon_core.package_identification:_identify(qube_driver) by extensions ['colcon_meta']
[0.207s] Level 1:colcon.colcon_core.package_identification:_identify(qube_driver) by extension 'colcon_meta'
[0.207s] Level 1:colcon.colcon_core.package_identification:_identify(qube_driver) by extensions ['ros']
[0.207s] Level 1:colcon.colcon_core.package_identification:_identify(qube_driver) by extension 'ros'
[0.207s] DEBUG:colcon.colcon_core.package_identification:Package 'qube_driver' with type 'ros.ament_cmake' and name 'qube_driver'
[0.207s] Level 1:colcon.colcon_core.package_discovery:discover_packages(recursive) using defaults
[0.207s] Level 1:colcon.colcon_core.package_discovery:discover_packages(ignore) discover
[0.207s] Level 1:colcon.colcon_core.package_discovery:discover_packages(ignore) using defaults
[0.207s] Level 1:colcon.colcon_core.package_discovery:discover_packages(path) discover
[0.207s] Level 1:colcon.colcon_core.package_discovery:discover_packages(path) using defaults
[0.228s] Level 1:colcon.colcon_core.package_discovery:discover_packages(prefix_path) check parameters
[0.228s] Level 1:colcon.colcon_core.package_discovery:discover_packages(prefix_path) discover
[0.229s] DEBUG:colcon.colcon_installed_package_information.package_discovery:Found 4 installed packages in /home/ubuntu/ros2_ws/src/MiniProsjekt/install
[0.231s] DEBUG:colcon.colcon_installed_package_information.package_discovery:Found 349 installed packages in /opt/ros/jazzy
[0.233s] Level 1:colcon.colcon_core.package_discovery:discover_packages(prefix_path) using defaults
[0.291s] Level 5:colcon.colcon_core.verb:set package 'qube_bringup' build argument 'cmake_args' from command line to 'None'
[0.291s] Level 5:colcon.colcon_core.verb:set package 'qube_bringup' build argument 'cmake_target' from command line to 'None'
[0.291s] Level 5:colcon.colcon_core.verb:set package 'qube_bringup' build argument 'cmake_target_skip_unavailable' from command line to 'False'
[0.291s] Level 5:colcon.colcon_core.verb:set package 'qube_bringup' build argument 'cmake_clean_cache' from command line to 'False'
[0.291s] Level 5:colcon.colcon_core.verb:set package 'qube_bringup' build argument 'cmake_clean_first' from command line to 'False'
[0.291s] Level 5:colcon.colcon_core.verb:set package 'qube_bringup' build argument 'cmake_force_configure' from command line to 'False'
[0.291s] Level 5:colcon.colcon_core.verb:set package 'qube_bringup' build argument 'ament_cmake_args' from command line to 'None'
[0.291s] Level 5:colcon.colcon_core.verb:set package 'qube_bringup' build argument 'catkin_cmake_args' from command line to 'None'
[0.291s] Level 5:colcon.colcon_core.verb:set package 'qube_bringup' build argument 'catkin_skip_building_tests' from command line to 'False'
[0.291s] DEBUG:colcon.colcon_core.verb:Building package 'qube_bringup' with the following arguments: {'ament_cmake_args': None, 'build_base': '/home/ubuntu/ros2_ws/src/MiniProsjekt/build/qube_bringup', 'catkin_cmake_args': None, 'catkin_skip_building_tests': False, 'cmake_args': None, 'cmake_clean_cache': False, 'cmake_clean_first': False, 'cmake_force_configure': False, 'cmake_target': None, 'cmake_target_skip_unavailable': False, 'install_base': '/home/ubuntu/ros2_ws/src/MiniProsjekt/install/qube_bringup', 'merge_install': False, 'path': '/home/ubuntu/ros2_ws/src/MiniProsjekt/qube_bringup', 'symlink_install': False, 'test_result_base': None}
[0.292s] Level 5:colcon.colcon_core.verb:set package 'qube_controller' build argument 'cmake_args' from command line to 'None'
[0.292s] Level 5:colcon.colcon_core.verb:set package 'qube_controller' build argument 'cmake_target' from command line to 'None'
[0.292s] Level 5:colcon.colcon_core.verb:set package 'qube_controller' build argument 'cmake_target_skip_unavailable' from command line to 'False'
[0.292s] Level 5:colcon.colcon_core.verb:set package 'qube_controller' build argument 'cmake_clean_cache' from command line to 'False'
[0.292s] Level 5:colcon.colcon_core.verb:set package 'qube_controller' build argument 'cmake_clean_first' from command line to 'False'
[0.292s] Level 5:colcon.colcon_core.verb:set package 'qube_controller' build argument 'cmake_force_configure' from command line to 'False'
[0.292s] Level 5:colcon.colcon_core.verb:set package 'qube_controller' build argument 'ament_cmake_args' from command line to 'None'
[0.292s] Level 5:colcon.colcon_core.verb:set package 'qube_controller' build argument 'catkin_cmake_args' from command line to 'None'
[0.292s] Level 5:colcon.colcon_core.verb:set package 'qube_controller' build argument 'catkin_skip_building_tests' from command line to 'False'
[0.292s] DEBUG:colcon.colcon_core.verb:Building package 'qube_controller' with the following arguments: {'ament_cmake_args': None, 'build_base': '/home/ubuntu/ros2_ws/src/MiniProsjekt/build/qube_controller', 'catkin_cmake_args': None, 'catkin_skip_building_tests': False, 'cmake_args': None, 'cmake_clean_cache': False, 'cmake_clean_first': False, 'cmake_force_configure': False, 'cmake_target': None, 'cmake_target_skip_unavailable': False, 'install_base': '/home/ubuntu/ros2_ws/src/MiniProsjekt/install/qube_controller', 'merge_install': False, 'path': '/home/ubuntu/ros2_ws/src/MiniProsjekt/qube_controller', 'symlink_install': False, 'test_result_base': None}
[0.292s] Level 5:colcon.colcon_core.verb:set package 'qube_description' build argument 'cmake_args' from command line to 'None'
[0.292s] Level 5:colcon.colcon_core.verb:set package 'qube_description' build argument 'cmake_target' from command line to 'None'
[0.292s] Level 5:colcon.colcon_core.verb:set package 'qube_description' build argument 'cmake_target_skip_unavailable' from command line to 'False'
[0.292s] Level 5:colcon.colcon_core.verb:set package 'qube_description' build argument 'cmake_clean_cache' from command line to 'False'
[0.292s] Level 5:colcon.colcon_core.verb:set package 'qube_description' build argument 'cmake_clean_first' from command line to 'False'
[0.292s] Level 5:colcon.colcon_core.verb:set package 'qube_description' build argument 'cmake_force_configure' from command line to 'False'
[0.292s] Level 5:colcon.colcon_core.verb:set package 'qube_description' build argument 'ament_cmake_args' from command line to 'None'
[0.292s] Level 5:colcon.colcon_core.verb:set package 'qube_description' build argument 'catkin_cmake_args' from command line to 'None'
[0.292s] Level 5:colcon.colcon_core.verb:set package 'qube_description' build argument 'catkin_skip_building_tests' from command line to 'False'
[0.292s] DEBUG:colcon.colcon_core.verb:Building package 'qube_description' with the following arguments: {'ament_cmake_args': None, 'build_base': '/home/ubuntu/ros2_ws/src/MiniProsjekt/build/qube_description', 'catkin_cmake_args': None, 'catkin_skip_building_tests': False, 'cmake_args': None, 'cmake_clean_cache': False, 'cmake_clean_first': False, 'cmake_force_configure': False, 'cmake_target': None, 'cmake_target_skip_unavailable': False, 'install_base': '/home/ubuntu/ros2_ws/src/MiniProsjekt/install/qube_description', 'merge_install': False, 'path': '/home/ubuntu/ros2_ws/src/MiniProsjekt/qube_description', 'symlink_install': False, 'test_result_base': None}
[0.293s] Level 5:colcon.colcon_core.verb:set package 'qube_driver' build argument 'cmake_args' from command line to 'None'
[0.293s] Level 5:colcon.colcon_core.verb:set package 'qube_driver' build argument 'cmake_target' from command line to 'None'
[0.293s] Level 5:colcon.colcon_core.verb:set package 'qube_driver' build argument 'cmake_target_skip_unavailable' from command line to 'False'
[0.293s] Level 5:colcon.colcon_core.verb:set package 'qube_driver' build argument 'cmake_clean_cache' from command line to 'False'
[0.293s] Level 5:colcon.colcon_core.verb:set package 'qube_driver' build argument 'cmake_clean_first' from command line to 'False'
[0.293s] Level 5:colcon.colcon_core.verb:set package 'qube_driver' build argument 'cmake_force_configure' from command line to 'False'
[0.293s] Level 5:colcon.colcon_core.verb:set package 'qube_driver' build argument 'ament_cmake_args' from command line to 'None'
[0.293s] Level 5:colcon.colcon_core.verb:set package 'qube_driver' build argument 'catkin_cmake_args' from command line to 'None'
[0.293s] Level 5:colcon.colcon_core.verb:set package 'qube_driver' build argument 'catkin_skip_building_tests' from command line to 'False'
[0.293s] DEBUG:colcon.colcon_core.verb:Building package 'qube_driver' with the following arguments: {'ament_cmake_args': None, 'build_base': '/home/ubuntu/ros2_ws/src/MiniProsjekt/build/qube_driver', 'catkin_cmake_args': None, 'catkin_skip_building_tests': False, 'cmake_args': None, 'cmake_clean_cache': False, 'cmake_clean_first': False, 'cmake_force_configure': False, 'cmake_target': None, 'cmake_target_skip_unavailable': False, 'install_base': '/home/ubuntu/ros2_ws/src/MiniProsjekt/install/qube_driver', 'merge_install': False, 'path': '/home/ubuntu/ros2_ws/src/MiniProsjekt/qube_driver', 'symlink_install': False, 'test_result_base': None}
[0.293s] INFO:colcon.colcon_core.executor:Executing jobs using 'parallel' executor
[0.294s] DEBUG:colcon.colcon_parallel_executor.executor.parallel:run_until_complete
[0.294s] INFO:colcon.colcon_ros.task.ament_python.build:Building ROS package in '/home/ubuntu/ros2_ws/src/MiniProsjekt/qube_bringup' with build type 'ament_python'
[0.294s] Level 1:colcon.colcon_core.shell:create_environment_hook('qube_bringup', 'ament_prefix_path')
[0.298s] INFO:colcon.colcon_core.plugin_system:Skipping extension 'colcon_core.shell.bat': Not used on non-Windows systems
[0.299s] INFO:colcon.colcon_core.shell:Creating environment hook '/home/ubuntu/ros2_ws/src/MiniProsjekt/install/qube_bringup/share/qube_bringup/hook/ament_prefix_path.ps1'
[0.300s] INFO:colcon.colcon_core.shell:Creating environment descriptor '/home/ubuntu/ros2_ws/src/MiniProsjekt/install/qube_bringup/share/qube_bringup/hook/ament_prefix_path.dsv'
[0.301s] INFO:colcon.colcon_core.shell:Creating environment hook '/home/ubuntu/ros2_ws/src/MiniProsjekt/install/qube_bringup/share/qube_bringup/hook/ament_prefix_path.sh'
[0.302s] INFO:colcon.colcon_core.shell:Skip shell extension 'powershell' for command environment: Not usable outside of PowerShell
[0.302s] DEBUG:colcon.colcon_core.shell:Skip shell extension 'dsv' for command environment
[0.307s] INFO:colcon.colcon_ros.task.ament_python.build:Building ROS package in '/home/ubuntu/ros2_ws/src/MiniProsjekt/qube_controller' with build type 'ament_python'
[0.307s] Level 1:colcon.colcon_core.shell:create_environment_hook('qube_controller', 'ament_prefix_path')
[0.307s] INFO:colcon.colcon_core.shell:Creating environment hook '/home/ubuntu/ros2_ws/src/MiniProsjekt/install/qube_controller/share/qube_controller/hook/ament_prefix_path.ps1'
[0.309s] INFO:colcon.colcon_core.shell:Creating environment descriptor '/home/ubuntu/ros2_ws/src/MiniProsjekt/install/qube_controller/share/qube_controller/hook/ament_prefix_path.dsv'
[0.309s] INFO:colcon.colcon_core.shell:Creating environment hook '/home/ubuntu/ros2_ws/src/MiniProsjekt/install/qube_controller/share/qube_controller/hook/ament_prefix_path.sh'
[0.310s] INFO:colcon.colcon_core.shell:Skip shell extension 'powershell' for command environment: Not usable outside of PowerShell
[0.310s] DEBUG:colcon.colcon_core.shell:Skip shell extension 'dsv' for command environment
[0.315s] INFO:colcon.colcon_ros.task.ament_python.build:Building ROS package in '/home/ubuntu/ros2_ws/src/MiniProsjekt/qube_description' with build type 'ament_python'
[0.315s] Level 1:colcon.colcon_core.shell:create_environment_hook('qube_description', 'ament_prefix_path')
[0.316s] INFO:colcon.colcon_core.shell:Creating environment hook '/home/ubuntu/ros2_ws/src/MiniProsjekt/install/qube_description/share/qube_description/hook/ament_prefix_path.ps1'
[0.316s] INFO:colcon.colcon_core.shell:Creating environment descriptor '/home/ubuntu/ros2_ws/src/MiniProsjekt/install/qube_description/share/qube_description/hook/ament_prefix_path.dsv'
[0.317s] INFO:colcon.colcon_core.shell:Creating environment hook '/home/ubuntu/ros2_ws/src/MiniProsjekt/install/qube_description/share/qube_description/hook/ament_prefix_path.sh'
[0.318s] INFO:colcon.colcon_core.shell:Skip shell extension 'powershell' for command environment: Not usable outside of PowerShell
[0.318s] DEBUG:colcon.colcon_core.shell:Skip shell extension 'dsv' for command environment
[0.321s] INFO:colcon.colcon_ros.task.ament_cmake.build:Building ROS package in '/home/ubuntu/ros2_ws/src/MiniProsjekt/qube_driver' with build type 'ament_cmake'
[0.321s] INFO:colcon.colcon_cmake.task.cmake.build:Building CMake package in '/home/ubuntu/ros2_ws/src/MiniProsjekt/qube_driver'
[0.321s] INFO:colcon.colcon_core.shell:Skip shell extension 'powershell' for command environment: Not usable outside of PowerShell
[0.321s] DEBUG:colcon.colcon_core.shell:Skip shell extension 'dsv' for command environment
[0.563s] INFO:colcon.colcon_core.task.python.build:Building Python package in '/home/ubuntu/ros2_ws/src/MiniProsjekt/qube_bringup'
[0.563s] INFO:colcon.colcon_core.shell:Skip shell extension 'powershell' for command environment: Not usable outside of PowerShell
[0.563s] DEBUG:colcon.colcon_core.shell:Skip shell extension 'dsv' for command environment
[0.792s] INFO:colcon.colcon_core.task.python.build:Building Python package in '/home/ubuntu/ros2_ws/src/MiniProsjekt/qube_controller'
[0.793s] INFO:colcon.colcon_core.shell:Skip shell extension 'powershell' for command environment: Not usable outside of PowerShell
[0.793s] DEBUG:colcon.colcon_core.shell:Skip shell extension 'dsv' for command environment
[1.028s] INFO:colcon.colcon_core.task.python.build:Building Python package in '/home/ubuntu/ros2_ws/src/MiniProsjekt/qube_description'
[1.028s] INFO:colcon.colcon_core.shell:Skip shell extension 'powershell' for command environment: Not usable outside of PowerShell
[1.028s] DEBUG:colcon.colcon_core.shell:Skip shell extension 'dsv' for command environment
[1.038s] DEBUG:colcon.colcon_core.event_handler.log_command:Invoking command in '/home/ubuntu/ros2_ws/src/MiniProsjekt/build/qube_driver': CMAKE_PREFIX_PATH=${CMAKE_PREFIX_PATH}:/home/ubuntu/ros2_ws/src/MiniProsjekt/install/qube_controller:/home/ubuntu/ros2_ws/src/MiniProsjekt/install/qube_description:/home/ubuntu/ros2_ws/src/MiniProsjekt/install/qube_bringup:/opt/ros/jazzy DEBUGINFOD_URLS=https://debuginfod.ubuntu.com /usr/bin/cmake --build /home/ubuntu/ros2_ws/src/MiniProsjekt/build/qube_driver -- -j4 -l4
[1.184s] DEBUG:colcon.colcon_core.event_handler.log_command:Invoked command in '/home/ubuntu/ros2_ws/src/MiniProsjekt/build/qube_driver' returned '0': CMAKE_PREFIX_PATH=${CMAKE_PREFIX_PATH}:/home/ubuntu/ros2_ws/src/MiniProsjekt/install/qube_controller:/home/ubuntu/ros2_ws/src/MiniProsjekt/install/qube_description:/home/ubuntu/ros2_ws/src/MiniProsjekt/install/qube_bringup:/opt/ros/jazzy DEBUGINFOD_URLS=https://debuginfod.ubuntu.com /usr/bin/cmake --build /home/ubuntu/ros2_ws/src/MiniProsjekt/build/qube_driver -- -j4 -l4
[1.197s] DEBUG:colcon.colcon_core.event_handler.log_command:Invoking command in '/home/ubuntu/ros2_ws/src/MiniProsjekt/build/qube_driver': CMAKE_PREFIX_PATH=${CMAKE_PREFIX_PATH}:/home/ubuntu/ros2_ws/src/MiniProsjekt/install/qube_controller:/home/ubuntu/ros2_ws/src/MiniProsjekt/install/qube_description:/home/ubuntu/ros2_ws/src/MiniProsjekt/install/qube_bringup:/opt/ros/jazzy DEBUGINFOD_URLS=https://debuginfod.ubuntu.com /usr/bin/cmake --install /home/ubuntu/ros2_ws/src/MiniProsjekt/build/qube_driver
[1.229s] Level 1:colcon.colcon_core.environment:create_environment_scripts_only(qube_driver)
[1.233s] DEBUG:colcon.colcon_core.event_handler.log_command:Invoked command in '/home/ubuntu/ros2_ws/src/MiniProsjekt/build/qube_driver' returned '0': CMAKE_PREFIX_PATH=${CMAKE_PREFIX_PATH}:/home/ubuntu/ros2_ws/src/MiniProsjekt/install/qube_controller:/home/ubuntu/ros2_ws/src/MiniProsjekt/install/qube_description:/home/ubuntu/ros2_ws/src/MiniProsjekt/install/qube_bringup:/opt/ros/jazzy DEBUGINFOD_URLS=https://debuginfod.ubuntu.com /usr/bin/cmake --install /home/ubuntu/ros2_ws/src/MiniProsjekt/build/qube_driver
[1.234s] Level 1:colcon.colcon_core.environment:checking '/home/ubuntu/ros2_ws/src/MiniProsjekt/install/qube_driver' for CMake module files
[1.235s] Level 1:colcon.colcon_core.environment:checking '/home/ubuntu/ros2_ws/src/MiniProsjekt/install/qube_driver' for CMake config files
[1.236s] Level 1:colcon.colcon_core.shell:create_environment_hook('qube_driver', 'cmake_prefix_path')
[1.236s] INFO:colcon.colcon_core.shell:Creating environment hook '/home/ubuntu/ros2_ws/src/MiniProsjekt/install/qube_driver/share/qube_driver/hook/cmake_prefix_path.ps1'
[1.237s] INFO:colcon.colcon_core.shell:Creating environment descriptor '/home/ubuntu/ros2_ws/src/MiniProsjekt/install/qube_driver/share/qube_driver/hook/cmake_prefix_path.dsv'
[1.237s] INFO:colcon.colcon_core.shell:Creating environment hook '/home/ubuntu/ros2_ws/src/MiniProsjekt/install/qube_driver/share/qube_driver/hook/cmake_prefix_path.sh'
[1.238s] Level 1:colcon.colcon_core.environment:checking '/home/ubuntu/ros2_ws/src/MiniProsjekt/install/qube_driver/lib'
[1.238s] Level 1:colcon.colcon_core.shell:create_environment_hook('qube_driver', 'ld_library_path_lib')
[1.238s] INFO:colcon.colcon_core.shell:Creating environment hook '/home/ubuntu/ros2_ws/src/MiniProsjekt/install/qube_driver/share/qube_driver/hook/ld_library_path_lib.ps1'
[1.239s] INFO:colcon.colcon_core.shell:Creating environment descriptor '/home/ubuntu/ros2_ws/src/MiniProsjekt/install/qube_driver/share/qube_driver/hook/ld_library_path_lib.dsv'
[1.239s] INFO:colcon.colcon_core.shell:Creating environment hook '/home/ubuntu/ros2_ws/src/MiniProsjekt/install/qube_driver/share/qube_driver/hook/ld_library_path_lib.sh'
[1.240s] Level 1:colcon.colcon_core.environment:checking '/home/ubuntu/ros2_ws/src/MiniProsjekt/install/qube_driver/bin'
[1.240s] Level 1:colcon.colcon_core.environment:checking '/home/ubuntu/ros2_ws/src/MiniProsjekt/install/qube_driver/lib/pkgconfig/qube_driver.pc'
[1.241s] Level 1:colcon.colcon_core.environment:checking '/home/ubuntu/ros2_ws/src/MiniProsjekt/install/qube_driver/lib/python3.12/site-packages'
[1.241s] Level 1:colcon.colcon_core.environment:checking '/home/ubuntu/ros2_ws/src/MiniProsjekt/install/qube_driver/bin'
[1.242s] INFO:colcon.colcon_core.shell:Creating package script '/home/ubuntu/ros2_ws/src/MiniProsjekt/install/qube_driver/share/qube_driver/package.ps1'
[1.243s] INFO:colcon.colcon_core.shell:Creating package descriptor '/home/ubuntu/ros2_ws/src/MiniProsjekt/install/qube_driver/share/qube_driver/package.dsv'
[1.244s] INFO:colcon.colcon_core.shell:Creating package script '/home/ubuntu/ros2_ws/src/MiniProsjekt/install/qube_driver/share/qube_driver/package.sh'
[1.245s] INFO:colcon.colcon_core.shell:Creating package script '/home/ubuntu/ros2_ws/src/MiniProsjekt/install/qube_driver/share/qube_driver/package.bash'
[1.246s] INFO:colcon.colcon_core.shell:Creating package script '/home/ubuntu/ros2_ws/src/MiniProsjekt/install/qube_driver/share/qube_driver/package.zsh'
[1.247s] Level 1:colcon.colcon_core.environment:create_file_with_runtime_dependencies(/home/ubuntu/ros2_ws/src/MiniProsjekt/install/qube_driver/share/colcon-core/packages/qube_driver)
[1.248s] Level 1:colcon.colcon_core.environment:create_environment_scripts_only(qube_driver)
[1.248s] Level 1:colcon.colcon_core.environment:checking '/home/ubuntu/ros2_ws/src/MiniProsjekt/install/qube_driver' for CMake module files
[1.249s] Level 1:colcon.colcon_core.environment:checking '/home/ubuntu/ros2_ws/src/MiniProsjekt/install/qube_driver' for CMake config files
[1.249s] Level 1:colcon.colcon_core.shell:create_environment_hook('qube_driver', 'cmake_prefix_path')
[1.249s] INFO:colcon.colcon_core.shell:Creating environment hook '/home/ubuntu/ros2_ws/src/MiniProsjekt/install/qube_driver/share/qube_driver/hook/cmake_prefix_path.ps1'
[1.250s] INFO:colcon.colcon_core.shell:Creating environment descriptor '/home/ubuntu/ros2_ws/src/MiniProsjekt/install/qube_driver/share/qube_driver/hook/cmake_prefix_path.dsv'
[1.250s] INFO:colcon.colcon_core.shell:Creating environment hook '/home/ubuntu/ros2_ws/src/MiniProsjekt/install/qube_driver/share/qube_driver/hook/cmake_prefix_path.sh'
[1.251s] Level 1:colcon.colcon_core.environment:checking '/home/ubuntu/ros2_ws/src/MiniProsjekt/install/qube_driver/lib'
[1.251s] Level 1:colcon.colcon_core.shell:create_environment_hook('qube_driver', 'ld_library_path_lib')
[1.251s] INFO:colcon.colcon_core.shell:Creating environment hook '/home/ubuntu/ros2_ws/src/MiniProsjekt/install/qube_driver/share/qube_driver/hook/ld_library_path_lib.ps1'
[1.252s] INFO:colcon.colcon_core.shell:Creating environment descriptor '/home/ubuntu/ros2_ws/src/MiniProsjekt/install/qube_driver/share/qube_driver/hook/ld_library_path_lib.dsv'
[1.252s] INFO:colcon.colcon_core.shell:Creating environment hook '/home/ubuntu/ros2_ws/src/MiniProsjekt/install/qube_driver/share/qube_driver/hook/ld_library_path_lib.sh'
[1.253s] Level 1:colcon.colcon_core.environment:checking '/home/ubuntu/ros2_ws/src/MiniProsjekt/install/qube_driver/bin'
[1.253s] Level 1:colcon.colcon_core.environment:checking '/home/ubuntu/ros2_ws/src/MiniProsjekt/install/qube_driver/lib/pkgconfig/qube_driver.pc'
[1.253s] Level 1:colcon.colcon_core.environment:checking '/home/ubuntu/ros2_ws/src/MiniProsjekt/install/qube_driver/lib/python3.12/site-packages'
[1.254s] Level 1:colcon.colcon_core.environment:checking '/home/ubuntu/ros2_ws/src/MiniProsjekt/install/qube_driver/bin'
[1.254s] INFO:colcon.colcon_core.shell:Creating package script '/home/ubuntu/ros2_ws/src/MiniProsjekt/install/qube_driver/share/qube_driver/package.ps1'
[1.255s] INFO:colcon.colcon_core.shell:Creating package descriptor '/home/ubuntu/ros2_ws/src/MiniProsjekt/install/qube_driver/share/qube_driver/package.dsv'
[1.255s] INFO:colcon.colcon_core.shell:Creating package script '/home/ubuntu/ros2_ws/src/MiniProsjekt/install/qube_driver/share/qube_driver/package.sh'
[1.256s] INFO:colcon.colcon_core.shell:Creating package script '/home/ubuntu/ros2_ws/src/MiniProsjekt/install/qube_driver/share/qube_driver/package.bash'
[1.257s] INFO:colcon.colcon_core.shell:Creating package script '/home/ubuntu/ros2_ws/src/MiniProsjekt/install/qube_driver/share/qube_driver/package.zsh'
[1.257s] Level 1:colcon.colcon_core.environment:create_file_with_runtime_dependencies(/home/ubuntu/ros2_ws/src/MiniProsjekt/install/qube_driver/share/colcon-core/packages/qube_driver)
[1.826s] DEBUG:colcon.colcon_core.event_handler.log_command:Invoking command in '/home/ubuntu/ros2_ws/src/MiniProsjekt/qube_description': DEBUGINFOD_URLS=https://debuginfod.ubuntu.com PYTHONPATH=/home/ubuntu/ros2_ws/src/MiniProsjekt/build/qube_description/prefix_override:/usr/lib/python3/dist-packages/colcon_core/task/python/colcon_distutils_commands:/home/ubuntu/ros2_ws/src/MiniProsjekt/install/qube_description/lib/python3.12/site-packages:${PYTHONPATH} /usr/bin/python3 -W ignore:setup.py install is deprecated -W ignore:easy_install command is deprecated setup.py egg_info --egg-base ../build/qube_description build --build-base /home/ubuntu/ros2_ws/src/MiniProsjekt/build/qube_description/build install --record /home/ubuntu/ros2_ws/src/MiniProsjekt/build/qube_description/install.log --single-version-externally-managed install_data
[2.128s] DEBUG:colcon.colcon_core.event_handler.log_command:Invoking command in '/home/ubuntu/ros2_ws/src/MiniProsjekt/qube_controller': DEBUGINFOD_URLS=https://debuginfod.ubuntu.com PYTHONPATH=/home/ubuntu/ros2_ws/src/MiniProsjekt/build/qube_controller/prefix_override:/usr/lib/python3/dist-packages/colcon_core/task/python/colcon_distutils_commands:/home/ubuntu/ros2_ws/src/MiniProsjekt/install/qube_controller/lib/python3.12/site-packages:${PYTHONPATH} /usr/bin/python3 -W ignore:setup.py install is deprecated -W ignore:easy_install command is deprecated setup.py egg_info --egg-base ../build/qube_controller build --build-base /home/ubuntu/ros2_ws/src/MiniProsjekt/build/qube_controller/build install --record /home/ubuntu/ros2_ws/src/MiniProsjekt/build/qube_controller/install.log --single-version-externally-managed install_data
[2.153s] DEBUG:colcon.colcon_core.event_handler.log_command:Invoking command in '/home/ubuntu/ros2_ws/src/MiniProsjekt/qube_bringup': DEBUGINFOD_URLS=https://debuginfod.ubuntu.com PYTHONPATH=/home/ubuntu/ros2_ws/src/MiniProsjekt/build/qube_bringup/prefix_override:/usr/lib/python3/dist-packages/colcon_core/task/python/colcon_distutils_commands:/home/ubuntu/ros2_ws/src/MiniProsjekt/install/qube_bringup/lib/python3.12/site-packages:${PYTHONPATH} /usr/bin/python3 -W ignore:setup.py install is deprecated -W ignore:easy_install command is deprecated setup.py egg_info --egg-base ../build/qube_bringup build --build-base /home/ubuntu/ros2_ws/src/MiniProsjekt/build/qube_bringup/build install --record /home/ubuntu/ros2_ws/src/MiniProsjekt/build/qube_bringup/install.log --single-version-externally-managed install_data
[2.688s] Level 1:colcon.colcon_core.environment:checking '/home/ubuntu/ros2_ws/src/MiniProsjekt/install/qube_description' for CMake module files
[2.688s] DEBUG:colcon.colcon_core.event_handler.log_command:Invoked command in '/home/ubuntu/ros2_ws/src/MiniProsjekt/qube_description' returned '0': DEBUGINFOD_URLS=https://debuginfod.ubuntu.com PYTHONPATH=/home/ubuntu/ros2_ws/src/MiniProsjekt/build/qube_description/prefix_override:/usr/lib/python3/dist-packages/colcon_core/task/python/colcon_distutils_commands:/home/ubuntu/ros2_ws/src/MiniProsjekt/install/qube_description/lib/python3.12/site-packages:${PYTHONPATH} /usr/bin/python3 -W ignore:setup.py install is deprecated -W ignore:easy_install command is deprecated setup.py egg_info --egg-base ../build/qube_description build --build-base /home/ubuntu/ros2_ws/src/MiniProsjekt/build/qube_description/build install --record /home/ubuntu/ros2_ws/src/MiniProsjekt/build/qube_description/install.log --single-version-externally-managed install_data
[2.689s] Level 1:colcon.colcon_core.environment:checking '/home/ubuntu/ros2_ws/src/MiniProsjekt/install/qube_description' for CMake config files
[2.689s] Level 1:colcon.colcon_core.environment:checking '/home/ubuntu/ros2_ws/src/MiniProsjekt/install/qube_description/lib'
[2.690s] Level 1:colcon.colcon_core.environment:checking '/home/ubuntu/ros2_ws/src/MiniProsjekt/install/qube_description/bin'
[2.690s] Level 1:colcon.colcon_core.environment:checking '/home/ubuntu/ros2_ws/src/MiniProsjekt/install/qube_description/lib/pkgconfig/qube_description.pc'
[2.690s] Level 1:colcon.colcon_core.environment:checking '/home/ubuntu/ros2_ws/src/MiniProsjekt/install/qube_description/lib/python3.12/site-packages'
[2.690s] Level 1:colcon.colcon_core.shell:create_environment_hook('qube_description', 'pythonpath')
[2.690s] INFO:colcon.colcon_core.shell:Creating environment hook '/home/ubuntu/ros2_ws/src/MiniProsjekt/install/qube_description/share/qube_description/hook/pythonpath.ps1'
[2.691s] INFO:colcon.colcon_core.shell:Creating environment descriptor '/home/ubuntu/ros2_ws/src/MiniProsjekt/install/qube_description/share/qube_description/hook/pythonpath.dsv'
[2.692s] INFO:colcon.colcon_core.shell:Creating environment hook '/home/ubuntu/ros2_ws/src/MiniProsjekt/install/qube_description/share/qube_description/hook/pythonpath.sh'
[2.692s] Level 1:colcon.colcon_core.environment:checking '/home/ubuntu/ros2_ws/src/MiniProsjekt/install/qube_description/bin'
[2.692s] Level 1:colcon.colcon_core.environment:create_environment_scripts_only(qube_description)
[2.693s] INFO:colcon.colcon_core.shell:Creating package script '/home/ubuntu/ros2_ws/src/MiniProsjekt/install/qube_description/share/qube_description/package.ps1'
[2.693s] INFO:colcon.colcon_core.shell:Creating package descriptor '/home/ubuntu/ros2_ws/src/MiniProsjekt/install/qube_description/share/qube_description/package.dsv'
[2.694s] INFO:colcon.colcon_core.shell:Creating package script '/home/ubuntu/ros2_ws/src/MiniProsjekt/install/qube_description/share/qube_description/package.sh'
[2.695s] INFO:colcon.colcon_core.shell:Creating package script '/home/ubuntu/ros2_ws/src/MiniProsjekt/install/qube_description/share/qube_description/package.bash'
[2.695s] INFO:colcon.colcon_core.shell:Creating package script '/home/ubuntu/ros2_ws/src/MiniProsjekt/install/qube_description/share/qube_description/package.zsh'
[2.695s] Level 1:colcon.colcon_core.environment:create_file_with_runtime_dependencies(/home/ubuntu/ros2_ws/src/MiniProsjekt/install/qube_description/share/colcon-core/packages/qube_description)
[2.856s] Level 1:colcon.colcon_core.environment:checking '/home/ubuntu/ros2_ws/src/MiniProsjekt/install/qube_bringup' for CMake module files
[2.857s] DEBUG:colcon.colcon_core.event_handler.log_command:Invoked command in '/home/ubuntu/ros2_ws/src/MiniProsjekt/qube_bringup' returned '0': DEBUGINFOD_URLS=https://debuginfod.ubuntu.com PYTHONPATH=/home/ubuntu/ros2_ws/src/MiniProsjekt/build/qube_bringup/prefix_override:/usr/lib/python3/dist-packages/colcon_core/task/python/colcon_distutils_commands:/home/ubuntu/ros2_ws/src/MiniProsjekt/install/qube_bringup/lib/python3.12/site-packages:${PYTHONPATH} /usr/bin/python3 -W ignore:setup.py install is deprecated -W ignore:easy_install command is deprecated setup.py egg_info --egg-base ../build/qube_bringup build --build-base /home/ubuntu/ros2_ws/src/MiniProsjekt/build/qube_bringup/build install --record /home/ubuntu/ros2_ws/src/MiniProsjekt/build/qube_bringup/install.log --single-version-externally-managed install_data
[2.858s] Level 1:colcon.colcon_core.environment:checking '/home/ubuntu/ros2_ws/src/MiniProsjekt/install/qube_bringup' for CMake config files
[2.858s] Level 1:colcon.colcon_core.environment:checking '/home/ubuntu/ros2_ws/src/MiniProsjekt/install/qube_bringup/lib'
[2.859s] Level 1:colcon.colcon_core.environment:checking '/home/ubuntu/ros2_ws/src/MiniProsjekt/install/qube_bringup/bin'
[2.859s] Level 1:colcon.colcon_core.environment:checking '/home/ubuntu/ros2_ws/src/MiniProsjekt/install/qube_bringup/lib/pkgconfig/qube_bringup.pc'
[2.859s] Level 1:colcon.colcon_core.environment:checking '/home/ubuntu/ros2_ws/src/MiniProsjekt/install/qube_bringup/lib/python3.12/site-packages'
[2.859s] Level 1:colcon.colcon_core.shell:create_environment_hook('qube_bringup', 'pythonpath')
[2.860s] INFO:colcon.colcon_core.shell:Creating environment hook '/home/ubuntu/ros2_ws/src/MiniProsjekt/install/qube_bringup/share/qube_bringup/hook/pythonpath.ps1'
[2.860s] INFO:colcon.colcon_core.shell:Creating environment descriptor '/home/ubuntu/ros2_ws/src/MiniProsjekt/install/qube_bringup/share/qube_bringup/hook/pythonpath.dsv'
[2.861s] INFO:colcon.colcon_core.shell:Creating environment hook '/home/ubuntu/ros2_ws/src/MiniProsjekt/install/qube_bringup/share/qube_bringup/hook/pythonpath.sh'
[2.861s] Level 1:colcon.colcon_core.environment:checking '/home/ubuntu/ros2_ws/src/MiniProsjekt/install/qube_bringup/bin'
[2.862s] Level 1:colcon.colcon_core.environment:create_environment_scripts_only(qube_bringup)
[2.862s] INFO:colcon.colcon_core.shell:Creating package script '/home/ubuntu/ros2_ws/src/MiniProsjekt/install/qube_bringup/share/qube_bringup/package.ps1'
[2.863s] INFO:colcon.colcon_core.shell:Creating package descriptor '/home/ubuntu/ros2_ws/src/MiniProsjekt/install/qube_bringup/share/qube_bringup/package.dsv'
[2.863s] INFO:colcon.colcon_core.shell:Creating package script '/home/ubuntu/ros2_ws/src/MiniProsjekt/install/qube_bringup/share/qube_bringup/package.sh'
[2.864s] INFO:colcon.colcon_core.shell:Creating package script '/home/ubuntu/ros2_ws/src/MiniProsjekt/install/qube_bringup/share/qube_bringup/package.bash'
[2.864s] INFO:colcon.colcon_core.shell:Creating package script '/home/ubuntu/ros2_ws/src/MiniProsjekt/install/qube_bringup/share/qube_bringup/package.zsh'
[2.865s] Level 1:colcon.colcon_core.environment:create_file_with_runtime_dependencies(/home/ubuntu/ros2_ws/src/MiniProsjekt/install/qube_bringup/share/colcon-core/packages/qube_bringup)
[2.933s] Level 1:colcon.colcon_core.environment:checking '/home/ubuntu/ros2_ws/src/MiniProsjekt/install/qube_controller' for CMake module files
[2.934s] DEBUG:colcon.colcon_core.event_handler.log_command:Invoked command in '/home/ubuntu/ros2_ws/src/MiniProsjekt/qube_controller' returned '0': DEBUGINFOD_URLS=https://debuginfod.ubuntu.com PYTHONPATH=/home/ubuntu/ros2_ws/src/MiniProsjekt/build/qube_controller/prefix_override:/usr/lib/python3/dist-packages/colcon_core/task/python/colcon_distutils_commands:/home/ubuntu/ros2_ws/src/MiniProsjekt/install/qube_controller/lib/python3.12/site-packages:${PYTHONPATH} /usr/bin/python3 -W ignore:setup.py install is deprecated -W ignore:easy_install command is deprecated setup.py egg_info --egg-base ../build/qube_controller build --build-base /home/ubuntu/ros2_ws/src/MiniProsjekt/build/qube_controller/build install --record /home/ubuntu/ros2_ws/src/MiniProsjekt/build/qube_controller/install.log --single-version-externally-managed install_data
[2.934s] Level 1:colcon.colcon_core.environment:checking '/home/ubuntu/ros2_ws/src/MiniProsjekt/install/qube_controller' for CMake config files
[2.935s] Level 1:colcon.colcon_core.environment:checking '/home/ubuntu/ros2_ws/src/MiniProsjekt/install/qube_controller/lib'
[2.935s] Level 1:colcon.colcon_core.environment:checking '/home/ubuntu/ros2_ws/src/MiniProsjekt/install/qube_controller/bin'
[2.935s] Level 1:colcon.colcon_core.environment:checking '/home/ubuntu/ros2_ws/src/MiniProsjekt/install/qube_controller/lib/pkgconfig/qube_controller.pc'
[2.935s] Level 1:colcon.colcon_core.environment:checking '/home/ubuntu/ros2_ws/src/MiniProsjekt/install/qube_controller/lib/python3.12/site-packages'
[2.936s] Level 1:colcon.colcon_core.shell:create_environment_hook('qube_controller', 'pythonpath')
[2.936s] INFO:colcon.colcon_core.shell:Creating environment hook '/home/ubuntu/ros2_ws/src/MiniProsjekt/install/qube_controller/share/qube_controller/hook/pythonpath.ps1'
[2.936s] INFO:colcon.colcon_core.shell:Creating environment descriptor '/home/ubuntu/ros2_ws/src/MiniProsjekt/install/qube_controller/share/qube_controller/hook/pythonpath.dsv'
[2.937s] INFO:colcon.colcon_core.shell:Creating environment hook '/home/ubuntu/ros2_ws/src/MiniProsjekt/install/qube_controller/share/qube_controller/hook/pythonpath.sh'
[2.938s] Level 1:colcon.colcon_core.environment:checking '/home/ubuntu/ros2_ws/src/MiniProsjekt/install/qube_controller/bin'
[2.938s] Level 1:colcon.colcon_core.environment:create_environment_scripts_only(qube_controller)
[2.938s] INFO:colcon.colcon_core.shell:Creating package script '/home/ubuntu/ros2_ws/src/MiniProsjekt/install/qube_controller/share/qube_controller/package.ps1'
[2.939s] INFO:colcon.colcon_core.shell:Creating package descriptor '/home/ubuntu/ros2_ws/src/MiniProsjekt/install/qube_controller/share/qube_controller/package.dsv'
[2.940s] INFO:colcon.colcon_core.shell:Creating package script '/home/ubuntu/ros2_ws/src/MiniProsjekt/install/qube_controller/share/qube_controller/package.sh'
[2.940s] INFO:colcon.colcon_core.shell:Creating package script '/home/ubuntu/ros2_ws/src/MiniProsjekt/install/qube_controller/share/qube_controller/package.bash'
[2.940s] INFO:colcon.colcon_core.shell:Creating package script '/home/ubuntu/ros2_ws/src/MiniProsjekt/install/qube_controller/share/qube_controller/package.zsh'
[2.941s] Level 1:colcon.colcon_core.environment:create_file_with_runtime_dependencies(/home/ubuntu/ros2_ws/src/MiniProsjekt/install/qube_controller/share/colcon-core/packages/qube_controller)
[2.941s] DEBUG:colcon.colcon_parallel_executor.executor.parallel:closing loop
[2.942s] DEBUG:colcon.colcon_parallel_executor.executor.parallel:loop closed
[2.942s] DEBUG:colcon.colcon_parallel_executor.executor.parallel:run_until_complete finished with '0'
[2.942s] DEBUG:colcon.colcon_core.event_reactor:joining thread
[2.950s] INFO:colcon.colcon_core.plugin_system:Skipping extension 'colcon_notification.desktop_notification.terminal_notifier': Not used on non-Darwin systems
[2.950s] INFO:colcon.colcon_core.plugin_system:Skipping extension 'colcon_notification.desktop_notification.win32': Not used on non-Windows systems
[2.950s] INFO:colcon.colcon_notification.desktop_notification:Sending desktop notification using 'notify2'
[2.968s] DEBUG:colcon.colcon_core.event_reactor:joined thread
[2.969s] INFO:colcon.colcon_core.shell:Creating prefix script '/home/ubuntu/ros2_ws/src/MiniProsjekt/install/local_setup.ps1'
[2.970s] INFO:colcon.colcon_core.shell:Creating prefix util module '/home/ubuntu/ros2_ws/src/MiniProsjekt/install/_local_setup_util_ps1.py'
[2.971s] INFO:colcon.colcon_core.shell:Creating prefix chain script '/home/ubuntu/ros2_ws/src/MiniProsjekt/install/setup.ps1'
[2.972s] INFO:colcon.colcon_core.shell:Creating prefix script '/home/ubuntu/ros2_ws/src/MiniProsjekt/install/local_setup.sh'
[2.973s] INFO:colcon.colcon_core.shell:Creating prefix util module '/home/ubuntu/ros2_ws/src/MiniProsjekt/install/_local_setup_util_sh.py'
[2.974s] INFO:colcon.colcon_core.shell:Creating prefix chain script '/home/ubuntu/ros2_ws/src/MiniProsjekt/install/setup.sh'
[2.976s] INFO:colcon.colcon_core.shell:Creating prefix script '/home/ubuntu/ros2_ws/src/MiniProsjekt/install/local_setup.bash'
[2.976s] INFO:colcon.colcon_core.shell:Creating prefix chain script '/home/ubuntu/ros2_ws/src/MiniProsjekt/install/setup.bash'
[2.977s] INFO:colcon.colcon_core.shell:Creating prefix script '/home/ubuntu/ros2_ws/src/MiniProsjekt/install/local_setup.zsh'
[2.978s] INFO:colcon.colcon_core.shell:Creating prefix chain script '/home/ubuntu/ros2_ws/src/MiniProsjekt/install/setup.zsh'
