[1.821s] Invoking command in '/home/ubuntu/ros2_ws/src/MiniProsjekt/qube_controller': DEBUGINFOD_URLS=https://debuginfod.ubuntu.com PYTHONPATH=/home/ubuntu/ros2_ws/src/MiniProsjekt/build/qube_controller/prefix_override:/usr/lib/python3/dist-packages/colcon_core/task/python/colcon_distutils_commands:/home/ubuntu/ros2_ws/src/MiniProsjekt/install/qube_controller/lib/python3.12/site-packages:${PYTHONPATH} /usr/bin/python3 -W ignore:setup.py install is deprecated -W ignore:easy_install command is deprecated setup.py egg_info --egg-base ../build/qube_controller build --build-base /home/ubuntu/ros2_ws/src/MiniProsjekt/build/qube_controller/build install --record /home/ubuntu/ros2_ws/src/MiniProsjekt/build/qube_controller/install.log --single-version-externally-managed install_data
[2.220s] running egg_info
[2.259s] writing ../build/qube_controller/qube_controller.egg-info/PKG-INFO
[2.259s] writing dependency_links to ../build/qube_controller/qube_controller.egg-info/dependency_links.txt
[2.259s] writing entry points to ../build/qube_controller/qube_controller.egg-info/entry_points.txt
[2.260s] writing requirements to ../build/qube_controller/qube_controller.egg-info/requires.txt
[2.260s] writing top-level names to ../build/qube_controller/qube_controller.egg-info/top_level.txt
[2.338s] reading manifest file '../build/qube_controller/qube_controller.egg-info/SOURCES.txt'
[2.341s] writing manifest file '../build/qube_controller/qube_controller.egg-info/SOURCES.txt'
[2.342s] running build
[2.342s] running build_py
[2.343s] copying qube_controller/qube_controller_node.py -> /home/ubuntu/ros2_ws/src/MiniProsjekt/build/qube_controller/build/lib/qube_controller
[2.343s] running install
[2.354s] running install_lib
[2.389s] copying /home/ubuntu/ros2_ws/src/MiniProsjekt/build/qube_controller/build/lib/qube_controller/qube_controller_node.py -> /home/ubuntu/ros2_ws/src/MiniProsjekt/install/qube_controller/lib/python3.12/site-packages/qube_controller
[2.390s] byte-compiling /home/ubuntu/ros2_ws/src/MiniProsjekt/install/qube_controller/lib/python3.12/site-packages/qube_controller/qube_controller_node.py to qube_controller_node.cpython-312.pyc
[2.391s] running install_data
[2.392s] running install_egg_info
[2.422s] removing '/home/ubuntu/ros2_ws/src/MiniProsjekt/install/qube_controller/lib/python3.12/site-packages/qube_controller-0.0.0-py3.12.egg-info' (and everything under it)
[2.422s] Copying ../build/qube_controller/qube_controller.egg-info to /home/ubuntu/ros2_ws/src/MiniProsjekt/install/qube_controller/lib/python3.12/site-packages/qube_controller-0.0.0-py3.12.egg-info
[2.423s] running install_scripts
[2.581s] Installing qube_controller_node script to /home/ubuntu/ros2_ws/src/MiniProsjekt/install/qube_controller/lib/qube_controller
[2.581s] writing list of installed files to '/home/ubuntu/ros2_ws/src/MiniProsjekt/build/qube_controller/install.log'
[2.626s] Invoked command in '/home/ubuntu/ros2_ws/src/MiniProsjekt/qube_controller' returned '0': DEBUGINFOD_URLS=https://debuginfod.ubuntu.com PYTHONPATH=/home/ubuntu/ros2_ws/src/MiniProsjekt/build/qube_controller/prefix_override:/usr/lib/python3/dist-packages/colcon_core/task/python/colcon_distutils_commands:/home/ubuntu/ros2_ws/src/MiniProsjekt/install/qube_controller/lib/python3.12/site-packages:${PYTHONPATH} /usr/bin/python3 -W ignore:setup.py install is deprecated -W ignore:easy_install command is deprecated setup.py egg_info --egg-base ../build/qube_controller build --build-base /home/ubuntu/ros2_ws/src/MiniProsjekt/build/qube_controller/build install --record /home/ubuntu/ros2_ws/src/MiniProsjekt/build/qube_controller/install.log --single-version-externally-managed install_data
