[0.960s] Invoking command in '/home/ubuntu/ros2_ws/src/MiniProsjekt/qube_description': DEBUGINFOD_URLS=https://debuginfod.ubuntu.com PYTHONPATH=/home/ubuntu/ros2_ws/src/MiniProsjekt/build/qube_description/prefix_override:/usr/lib/python3/dist-packages/colcon_core/task/python/colcon_distutils_commands:/home/ubuntu/ros2_ws/src/MiniProsjekt/install/qube_description/lib/python3.12/site-packages:${PYTHONPATH} /usr/bin/python3 -W ignore:setup.py install is deprecated -W ignore:easy_install command is deprecated setup.py egg_info --egg-base ../build/qube_description build --build-base /home/ubuntu/ros2_ws/src/MiniProsjekt/build/qube_description/build install --record /home/ubuntu/ros2_ws/src/MiniProsjekt/build/qube_description/install.log --single-version-externally-managed install_data
[1.272s] running egg_info
[1.295s] writing ../build/qube_description/qube_description.egg-info/PKG-INFO
[1.296s] writing dependency_links to ../build/qube_description/qube_description.egg-info/dependency_links.txt
[1.296s] writing requirements to ../build/qube_description/qube_description.egg-info/requires.txt
[1.296s] writing top-level names to ../build/qube_description/qube_description.egg-info/top_level.txt
[1.345s] reading manifest file '../build/qube_description/qube_description.egg-info/SOURCES.txt'
[1.345s] adding license file 'LICENSE'
[1.345s] writing manifest file '../build/qube_description/qube_description.egg-info/SOURCES.txt'
[1.346s] running build
[1.346s] running build_py
[1.346s] running install
[1.353s] running install_lib
[1.376s] running install_data
[1.376s] copying resource/qube_description -> /home/ubuntu/ros2_ws/src/MiniProsjekt/install/qube_description/share/ament_index/resource_index/packages
[1.377s] copying package.xml -> /home/ubuntu/ros2_ws/src/MiniProsjekt/install/qube_description/share/qube_description
[1.377s] copying launch/view_qube.launch.py -> /home/ubuntu/ros2_ws/src/MiniProsjekt/install/qube_description/share/qube_description/launch
[1.377s] copying urdf/qube.urdf.xacro -> /home/ubuntu/ros2_ws/src/MiniProsjekt/install/qube_description/share/qube_description/urdf
[1.377s] copying urdf/qube.macro.xacro -> /home/ubuntu/ros2_ws/src/MiniProsjekt/install/qube_description/share/qube_description/urdf
[1.377s] running install_egg_info
[1.403s] removing '/home/ubuntu/ros2_ws/src/MiniProsjekt/install/qube_description/lib/python3.12/site-packages/qube_description-0.0.0-py3.12.egg-info' (and everything under it)
[1.403s] Copying ../build/qube_description/qube_description.egg-info to /home/ubuntu/ros2_ws/src/MiniProsjekt/install/qube_description/lib/python3.12/site-packages/qube_description-0.0.0-py3.12.egg-info
[1.404s] running install_scripts
[1.556s] writing list of installed files to '/home/ubuntu/ros2_ws/src/MiniProsjekt/build/qube_description/install.log'
[1.592s] Invoked command in '/home/ubuntu/ros2_ws/src/MiniProsjekt/qube_description' returned '0': DEBUGINFOD_URLS=https://debuginfod.ubuntu.com PYTHONPATH=/home/ubuntu/ros2_ws/src/MiniProsjekt/build/qube_description/prefix_override:/usr/lib/python3/dist-packages/colcon_core/task/python/colcon_distutils_commands:/home/ubuntu/ros2_ws/src/MiniProsjekt/install/qube_description/lib/python3.12/site-packages:${PYTHONPATH} /usr/bin/python3 -W ignore:setup.py install is deprecated -W ignore:easy_install command is deprecated setup.py egg_info --egg-base ../build/qube_description build --build-base /home/ubuntu/ros2_ws/src/MiniProsjekt/build/qube_description/build install --record /home/ubuntu/ros2_ws/src/MiniProsjekt/build/qube_description/install.log --single-version-externally-managed install_data
