[0.212s] DEBUG:colcon:Command line arguments: ['/usr/bin/colcon', 'build']
[0.212s] DEBUG:colcon:Parsed command line arguments: Namespace(log_base=None, log_level=None, verb_name='build', build_base='build', install_base='install', merge_install=False, symlink_install=False, test_result_base=None, continue_on_error=False, executor='parallel', parallel_workers=4, event_handlers=None, ignore_user_meta=False, metas=['./colcon.meta'], base_paths=['.'], packages_ignore=None, packages_ignore_regex=None, paths=None, packages_up_to=None, packages_up_to_regex=None, packages_above=None, packages_above_and_dependencies=None, packages_above_depth=None, packages_select_by_dep=None, packages_skip_by_dep=None, packages_skip_up_to=None, packages_select_build_failed=False, packages_skip_build_finished=False, packages_select_test_failures=False, packages_skip_test_passed=False, packages_select=None, packages_skip=None, packages_select_regex=None, packages_skip_regex=None, packages_start=None, packages_end=None, allow_overriding=[], cmake_args=None, cmake_target=None, cmake_target_skip_unavailable=False, cmake_clean_cache=False, cmake_clean_first=False, cmake_force_configure=False, ament_cmake_args=None, catkin_cmake_args=None, catkin_skip_building_tests=False, mixin_files=None, mixin=None, verb_parser=<colcon_mixin.mixin.mixin_argument.MixinArgumentDecorator object at 0x7a1254487e00>, verb_extension=<colcon_core.verb.build.BuildVerb object at 0x7a12545d8380>, main=<bound method BuildVerb.main of <colcon_core.verb.build.BuildVerb object at 0x7a12545d8380>>, mixin_verb=('build',))
[0.277s] Level 1:colcon.colcon_core.package_discovery:discover_packages(colcon_meta) check parameters
[0.278s] Level 1:colcon.colcon_core.package_discovery:discover_packages(recursive) check parameters
[0.278s] Level 1:colcon.colcon_core.package_discovery:discover_packages(ignore) check parameters
[0.278s] Level 1:colcon.colcon_core.package_discovery:discover_packages(path) check parameters
[0.278s] Level 1:colcon.colcon_core.package_discovery:discover_packages(colcon_meta) discover
[0.278s] Level 1:colcon.colcon_core.package_discovery:discover_packages(recursive) discover
[0.278s] INFO:colcon.colcon_core.package_discovery:Crawling recursively for packages in '/home/ubuntu/ros2_ws/src/MiniProsjekt'
[0.278s] Level 1:colcon.colcon_core.package_identification:_identify(.) by extensions ['ignore', 'ignore_ament_install']
[0.278s] Level 1:colcon.colcon_core.package_identification:_identify(.) by extension 'ignore'
[0.278s] Level 1:colcon.colcon_core.package_identification:_identify(.) by extension 'ignore_ament_install'
[0.278s] Level 1:colcon.colcon_core.package_identification:_identify(.) by extensions ['colcon_pkg']
[0.278s] Level 1:colcon.colcon_core.package_identification:_identify(.) by extension 'colcon_pkg'
[0.278s] Level 1:colcon.colcon_core.package_identification:_identify(.) by extensions ['colcon_meta']
[0.278s] Level 1:colcon.colcon_core.package_identification:_identify(.) by extension 'colcon_meta'
[0.278s] Level 1:colcon.colcon_core.package_identification:_identify(.) by extensions ['ros']
[0.278s] Level 1:colcon.colcon_core.package_identification:_identify(.) by extension 'ros'
[0.310s] Level 1:colcon.colcon_core.package_identification:_identify(.) by extensions ['cmake', 'python']
[0.310s] Level 1:colcon.colcon_core.package_identification:_identify(.) by extension 'cmake'
[0.310s] Level 1:colcon.colcon_core.package_identification:_identify(.) by extension 'python'
[0.310s] Level 1:colcon.colcon_core.package_identification:_identify(.) by extensions ['python_setup_py']
[0.310s] Level 1:colcon.colcon_core.package_identification:_identify(.) by extension 'python_setup_py'
[0.311s] Level 1:colcon.colcon_core.package_identification:_identify(build) by extensions ['ignore', 'ignore_ament_install']
[0.311s] Level 1:colcon.colcon_core.package_identification:_identify(build) by extension 'ignore'
[0.311s] Level 1:colcon.colcon_core.package_identification:_identify(build) ignored
[0.311s] Level 1:colcon.colcon_core.package_identification:_identify(install) by extensions ['ignore', 'ignore_ament_install']
[0.311s] Level 1:colcon.colcon_core.package_identification:_identify(install) by extension 'ignore'
[0.311s] Level 1:colcon.colcon_core.package_identification:_identify(install) ignored
[0.311s] Level 1:colcon.colcon_core.package_identification:_identify(log) by extensions ['ignore', 'ignore_ament_install']
[0.311s] Level 1:colcon.colcon_core.package_identification:_identify(log) by extension 'ignore'
[0.311s] Level 1:colcon.colcon_core.package_identification:_identify(log) ignored
[0.311s] Level 1:colcon.colcon_core.package_identification:_identify(qube_bringup) by extensions ['ignore', 'ignore_ament_install']
[0.311s] Level 1:colcon.colcon_core.package_identification:_identify(qube_bringup) by extension 'ignore'
[0.311s] Level 1:colcon.colcon_core.package_identification:_identify(qube_bringup) by extension 'ignore_ament_install'
[0.312s] Level 1:colcon.colcon_core.package_identification:_identify(qube_bringup) by extensions ['colcon_pkg']
[0.312s] Level 1:colcon.colcon_core.package_identification:_identify(qube_bringup) by extension 'colcon_pkg'
[0.312s] Level 1:colcon.colcon_core.package_identification:_identify(qube_bringup) by extensions ['colcon_meta']
[0.312s] Level 1:colcon.colcon_core.package_identification:_identify(qube_bringup) by extension 'colcon_meta'
[0.312s] Level 1:colcon.colcon_core.package_identification:_identify(qube_bringup) by extensions ['ros']
[0.312s] Level 1:colcon.colcon_core.package_identification:_identify(qube_bringup) by extension 'ros'
[0.314s] DEBUG:colcon.colcon_core.package_identification:Package 'qube_bringup' with type 'ros.ament_python' and name 'qube_bringup'
[0.315s] Level 1:colcon.colcon_core.package_identification:_identify(qube_controller) by extensions ['ignore', 'ignore_ament_install']
[0.315s] Level 1:colcon.colcon_core.package_identification:_identify(qube_controller) by extension 'ignore'
[0.315s] Level 1:colcon.colcon_core.package_identification:_identify(qube_controller) by extension 'ignore_ament_install'
[0.315s] Level 1:colcon.colcon_core.package_identification:_identify(qube_controller) by extensions ['colcon_pkg']
[0.315s] Level 1:colcon.colcon_core.package_identification:_identify(qube_controller) by extension 'colcon_pkg'
[0.315s] Level 1:colcon.colcon_core.package_identification:_identify(qube_controller) by extensions ['colcon_meta']
[0.315s] Level 1:colcon.colcon_core.package_identification:_identify(qube_controller) by extension 'colcon_meta'
[0.315s] Level 1:colcon.colcon_core.package_identification:_identify(qube_controller) by extensions ['ros']
[0.315s] Level 1:colcon.colcon_core.package_identification:_identify(qube_controller) by extension 'ros'
[0.316s] DEBUG:colcon.colcon_core.package_identification:Package 'qube_controller' with type 'ros.ament_python' and name 'qube_controller'
[0.316s] Level 1:colcon.colcon_core.package_identification:_identify(qube_description) by extensions ['ignore', 'ignore_ament_install']
[0.316s] Level 1:colcon.colcon_core.package_identification:_identify(qube_description) by extension 'ignore'
[0.316s] Level 1:colcon.colcon_core.package_identification:_identify(qube_description) by extension 'ignore_ament_install'
[0.316s] Level 1:colcon.colcon_core.package_identification:_identify(qube_description) by extensions ['colcon_pkg']
[0.316s] Level 1:colcon.colcon_core.package_identification:_identify(qube_description) by extension 'colcon_pkg'
[0.316s] Level 1:colcon.colcon_core.package_identification:_identify(qube_description) by extensions ['colcon_meta']
[0.316s] Level 1:colcon.colcon_core.package_identification:_identify(qube_description) by extension 'colcon_meta'
[0.316s] Level 1:colcon.colcon_core.package_identification:_identify(qube_description) by extensions ['ros']
[0.316s] Level 1:colcon.colcon_core.package_identification:_identify(qube_description) by extension 'ros'
[0.317s] DEBUG:colcon.colcon_core.package_identification:Package 'qube_description' with type 'ros.ament_python' and name 'qube_description'
[0.317s] Level 1:colcon.colcon_core.package_identification:_identify(qube_driver) by extensions ['ignore', 'ignore_ament_install']
[0.317s] Level 1:colcon.colcon_core.package_identification:_identify(qube_driver) by extension 'ignore'
[0.317s] Level 1:colcon.colcon_core.package_identification:_identify(qube_driver) by extension 'ignore_ament_install'
[0.317s] Level 1:colcon.colcon_core.package_identification:_identify(qube_driver) by extensions ['colcon_pkg']
[0.317s] Level 1:colcon.colcon_core.package_identification:_identify(qube_driver) by extension 'colcon_pkg'
[0.317s] Level 1:colcon.colcon_core.package_identification:_identify(qube_driver) by extensions ['colcon_meta']
[0.317s] Level 1:colcon.colcon_core.package_identification:_identify(qube_driver) by extension 'colcon_meta'
[0.317s] Level 1:colcon.colcon_core.package_identification:_identify(qube_driver) by extensions ['ros']
[0.317s] Level 1:colcon.colcon_core.package_identification:_identify(qube_driver) by extension 'ros'
[0.318s] DEBUG:colcon.colcon_core.package_identification:Package 'qube_driver' with type 'ros.ament_cmake' and name 'qube_driver'
[0.318s] Level 1:colcon.colcon_core.package_discovery:discover_packages(recursive) using defaults
[0.318s] Level 1:colcon.colcon_core.package_discovery:discover_packages(ignore) discover
[0.318s] Level 1:colcon.colcon_core.package_discovery:discover_packages(ignore) using defaults
[0.318s] Level 1:colcon.colcon_core.package_discovery:discover_packages(path) discover
[0.318s] Level 1:colcon.colcon_core.package_discovery:discover_packages(path) using defaults
[0.345s] Level 1:colcon.colcon_core.package_discovery:discover_packages(prefix_path) check parameters
[0.345s] Level 1:colcon.colcon_core.package_discovery:discover_packages(prefix_path) discover
[0.349s] DEBUG:colcon.colcon_installed_package_information.package_discovery:Found 4 installed packages in /home/ubuntu/ros2_ws/src/MiniProsjekt/install
[0.351s] DEBUG:colcon.colcon_installed_package_information.package_discovery:Found 349 installed packages in /opt/ros/jazzy
[0.352s] Level 1:colcon.colcon_core.package_discovery:discover_packages(prefix_path) using defaults
[0.442s] Level 5:colcon.colcon_core.verb:set package 'qube_bringup' build argument 'cmake_args' from command line to 'None'
[0.442s] Level 5:colcon.colcon_core.verb:set package 'qube_bringup' build argument 'cmake_target' from command line to 'None'
[0.442s] Level 5:colcon.colcon_core.verb:set package 'qube_bringup' build argument 'cmake_target_skip_unavailable' from command line to 'False'
[0.442s] Level 5:colcon.colcon_core.verb:set package 'qube_bringup' build argument 'cmake_clean_cache' from command line to 'False'
[0.442s] Level 5:colcon.colcon_core.verb:set package 'qube_bringup' build argument 'cmake_clean_first' from command line to 'False'
[0.442s] Level 5:colcon.colcon_core.verb:set package 'qube_bringup' build argument 'cmake_force_configure' from command line to 'False'
[0.442s] Level 5:colcon.colcon_core.verb:set package 'qube_bringup' build argument 'ament_cmake_args' from command line to 'None'
[0.442s] Level 5:colcon.colcon_core.verb:set package 'qube_bringup' build argument 'catkin_cmake_args' from command line to 'None'
[0.442s] Level 5:colcon.colcon_core.verb:set package 'qube_bringup' build argument 'catkin_skip_building_tests' from command line to 'False'
[0.442s] DEBUG:colcon.colcon_core.verb:Building package 'qube_bringup' with the following arguments: {'ament_cmake_args': None, 'build_base': '/home/ubuntu/ros2_ws/src/MiniProsjekt/build/qube_bringup', 'catkin_cmake_args': None, 'catkin_skip_building_tests': False, 'cmake_args': None, 'cmake_clean_cache': False, 'cmake_clean_first': False, 'cmake_force_configure': False, 'cmake_target': None, 'cmake_target_skip_unavailable': False, 'install_base': '/home/ubuntu/ros2_ws/src/MiniProsjekt/install/qube_bringup', 'merge_install': False, 'path': '/home/ubuntu/ros2_ws/src/MiniProsjekt/qube_bringup', 'symlink_install': False, 'test_result_base': None}
[0.442s] Level 5:colcon.colcon_core.verb:set package 'qube_controller' build argument 'cmake_args' from command line to 'None'
[0.443s] Level 5:colcon.colcon_core.verb:set package 'qube_controller' build argument 'cmake_target' from command line to 'None'
[0.443s] Level 5:colcon.colcon_core.verb:set package 'qube_controller' build argument 'cmake_target_skip_unavailable' from command line to 'False'
[0.443s] Level 5:colcon.colcon_core.verb:set package 'qube_controller' build argument 'cmake_clean_cache' from command line to 'False'
[0.443s] Level 5:colcon.colcon_core.verb:set package 'qube_controller' build argument 'cmake_clean_first' from command line to 'False'
[0.443s] Level 5:colcon.colcon_core.verb:set package 'qube_controller' build argument 'cmake_force_configure' from command line to 'False'
[0.443s] Level 5:colcon.colcon_core.verb:set package 'qube_controller' build argument 'ament_cmake_args' from command line to 'None'
[0.443s] Level 5:colcon.colcon_core.verb:set package 'qube_controller' build argument 'catkin_cmake_args' from command line to 'None'
[0.443s] Level 5:colcon.colcon_core.verb:set package 'qube_controller' build argument 'catkin_skip_building_tests' from command line to 'False'
[0.443s] DEBUG:colcon.colcon_core.verb:Building package 'qube_controller' with the following arguments: {'ament_cmake_args': None, 'build_base': '/home/ubuntu/ros2_ws/src/MiniProsjekt/build/qube_controller', 'catkin_cmake_args': None, 'catkin_skip_building_tests': False, 'cmake_args': None, 'cmake_clean_cache': False, 'cmake_clean_first': False, 'cmake_force_configure': False, 'cmake_target': None, 'cmake_target_skip_unavailable': False, 'install_base': '/home/ubuntu/ros2_ws/src/MiniProsjekt/install/qube_controller', 'merge_install': False, 'path': '/home/ubuntu/ros2_ws/src/MiniProsjekt/qube_controller', 'symlink_install': False, 'test_result_base': None}
[0.443s] Level 5:colcon.colcon_core.verb:set package 'qube_description' build argument 'cmake_args' from command line to 'None'
[0.443s] Level 5:colcon.colcon_core.verb:set package 'qube_description' build argument 'cmake_target' from command line to 'None'
[0.443s] Level 5:colcon.colcon_core.verb:set package 'qube_description' build argument 'cmake_target_skip_unavailable' from command line to 'False'
[0.443s] Level 5:colcon.colcon_core.verb:set package 'qube_description' build argument 'cmake_clean_cache' from command line to 'False'
[0.443s] Level 5:colcon.colcon_core.verb:set package 'qube_description' build argument 'cmake_clean_first' from command line to 'False'
[0.443s] Level 5:colcon.colcon_core.verb:set package 'qube_description' build argument 'cmake_force_configure' from command line to 'False'
[0.443s] Level 5:colcon.colcon_core.verb:set package 'qube_description' build argument 'ament_cmake_args' from command line to 'None'
[0.443s] Level 5:colcon.colcon_core.verb:set package 'qube_description' build argument 'catkin_cmake_args' from command line to 'None'
[0.443s] Level 5:colcon.colcon_core.verb:set package 'qube_description' build argument 'catkin_skip_building_tests' from command line to 'False'
[0.443s] DEBUG:colcon.colcon_core.verb:Building package 'qube_description' with the following arguments: {'ament_cmake_args': None, 'build_base': '/home/ubuntu/ros2_ws/src/MiniProsjekt/build/qube_description', 'catkin_cmake_args': None, 'catkin_skip_building_tests': False, 'cmake_args': None, 'cmake_clean_cache': False, 'cmake_clean_first': False, 'cmake_force_configure': False, 'cmake_target': None, 'cmake_target_skip_unavailable': False, 'install_base': '/home/ubuntu/ros2_ws/src/MiniProsjekt/install/qube_description', 'merge_install': False, 'path': '/home/ubuntu/ros2_ws/src/MiniProsjekt/qube_description', 'symlink_install': False, 'test_result_base': None}
[0.443s] Level 5:colcon.colcon_core.verb:set package 'qube_driver' build argument 'cmake_args' from command line to 'None'
[0.443s] Level 5:colcon.colcon_core.verb:set package 'qube_driver' build argument 'cmake_target' from command line to 'None'
[0.443s] Level 5:colcon.colcon_core.verb:set package 'qube_driver' build argument 'cmake_target_skip_unavailable' from command line to 'False'
[0.443s] Level 5:colcon.colcon_core.verb:set package 'qube_driver' build argument 'cmake_clean_cache' from command line to 'False'
[0.443s] Level 5:colcon.colcon_core.verb:set package 'qube_driver' build argument 'cmake_clean_first' from command line to 'False'
[0.443s] Level 5:colcon.colcon_core.verb:set package 'qube_driver' build argument 'cmake_force_configure' from command line to 'False'
[0.443s] Level 5:colcon.colcon_core.verb:set package 'qube_driver' build argument 'ament_cmake_args' from command line to 'None'
[0.444s] Level 5:colcon.colcon_core.verb:set package 'qube_driver' build argument 'catkin_cmake_args' from command line to 'None'
[0.444s] Level 5:colcon.colcon_core.verb:set package 'qube_driver' build argument 'catkin_skip_building_tests' from command line to 'False'
[0.444s] DEBUG:colcon.colcon_core.verb:Building package 'qube_driver' with the following arguments: {'ament_cmake_args': None, 'build_base': '/home/ubuntu/ros2_ws/src/MiniProsjekt/build/qube_driver', 'catkin_cmake_args': None, 'catkin_skip_building_tests': False, 'cmake_args': None, 'cmake_clean_cache': False, 'cmake_clean_first': False, 'cmake_force_configure': False, 'cmake_target': None, 'cmake_target_skip_unavailable': False, 'install_base': '/home/ubuntu/ros2_ws/src/MiniProsjekt/install/qube_driver', 'merge_install': False, 'path': '/home/ubuntu/ros2_ws/src/MiniProsjekt/qube_driver', 'symlink_install': False, 'test_result_base': None}
[0.444s] INFO:colcon.colcon_core.executor:Executing jobs using 'parallel' executor
[0.445s] DEBUG:colcon.colcon_parallel_executor.executor.parallel:run_until_complete
[0.445s] INFO:colcon.colcon_ros.task.ament_python.build:Building ROS package in '/home/ubuntu/ros2_ws/src/MiniProsjekt/qube_bringup' with build type 'ament_python'
[0.445s] Level 1:colcon.colcon_core.shell:create_environment_hook('qube_bringup', 'ament_prefix_path')
[0.451s] INFO:colcon.colcon_core.plugin_system:Skipping extension 'colcon_core.shell.bat': Not used on non-Windows systems
[0.452s] INFO:colcon.colcon_core.shell:Creating environment hook '/home/ubuntu/ros2_ws/src/MiniProsjekt/install/qube_bringup/share/qube_bringup/hook/ament_prefix_path.ps1'
[0.454s] INFO:colcon.colcon_core.shell:Creating environment descriptor '/home/ubuntu/ros2_ws/src/MiniProsjekt/install/qube_bringup/share/qube_bringup/hook/ament_prefix_path.dsv'
[0.455s] INFO:colcon.colcon_core.shell:Creating environment hook '/home/ubuntu/ros2_ws/src/MiniProsjekt/install/qube_bringup/share/qube_bringup/hook/ament_prefix_path.sh'
[0.456s] INFO:colcon.colcon_core.shell:Skip shell extension 'powershell' for command environment: Not usable outside of PowerShell
[0.456s] DEBUG:colcon.colcon_core.shell:Skip shell extension 'dsv' for command environment
[0.462s] INFO:colcon.colcon_ros.task.ament_python.build:Building ROS package in '/home/ubuntu/ros2_ws/src/MiniProsjekt/qube_controller' with build type 'ament_python'
[0.462s] Level 1:colcon.colcon_core.shell:create_environment_hook('qube_controller', 'ament_prefix_path')
[0.462s] INFO:colcon.colcon_core.shell:Creating environment hook '/home/ubuntu/ros2_ws/src/MiniProsjekt/install/qube_controller/share/qube_controller/hook/ament_prefix_path.ps1'
[0.463s] INFO:colcon.colcon_core.shell:Creating environment descriptor '/home/ubuntu/ros2_ws/src/MiniProsjekt/install/qube_controller/share/qube_controller/hook/ament_prefix_path.dsv'
[0.464s] INFO:colcon.colcon_core.shell:Creating environment hook '/home/ubuntu/ros2_ws/src/MiniProsjekt/install/qube_controller/share/qube_controller/hook/ament_prefix_path.sh'
[0.464s] INFO:colcon.colcon_core.shell:Skip shell extension 'powershell' for command environment: Not usable outside of PowerShell
[0.464s] DEBUG:colcon.colcon_core.shell:Skip shell extension 'dsv' for command environment
[0.467s] INFO:colcon.colcon_ros.task.ament_python.build:Building ROS package in '/home/ubuntu/ros2_ws/src/MiniProsjekt/qube_description' with build type 'ament_python'
[0.467s] Level 1:colcon.colcon_core.shell:create_environment_hook('qube_description', 'ament_prefix_path')
[0.467s] INFO:colcon.colcon_core.shell:Creating environment hook '/home/ubuntu/ros2_ws/src/MiniProsjekt/install/qube_description/share/qube_description/hook/ament_prefix_path.ps1'
[0.468s] INFO:colcon.colcon_core.shell:Creating environment descriptor '/home/ubuntu/ros2_ws/src/MiniProsjekt/install/qube_description/share/qube_description/hook/ament_prefix_path.dsv'
[0.468s] INFO:colcon.colcon_core.shell:Creating environment hook '/home/ubuntu/ros2_ws/src/MiniProsjekt/install/qube_description/share/qube_description/hook/ament_prefix_path.sh'
[0.469s] INFO:colcon.colcon_core.shell:Skip shell extension 'powershell' for command environment: Not usable outside of PowerShell
[0.469s] DEBUG:colcon.colcon_core.shell:Skip shell extension 'dsv' for command environment
[0.472s] INFO:colcon.colcon_ros.task.ament_cmake.build:Building ROS package in '/home/ubuntu/ros2_ws/src/MiniProsjekt/qube_driver' with build type 'ament_cmake'
[0.472s] INFO:colcon.colcon_cmake.task.cmake.build:Building CMake package in '/home/ubuntu/ros2_ws/src/MiniProsjekt/qube_driver'
[0.472s] INFO:colcon.colcon_core.shell:Skip shell extension 'powershell' for command environment: Not usable outside of PowerShell
[0.472s] DEBUG:colcon.colcon_core.shell:Skip shell extension 'dsv' for command environment
[0.739s] INFO:colcon.colcon_core.task.python.build:Building Python package in '/home/ubuntu/ros2_ws/src/MiniProsjekt/qube_bringup'
[0.739s] INFO:colcon.colcon_core.shell:Skip shell extension 'powershell' for command environment: Not usable outside of PowerShell
[0.739s] DEBUG:colcon.colcon_core.shell:Skip shell extension 'dsv' for command environment
[1.005s] INFO:colcon.colcon_core.task.python.build:Building Python package in '/home/ubuntu/ros2_ws/src/MiniProsjekt/qube_controller'
[1.005s] INFO:colcon.colcon_core.shell:Skip shell extension 'powershell' for command environment: Not usable outside of PowerShell
[1.005s] DEBUG:colcon.colcon_core.shell:Skip shell extension 'dsv' for command environment
[1.290s] INFO:colcon.colcon_core.task.python.build:Building Python package in '/home/ubuntu/ros2_ws/src/MiniProsjekt/qube_description'
[1.290s] INFO:colcon.colcon_core.shell:Skip shell extension 'powershell' for command environment: Not usable outside of PowerShell
[1.290s] DEBUG:colcon.colcon_core.shell:Skip shell extension 'dsv' for command environment
[1.300s] DEBUG:colcon.colcon_core.event_handler.log_command:Invoking command in '/home/ubuntu/ros2_ws/src/MiniProsjekt/build/qube_driver': CMAKE_PREFIX_PATH=${CMAKE_PREFIX_PATH}:/home/ubuntu/ros2_ws/src/MiniProsjekt/install/qube_controller:/home/ubuntu/ros2_ws/src/MiniProsjekt/install/qube_description:/home/ubuntu/ros2_ws/src/MiniProsjekt/install/qube_bringup:/opt/ros/jazzy DEBUGINFOD_URLS=https://debuginfod.ubuntu.com /usr/bin/cmake --build /home/ubuntu/ros2_ws/src/MiniProsjekt/build/qube_driver -- -j4 -l4
[1.821s] DEBUG:colcon.colcon_core.event_handler.log_command:Invoked command in '/home/ubuntu/ros2_ws/src/MiniProsjekt/build/qube_driver' returned '0': CMAKE_PREFIX_PATH=${CMAKE_PREFIX_PATH}:/home/ubuntu/ros2_ws/src/MiniProsjekt/install/qube_controller:/home/ubuntu/ros2_ws/src/MiniProsjekt/install/qube_description:/home/ubuntu/ros2_ws/src/MiniProsjekt/install/qube_bringup:/opt/ros/jazzy DEBUGINFOD_URLS=https://debuginfod.ubuntu.com /usr/bin/cmake --build /home/ubuntu/ros2_ws/src/MiniProsjekt/build/qube_driver -- -j4 -l4
[1.836s] DEBUG:colcon.colcon_core.event_handler.log_command:Invoking command in '/home/ubuntu/ros2_ws/src/MiniProsjekt/build/qube_driver': CMAKE_PREFIX_PATH=${CMAKE_PREFIX_PATH}:/home/ubuntu/ros2_ws/src/MiniProsjekt/install/qube_controller:/home/ubuntu/ros2_ws/src/MiniProsjekt/install/qube_description:/home/ubuntu/ros2_ws/src/MiniProsjekt/install/qube_bringup:/opt/ros/jazzy DEBUGINFOD_URLS=https://debuginfod.ubuntu.com /usr/bin/cmake --install /home/ubuntu/ros2_ws/src/MiniProsjekt/build/qube_driver
[1.868s] Level 1:colcon.colcon_core.environment:create_environment_scripts_only(qube_driver)
[1.870s] DEBUG:colcon.colcon_core.event_handler.log_command:Invoked command in '/home/ubuntu/ros2_ws/src/MiniProsjekt/build/qube_driver' returned '0': CMAKE_PREFIX_PATH=${CMAKE_PREFIX_PATH}:/home/ubuntu/ros2_ws/src/MiniProsjekt/install/qube_controller:/home/ubuntu/ros2_ws/src/MiniProsjekt/install/qube_description:/home/ubuntu/ros2_ws/src/MiniProsjekt/install/qube_bringup:/opt/ros/jazzy DEBUGINFOD_URLS=https://debuginfod.ubuntu.com /usr/bin/cmake --install /home/ubuntu/ros2_ws/src/MiniProsjekt/build/qube_driver
[1.875s] Level 1:colcon.colcon_core.environment:checking '/home/ubuntu/ros2_ws/src/MiniProsjekt/install/qube_driver' for CMake module files
[1.876s] Level 1:colcon.colcon_core.environment:checking '/home/ubuntu/ros2_ws/src/MiniProsjekt/install/qube_driver' for CMake config files
[1.877s] Level 1:colcon.colcon_core.shell:create_environment_hook('qube_driver', 'cmake_prefix_path')
[1.877s] INFO:colcon.colcon_core.shell:Creating environment hook '/home/ubuntu/ros2_ws/src/MiniProsjekt/install/qube_driver/share/qube_driver/hook/cmake_prefix_path.ps1'
[1.878s] INFO:colcon.colcon_core.shell:Creating environment descriptor '/home/ubuntu/ros2_ws/src/MiniProsjekt/install/qube_driver/share/qube_driver/hook/cmake_prefix_path.dsv'
[1.878s] INFO:colcon.colcon_core.shell:Creating environment hook '/home/ubuntu/ros2_ws/src/MiniProsjekt/install/qube_driver/share/qube_driver/hook/cmake_prefix_path.sh'
[1.879s] Level 1:colcon.colcon_core.environment:checking '/home/ubuntu/ros2_ws/src/MiniProsjekt/install/qube_driver/lib'
[1.880s] Level 1:colcon.colcon_core.shell:create_environment_hook('qube_driver', 'ld_library_path_lib')
[1.880s] INFO:colcon.colcon_core.shell:Creating environment hook '/home/ubuntu/ros2_ws/src/MiniProsjekt/install/qube_driver/share/qube_driver/hook/ld_library_path_lib.ps1'
[1.881s] INFO:colcon.colcon_core.shell:Creating environment descriptor '/home/ubuntu/ros2_ws/src/MiniProsjekt/install/qube_driver/share/qube_driver/hook/ld_library_path_lib.dsv'
[1.881s] INFO:colcon.colcon_core.shell:Creating environment hook '/home/ubuntu/ros2_ws/src/MiniProsjekt/install/qube_driver/share/qube_driver/hook/ld_library_path_lib.sh'
[1.882s] Level 1:colcon.colcon_core.environment:checking '/home/ubuntu/ros2_ws/src/MiniProsjekt/install/qube_driver/bin'
[1.882s] Level 1:colcon.colcon_core.environment:checking '/home/ubuntu/ros2_ws/src/MiniProsjekt/install/qube_driver/lib/pkgconfig/qube_driver.pc'
[1.882s] Level 1:colcon.colcon_core.environment:checking '/home/ubuntu/ros2_ws/src/MiniProsjekt/install/qube_driver/lib/python3.12/site-packages'
[1.882s] Level 1:colcon.colcon_core.environment:checking '/home/ubuntu/ros2_ws/src/MiniProsjekt/install/qube_driver/bin'
[1.883s] INFO:colcon.colcon_core.shell:Creating package script '/home/ubuntu/ros2_ws/src/MiniProsjekt/install/qube_driver/share/qube_driver/package.ps1'
[1.885s] INFO:colcon.colcon_core.shell:Creating package descriptor '/home/ubuntu/ros2_ws/src/MiniProsjekt/install/qube_driver/share/qube_driver/package.dsv'
[1.886s] INFO:colcon.colcon_core.shell:Creating package script '/home/ubuntu/ros2_ws/src/MiniProsjekt/install/qube_driver/share/qube_driver/package.sh'
[1.887s] INFO:colcon.colcon_core.shell:Creating package script '/home/ubuntu/ros2_ws/src/MiniProsjekt/install/qube_driver/share/qube_driver/package.bash'
[1.888s] INFO:colcon.colcon_core.shell:Creating package script '/home/ubuntu/ros2_ws/src/MiniProsjekt/install/qube_driver/share/qube_driver/package.zsh'
[1.889s] Level 1:colcon.colcon_core.environment:create_file_with_runtime_dependencies(/home/ubuntu/ros2_ws/src/MiniProsjekt/install/qube_driver/share/colcon-core/packages/qube_driver)
[1.890s] Level 1:colcon.colcon_core.environment:create_environment_scripts_only(qube_driver)
[1.890s] Level 1:colcon.colcon_core.environment:checking '/home/ubuntu/ros2_ws/src/MiniProsjekt/install/qube_driver' for CMake module files
[1.891s] Level 1:colcon.colcon_core.environment:checking '/home/ubuntu/ros2_ws/src/MiniProsjekt/install/qube_driver' for CMake config files
[1.891s] Level 1:colcon.colcon_core.shell:create_environment_hook('qube_driver', 'cmake_prefix_path')
[1.892s] INFO:colcon.colcon_core.shell:Creating environment hook '/home/ubuntu/ros2_ws/src/MiniProsjekt/install/qube_driver/share/qube_driver/hook/cmake_prefix_path.ps1'
[1.892s] INFO:colcon.colcon_core.shell:Creating environment descriptor '/home/ubuntu/ros2_ws/src/MiniProsjekt/install/qube_driver/share/qube_driver/hook/cmake_prefix_path.dsv'
[1.893s] INFO:colcon.colcon_core.shell:Creating environment hook '/home/ubuntu/ros2_ws/src/MiniProsjekt/install/qube_driver/share/qube_driver/hook/cmake_prefix_path.sh'
[1.893s] Level 1:colcon.colcon_core.environment:checking '/home/ubuntu/ros2_ws/src/MiniProsjekt/install/qube_driver/lib'
[1.894s] Level 1:colcon.colcon_core.shell:create_environment_hook('qube_driver', 'ld_library_path_lib')
[1.894s] INFO:colcon.colcon_core.shell:Creating environment hook '/home/ubuntu/ros2_ws/src/MiniProsjekt/install/qube_driver/share/qube_driver/hook/ld_library_path_lib.ps1'
[1.894s] INFO:colcon.colcon_core.shell:Creating environment descriptor '/home/ubuntu/ros2_ws/src/MiniProsjekt/install/qube_driver/share/qube_driver/hook/ld_library_path_lib.dsv'
[1.895s] INFO:colcon.colcon_core.shell:Creating environment hook '/home/ubuntu/ros2_ws/src/MiniProsjekt/install/qube_driver/share/qube_driver/hook/ld_library_path_lib.sh'
[1.895s] Level 1:colcon.colcon_core.environment:checking '/home/ubuntu/ros2_ws/src/MiniProsjekt/install/qube_driver/bin'
[1.895s] Level 1:colcon.colcon_core.environment:checking '/home/ubuntu/ros2_ws/src/MiniProsjekt/install/qube_driver/lib/pkgconfig/qube_driver.pc'
[1.896s] Level 1:colcon.colcon_core.environment:checking '/home/ubuntu/ros2_ws/src/MiniProsjekt/install/qube_driver/lib/python3.12/site-packages'
[1.896s] Level 1:colcon.colcon_core.environment:checking '/home/ubuntu/ros2_ws/src/MiniProsjekt/install/qube_driver/bin'
[1.897s] INFO:colcon.colcon_core.shell:Creating package script '/home/ubuntu/ros2_ws/src/MiniProsjekt/install/qube_driver/share/qube_driver/package.ps1'
[1.897s] INFO:colcon.colcon_core.shell:Creating package descriptor '/home/ubuntu/ros2_ws/src/MiniProsjekt/install/qube_driver/share/qube_driver/package.dsv'
[1.898s] INFO:colcon.colcon_core.shell:Creating package script '/home/ubuntu/ros2_ws/src/MiniProsjekt/install/qube_driver/share/qube_driver/package.sh'
[1.899s] INFO:colcon.colcon_core.shell:Creating package script '/home/ubuntu/ros2_ws/src/MiniProsjekt/install/qube_driver/share/qube_driver/package.bash'
[1.899s] INFO:colcon.colcon_core.shell:Creating package script '/home/ubuntu/ros2_ws/src/MiniProsjekt/install/qube_driver/share/qube_driver/package.zsh'
[1.900s] Level 1:colcon.colcon_core.environment:create_file_with_runtime_dependencies(/home/ubuntu/ros2_ws/src/MiniProsjekt/install/qube_driver/share/colcon-core/packages/qube_driver)
[2.338s] DEBUG:colcon.colcon_core.event_handler.log_command:Invoking command in '/home/ubuntu/ros2_ws/src/MiniProsjekt/qube_bringup': DEBUGINFOD_URLS=https://debuginfod.ubuntu.com PYTHONPATH=/home/ubuntu/ros2_ws/src/MiniProsjekt/build/qube_bringup/prefix_override:/usr/lib/python3/dist-packages/colcon_core/task/python/colcon_distutils_commands:/home/ubuntu/ros2_ws/src/MiniProsjekt/install/qube_bringup/lib/python3.12/site-packages:${PYTHONPATH} /usr/bin/python3 -W ignore:setup.py install is deprecated -W ignore:easy_install command is deprecated setup.py egg_info --egg-base ../build/qube_bringup build --build-base /home/ubuntu/ros2_ws/src/MiniProsjekt/build/qube_bringup/build install --record /home/ubuntu/ros2_ws/src/MiniProsjekt/build/qube_bringup/install.log --single-version-externally-managed install_data
[2.473s] DEBUG:colcon.colcon_core.event_handler.log_command:Invoking command in '/home/ubuntu/ros2_ws/src/MiniProsjekt/qube_description': DEBUGINFOD_URLS=https://debuginfod.ubuntu.com PYTHONPATH=/home/ubuntu/ros2_ws/src/MiniProsjekt/build/qube_description/prefix_override:/usr/lib/python3/dist-packages/colcon_core/task/python/colcon_distutils_commands:/home/ubuntu/ros2_ws/src/MiniProsjekt/install/qube_description/lib/python3.12/site-packages:${PYTHONPATH} /usr/bin/python3 -W ignore:setup.py install is deprecated -W ignore:easy_install command is deprecated setup.py egg_info --egg-base ../build/qube_description build --build-base /home/ubuntu/ros2_ws/src/MiniProsjekt/build/qube_description/build install --record /home/ubuntu/ros2_ws/src/MiniProsjekt/build/qube_description/install.log --single-version-externally-managed install_data
[2.497s] DEBUG:colcon.colcon_core.event_handler.log_command:Invoking command in '/home/ubuntu/ros2_ws/src/MiniProsjekt/qube_controller': DEBUGINFOD_URLS=https://debuginfod.ubuntu.com PYTHONPATH=/home/ubuntu/ros2_ws/src/MiniProsjekt/build/qube_controller/prefix_override:/usr/lib/python3/dist-packages/colcon_core/task/python/colcon_distutils_commands:/home/ubuntu/ros2_ws/src/MiniProsjekt/install/qube_controller/lib/python3.12/site-packages:${PYTHONPATH} /usr/bin/python3 -W ignore:setup.py install is deprecated -W ignore:easy_install command is deprecated setup.py egg_info --egg-base ../build/qube_controller build --build-base /home/ubuntu/ros2_ws/src/MiniProsjekt/build/qube_controller/build install --record /home/ubuntu/ros2_ws/src/MiniProsjekt/build/qube_controller/install.log --single-version-externally-managed install_data
[3.156s] Level 1:colcon.colcon_core.environment:checking '/home/ubuntu/ros2_ws/src/MiniProsjekt/install/qube_controller' for CMake module files
[3.157s] DEBUG:colcon.colcon_core.event_handler.log_command:Invoked command in '/home/ubuntu/ros2_ws/src/MiniProsjekt/qube_controller' returned '0': DEBUGINFOD_URLS=https://debuginfod.ubuntu.com PYTHONPATH=/home/ubuntu/ros2_ws/src/MiniProsjekt/build/qube_controller/prefix_override:/usr/lib/python3/dist-packages/colcon_core/task/python/colcon_distutils_commands:/home/ubuntu/ros2_ws/src/MiniProsjekt/install/qube_controller/lib/python3.12/site-packages:${PYTHONPATH} /usr/bin/python3 -W ignore:setup.py install is deprecated -W ignore:easy_install command is deprecated setup.py egg_info --egg-base ../build/qube_controller build --build-base /home/ubuntu/ros2_ws/src/MiniProsjekt/build/qube_controller/build install --record /home/ubuntu/ros2_ws/src/MiniProsjekt/build/qube_controller/install.log --single-version-externally-managed install_data
[3.157s] Level 1:colcon.colcon_core.environment:checking '/home/ubuntu/ros2_ws/src/MiniProsjekt/install/qube_controller' for CMake config files
[3.158s] Level 1:colcon.colcon_core.environment:checking '/home/ubuntu/ros2_ws/src/MiniProsjekt/install/qube_controller/lib'
[3.158s] Level 1:colcon.colcon_core.environment:checking '/home/ubuntu/ros2_ws/src/MiniProsjekt/install/qube_controller/bin'
[3.158s] Level 1:colcon.colcon_core.environment:checking '/home/ubuntu/ros2_ws/src/MiniProsjekt/install/qube_controller/lib/pkgconfig/qube_controller.pc'
[3.159s] Level 1:colcon.colcon_core.environment:checking '/home/ubuntu/ros2_ws/src/MiniProsjekt/install/qube_controller/lib/python3.12/site-packages'
[3.159s] Level 1:colcon.colcon_core.shell:create_environment_hook('qube_controller', 'pythonpath')
[3.159s] INFO:colcon.colcon_core.shell:Creating environment hook '/home/ubuntu/ros2_ws/src/MiniProsjekt/install/qube_controller/share/qube_controller/hook/pythonpath.ps1'
[3.160s] INFO:colcon.colcon_core.shell:Creating environment descriptor '/home/ubuntu/ros2_ws/src/MiniProsjekt/install/qube_controller/share/qube_controller/hook/pythonpath.dsv'
[3.161s] INFO:colcon.colcon_core.shell:Creating environment hook '/home/ubuntu/ros2_ws/src/MiniProsjekt/install/qube_controller/share/qube_controller/hook/pythonpath.sh'
[3.162s] Level 1:colcon.colcon_core.environment:checking '/home/ubuntu/ros2_ws/src/MiniProsjekt/install/qube_controller/bin'
[3.162s] Level 1:colcon.colcon_core.environment:create_environment_scripts_only(qube_controller)
[3.163s] INFO:colcon.colcon_core.shell:Creating package script '/home/ubuntu/ros2_ws/src/MiniProsjekt/install/qube_controller/share/qube_controller/package.ps1'
[3.164s] INFO:colcon.colcon_core.shell:Creating package descriptor '/home/ubuntu/ros2_ws/src/MiniProsjekt/install/qube_controller/share/qube_controller/package.dsv'
[3.165s] INFO:colcon.colcon_core.shell:Creating package script '/home/ubuntu/ros2_ws/src/MiniProsjekt/install/qube_controller/share/qube_controller/package.sh'
[3.166s] INFO:colcon.colcon_core.shell:Creating package script '/home/ubuntu/ros2_ws/src/MiniProsjekt/install/qube_controller/share/qube_controller/package.bash'
[3.166s] INFO:colcon.colcon_core.shell:Creating package script '/home/ubuntu/ros2_ws/src/MiniProsjekt/install/qube_controller/share/qube_controller/package.zsh'
[3.167s] Level 1:colcon.colcon_core.environment:create_file_with_runtime_dependencies(/home/ubuntu/ros2_ws/src/MiniProsjekt/install/qube_controller/share/colcon-core/packages/qube_controller)
[3.305s] Level 1:colcon.colcon_core.environment:checking '/home/ubuntu/ros2_ws/src/MiniProsjekt/install/qube_bringup' for CMake module files
[3.305s] DEBUG:colcon.colcon_core.event_handler.log_command:Invoked command in '/home/ubuntu/ros2_ws/src/MiniProsjekt/qube_bringup' returned '0': DEBUGINFOD_URLS=https://debuginfod.ubuntu.com PYTHONPATH=/home/ubuntu/ros2_ws/src/MiniProsjekt/build/qube_bringup/prefix_override:/usr/lib/python3/dist-packages/colcon_core/task/python/colcon_distutils_commands:/home/ubuntu/ros2_ws/src/MiniProsjekt/install/qube_bringup/lib/python3.12/site-packages:${PYTHONPATH} /usr/bin/python3 -W ignore:setup.py install is deprecated -W ignore:easy_install command is deprecated setup.py egg_info --egg-base ../build/qube_bringup build --build-base /home/ubuntu/ros2_ws/src/MiniProsjekt/build/qube_bringup/build install --record /home/ubuntu/ros2_ws/src/MiniProsjekt/build/qube_bringup/install.log --single-version-externally-managed install_data
[3.306s] Level 1:colcon.colcon_core.environment:checking '/home/ubuntu/ros2_ws/src/MiniProsjekt/install/qube_bringup' for CMake config files
[3.307s] Level 1:colcon.colcon_core.environment:checking '/home/ubuntu/ros2_ws/src/MiniProsjekt/install/qube_bringup/lib'
[3.307s] Level 1:colcon.colcon_core.environment:checking '/home/ubuntu/ros2_ws/src/MiniProsjekt/install/qube_bringup/bin'
[3.307s] Level 1:colcon.colcon_core.environment:checking '/home/ubuntu/ros2_ws/src/MiniProsjekt/install/qube_bringup/lib/pkgconfig/qube_bringup.pc'
[3.308s] Level 1:colcon.colcon_core.environment:checking '/home/ubuntu/ros2_ws/src/MiniProsjekt/install/qube_bringup/lib/python3.12/site-packages'
[3.308s] Level 1:colcon.colcon_core.shell:create_environment_hook('qube_bringup', 'pythonpath')
[3.308s] INFO:colcon.colcon_core.shell:Creating environment hook '/home/ubuntu/ros2_ws/src/MiniProsjekt/install/qube_bringup/share/qube_bringup/hook/pythonpath.ps1'
[3.308s] INFO:colcon.colcon_core.shell:Creating environment descriptor '/home/ubuntu/ros2_ws/src/MiniProsjekt/install/qube_bringup/share/qube_bringup/hook/pythonpath.dsv'
[3.309s] INFO:colcon.colcon_core.shell:Creating environment hook '/home/ubuntu/ros2_ws/src/MiniProsjekt/install/qube_bringup/share/qube_bringup/hook/pythonpath.sh'
[3.309s] Level 1:colcon.colcon_core.environment:checking '/home/ubuntu/ros2_ws/src/MiniProsjekt/install/qube_bringup/bin'
[3.309s] Level 1:colcon.colcon_core.environment:create_environment_scripts_only(qube_bringup)
[3.309s] INFO:colcon.colcon_core.shell:Creating package script '/home/ubuntu/ros2_ws/src/MiniProsjekt/install/qube_bringup/share/qube_bringup/package.ps1'
[3.310s] INFO:colcon.colcon_core.shell:Creating package descriptor '/home/ubuntu/ros2_ws/src/MiniProsjekt/install/qube_bringup/share/qube_bringup/package.dsv'
[3.310s] INFO:colcon.colcon_core.shell:Creating package script '/home/ubuntu/ros2_ws/src/MiniProsjekt/install/qube_bringup/share/qube_bringup/package.sh'
[3.311s] INFO:colcon.colcon_core.shell:Creating package script '/home/ubuntu/ros2_ws/src/MiniProsjekt/install/qube_bringup/share/qube_bringup/package.bash'
[3.311s] INFO:colcon.colcon_core.shell:Creating package script '/home/ubuntu/ros2_ws/src/MiniProsjekt/install/qube_bringup/share/qube_bringup/package.zsh'
[3.311s] Level 1:colcon.colcon_core.environment:create_file_with_runtime_dependencies(/home/ubuntu/ros2_ws/src/MiniProsjekt/install/qube_bringup/share/colcon-core/packages/qube_bringup)
[3.405s] Level 1:colcon.colcon_core.environment:checking '/home/ubuntu/ros2_ws/src/MiniProsjekt/install/qube_description' for CMake module files
[3.406s] DEBUG:colcon.colcon_core.event_handler.log_command:Invoked command in '/home/ubuntu/ros2_ws/src/MiniProsjekt/qube_description' returned '0': DEBUGINFOD_URLS=https://debuginfod.ubuntu.com PYTHONPATH=/home/ubuntu/ros2_ws/src/MiniProsjekt/build/qube_description/prefix_override:/usr/lib/python3/dist-packages/colcon_core/task/python/colcon_distutils_commands:/home/ubuntu/ros2_ws/src/MiniProsjekt/install/qube_description/lib/python3.12/site-packages:${PYTHONPATH} /usr/bin/python3 -W ignore:setup.py install is deprecated -W ignore:easy_install command is deprecated setup.py egg_info --egg-base ../build/qube_description build --build-base /home/ubuntu/ros2_ws/src/MiniProsjekt/build/qube_description/build install --record /home/ubuntu/ros2_ws/src/MiniProsjekt/build/qube_description/install.log --single-version-externally-managed install_data
[3.406s] Level 1:colcon.colcon_core.environment:checking '/home/ubuntu/ros2_ws/src/MiniProsjekt/install/qube_description' for CMake config files
[3.408s] Level 1:colcon.colcon_core.environment:checking '/home/ubuntu/ros2_ws/src/MiniProsjekt/install/qube_description/lib'
[3.408s] Level 1:colcon.colcon_core.environment:checking '/home/ubuntu/ros2_ws/src/MiniProsjekt/install/qube_description/bin'
[3.408s] Level 1:colcon.colcon_core.environment:checking '/home/ubuntu/ros2_ws/src/MiniProsjekt/install/qube_description/lib/pkgconfig/qube_description.pc'
[3.408s] Level 1:colcon.colcon_core.environment:checking '/home/ubuntu/ros2_ws/src/MiniProsjekt/install/qube_description/lib/python3.12/site-packages'
[3.408s] Level 1:colcon.colcon_core.shell:create_environment_hook('qube_description', 'pythonpath')
[3.409s] INFO:colcon.colcon_core.shell:Creating environment hook '/home/ubuntu/ros2_ws/src/MiniProsjekt/install/qube_description/share/qube_description/hook/pythonpath.ps1'
[3.409s] INFO:colcon.colcon_core.shell:Creating environment descriptor '/home/ubuntu/ros2_ws/src/MiniProsjekt/install/qube_description/share/qube_description/hook/pythonpath.dsv'
[3.410s] INFO:colcon.colcon_core.shell:Creating environment hook '/home/ubuntu/ros2_ws/src/MiniProsjekt/install/qube_description/share/qube_description/hook/pythonpath.sh'
[3.410s] Level 1:colcon.colcon_core.environment:checking '/home/ubuntu/ros2_ws/src/MiniProsjekt/install/qube_description/bin'
[3.410s] Level 1:colcon.colcon_core.environment:create_environment_scripts_only(qube_description)
[3.411s] INFO:colcon.colcon_core.shell:Creating package script '/home/ubuntu/ros2_ws/src/MiniProsjekt/install/qube_description/share/qube_description/package.ps1'
[3.411s] INFO:colcon.colcon_core.shell:Creating package descriptor '/home/ubuntu/ros2_ws/src/MiniProsjekt/install/qube_description/share/qube_description/package.dsv'
[3.412s] INFO:colcon.colcon_core.shell:Creating package script '/home/ubuntu/ros2_ws/src/MiniProsjekt/install/qube_description/share/qube_description/package.sh'
[3.412s] INFO:colcon.colcon_core.shell:Creating package script '/home/ubuntu/ros2_ws/src/MiniProsjekt/install/qube_description/share/qube_description/package.bash'
[3.412s] INFO:colcon.colcon_core.shell:Creating package script '/home/ubuntu/ros2_ws/src/MiniProsjekt/install/qube_description/share/qube_description/package.zsh'
[3.413s] Level 1:colcon.colcon_core.environment:create_file_with_runtime_dependencies(/home/ubuntu/ros2_ws/src/MiniProsjekt/install/qube_description/share/colcon-core/packages/qube_description)
[3.413s] DEBUG:colcon.colcon_parallel_executor.executor.parallel:closing loop
[3.413s] DEBUG:colcon.colcon_parallel_executor.executor.parallel:loop closed
[3.414s] DEBUG:colcon.colcon_parallel_executor.executor.parallel:run_until_complete finished with '0'
[3.414s] DEBUG:colcon.colcon_core.event_reactor:joining thread
[3.427s] INFO:colcon.colcon_core.plugin_system:Skipping extension 'colcon_notification.desktop_notification.terminal_notifier': Not used on non-Darwin systems
[3.427s] INFO:colcon.colcon_core.plugin_system:Skipping extension 'colcon_notification.desktop_notification.win32': Not used on non-Windows systems
[3.427s] INFO:colcon.colcon_notification.desktop_notification:Sending desktop notification using 'notify2'
[3.492s] DEBUG:colcon.colcon_core.event_reactor:joined thread
[3.493s] INFO:colcon.colcon_core.shell:Creating prefix script '/home/ubuntu/ros2_ws/src/MiniProsjekt/install/local_setup.ps1'
[3.495s] INFO:colcon.colcon_core.shell:Creating prefix util module '/home/ubuntu/ros2_ws/src/MiniProsjekt/install/_local_setup_util_ps1.py'
[3.498s] INFO:colcon.colcon_core.shell:Creating prefix chain script '/home/ubuntu/ros2_ws/src/MiniProsjekt/install/setup.ps1'
[3.501s] INFO:colcon.colcon_core.shell:Creating prefix script '/home/ubuntu/ros2_ws/src/MiniProsjekt/install/local_setup.sh'
[3.503s] INFO:colcon.colcon_core.shell:Creating prefix util module '/home/ubuntu/ros2_ws/src/MiniProsjekt/install/_local_setup_util_sh.py'
[3.504s] INFO:colcon.colcon_core.shell:Creating prefix chain script '/home/ubuntu/ros2_ws/src/MiniProsjekt/install/setup.sh'
[3.507s] INFO:colcon.colcon_core.shell:Creating prefix script '/home/ubuntu/ros2_ws/src/MiniProsjekt/install/local_setup.bash'
[3.509s] INFO:colcon.colcon_core.shell:Creating prefix chain script '/home/ubuntu/ros2_ws/src/MiniProsjekt/install/setup.bash'
[3.510s] INFO:colcon.colcon_core.shell:Creating prefix script '/home/ubuntu/ros2_ws/src/MiniProsjekt/install/local_setup.zsh'
[3.511s] INFO:colcon.colcon_core.shell:Creating prefix chain script '/home/ubuntu/ros2_ws/src/MiniProsjekt/install/setup.zsh'
